INFO:__main__:Dataset of dimension  = (1000, 8)
INFO:__main__:Number of components to be estimated=36 corresponding to 8 main effects and 28 interaction effects

INFO:__main__:Number of active components  is 12 out of 36

INFO:__main__:Dataset 0, rmse=6.8894, mae=5.5760, r2=-0.7807
INFO:__main__:
Results over 1 datasets : rmse=6.8894+/-0.0000, mae=5.5760+/-0.0000,r2=-0.7807+/-0.0000
INFO:__main__:Number of active components  is 12.0000+/-0.0000 out of 36

INFO:__main__:Number of active components  is 14 out of 36

INFO:__main__:Dataset 1, rmse=7.4865, mae=6.0979, r2=-0.7202
INFO:__main__:
Results over 2 datasets : rmse=7.1880+/-0.2985, mae=5.8370+/-0.2609,r2=-0.7504+/-0.0303
INFO:__main__:Number of active components  is 13.0000+/-1.0000 out of 36

INFO:__main__:Number of active components  is 10 out of 36

INFO:__main__:Dataset 2, rmse=7.3575, mae=5.9828, r2=-0.8102
INFO:__main__:
Results over 3 datasets : rmse=7.2445+/-0.2565, mae=5.8856+/-0.2239,r2=-0.7704+/-0.0375
INFO:__main__:Number of active components  is 12.0000+/-1.6330 out of 36

INFO:__main__:Number of active components  is 18 out of 36

INFO:__main__:Dataset 3, rmse=7.2071, mae=5.8627, r2=-0.8108
INFO:__main__:
Results over 4 datasets : rmse=7.2351+/-0.2227, mae=5.8799+/-0.1941,r2=-0.7805+/-0.0369
INFO:__main__:Number of active components  is 13.5000+/-2.9580 out of 36

INFO:__main__:Number of active components  is 17 out of 36

INFO:__main__:Dataset 4, rmse=7.4627, mae=6.1152, r2=-0.6185
INFO:__main__:
Results over 5 datasets : rmse=7.2806+/-0.2190, mae=5.9269+/-0.1975,r2=-0.7481+/-0.0727
INFO:__main__:Number of active components  is 14.2000+/-2.9933 out of 36

INFO:__main__:Dataset of dimension  = (1000, 8)
INFO:__main__:Number of components to be estimated=36 corresponding to 8 main effects and 28 interaction effects

INFO:__main__:Number of active components  is 12 out of 36

INFO:__main__:Dataset 0, rmse=6.8775, mae=5.5701, r2=-0.7746
INFO:__main__:
Results over 1 datasets : rmse=6.8775+/-0.0000, mae=5.5701+/-0.0000,r2=-0.7746+/-0.0000
INFO:__main__:Number of active components  is 12.0000+/-0.0000 out of 36

INFO:__main__:Number of active components  is 13 out of 36

INFO:__main__:Dataset 1, rmse=7.4578, mae=6.0765, r2=-0.7070
INFO:__main__:
Results over 2 datasets : rmse=7.1676+/-0.2901, mae=5.8233+/-0.2532,r2=-0.7408+/-0.0338
INFO:__main__:Number of active components  is 12.5000+/-0.5000 out of 36

INFO:__main__:Number of active components  is 10 out of 36

INFO:__main__:Dataset 2, rmse=7.3589, mae=5.9822, r2=-0.8109
INFO:__main__:
Results over 3 datasets : rmse=7.2314+/-0.2535, mae=5.8763+/-0.2199,r2=-0.7642+/-0.0431
INFO:__main__:Number of active components  is 11.6667+/-1.2472 out of 36

INFO:__main__:Number of active components  is 18 out of 36

INFO:__main__:Dataset 3, rmse=7.2264, mae=5.8783, r2=-0.8205
INFO:__main__:
Results over 4 datasets : rmse=7.2301+/-0.2195, mae=5.8768+/-0.1904,r2=-0.7782+/-0.0446
INFO:__main__:Number of active components  is 13.2500+/-2.9475 out of 36

INFO:__main__:Number of active components  is 17 out of 36

INFO:__main__:Dataset 4, rmse=7.4603, mae=6.1134, r2=-0.6174
INFO:__main__:
Results over 5 datasets : rmse=7.2762+/-0.2169, mae=5.9241+/-0.1949,r2=-0.7461+/-0.0757
INFO:__main__:Number of active components  is 14.0000+/-3.0332 out of 36

INFO:__main__:Dataset of dimension  = (1000, 8)
INFO:__main__:Number of components to be estimated=36 corresponding to 8 main effects and 28 interaction effects

INFO:__main__:Number of active components  is 12 out of 36

INFO:__main__:Dataset 0, rmse=6.9068, mae=5.5980, r2=-0.7897
INFO:__main__:
Results over 1 datasets : rmse=6.9068+/-0.0000, mae=5.5980+/-0.0000,r2=-0.7897+/-0.0000
INFO:__main__:Number of active components  is 12.0000+/-0.0000 out of 36

INFO:__main__:Number of active components  is 14 out of 36

INFO:__main__:Dataset 1, rmse=7.4690, mae=6.0851, r2=-0.7121
INFO:__main__:
Results over 2 datasets : rmse=7.1879+/-0.2811, mae=5.8416+/-0.2436,r2=-0.7509+/-0.0388
INFO:__main__:Number of active components  is 13.0000+/-1.0000 out of 36

INFO:__main__:Number of active components  is 10 out of 36

INFO:__main__:Dataset 2, rmse=7.3584, mae=5.9830, r2=-0.8107
INFO:__main__:
Results over 3 datasets : rmse=7.2447+/-0.2432, mae=5.8887+/-0.2097,r2=-0.7708+/-0.0424
INFO:__main__:Number of active components  is 12.0000+/-1.6330 out of 36

INFO:__main__:Number of active components  is 14 out of 36

INFO:__main__:Dataset 3, rmse=7.1811, mae=5.8437, r2=-0.7977
INFO:__main__:
Results over 4 datasets : rmse=7.2288+/-0.2124, mae=5.8775+/-0.1827,r2=-0.7776+/-0.0385
INFO:__main__:Number of active components  is 12.5000+/-1.6583 out of 36

INFO:__main__:Number of active components  is 16 out of 36

INFO:__main__:Dataset 4, rmse=7.4986, mae=6.1427, r2=-0.6341
INFO:__main__:
Results over 5 datasets : rmse=7.2828+/-0.2185, mae=5.9305+/-0.1948,r2=-0.7489+/-0.0669
INFO:__main__:Number of active components  is 13.2000+/-2.0396 out of 36

INFO:__main__:Dataset of dimension  = (306, 6)
INFO:__main__:Number of components to be estimated=21 corresponding to 6 main effects and 15 interaction effects

INFO:__main__:Number of active components  is 1 out of 21

INFO:__main__:Dataset 0, rmse=5.0307, mae=3.8348, r2=0.9126
INFO:__main__:
Results over 1 datasets : rmse=5.0307+/-0.0000, mae=3.8348+/-0.0000,r2=0.9126+/-0.0000
INFO:__main__:Number of active components  is 1.0000+/-0.0000 out of 21

INFO:__main__:Number of active components  is 3 out of 21

INFO:__main__:Dataset 1, rmse=4.1778, mae=3.5556, r2=0.9323
INFO:__main__:
Results over 2 datasets : rmse=4.6042+/-0.4264, mae=3.6952+/-0.1396,r2=0.9224+/-0.0098
INFO:__main__:Number of active components  is 2.0000+/-1.0000 out of 21

INFO:__main__:Number of active components  is 3 out of 21

INFO:__main__:Dataset 2, rmse=3.9535, mae=3.4381, r2=0.9184
INFO:__main__:
Results over 3 datasets : rmse=4.3873+/-0.4640, mae=3.6095+/-0.1664,r2=0.9211+/-0.0083
INFO:__main__:Number of active components  is 2.3333+/-0.9428 out of 21

INFO:__main__:Number of active components  is 3 out of 21

INFO:__main__:Dataset 3, rmse=3.4332, mae=2.9916, r2=0.8851
INFO:__main__:
Results over 4 datasets : rmse=4.1488+/-0.5764, mae=3.4550+/-0.3039,r2=0.9121+/-0.0172
INFO:__main__:Number of active components  is 2.5000+/-0.8660 out of 21

INFO:__main__:Number of active components  is 3 out of 21

INFO:__main__:Dataset 4, rmse=4.2089, mae=3.4563, r2=0.9334
INFO:__main__:
Results over 5 datasets : rmse=4.1608+/-0.5161, mae=3.4553+/-0.2718,r2=0.9163+/-0.0175
INFO:__main__:Number of active components  is 2.6000+/-0.8000 out of 21

INFO:__main__:Dataset of dimension  = (306, 6)
INFO:__main__:Number of components to be estimated=21 corresponding to 6 main effects and 15 interaction effects

INFO:__main__:Number of active components  is 1 out of 21

INFO:__main__:Dataset 0, rmse=5.0307, mae=3.8348, r2=0.9126
INFO:__main__:
Results over 1 datasets : rmse=5.0307+/-0.0000, mae=3.8348+/-0.0000,r2=0.9126+/-0.0000
INFO:__main__:Number of active components  is 1.0000+/-0.0000 out of 21

INFO:__main__:Number of active components  is 3 out of 21

INFO:__main__:Dataset 1, rmse=4.1333, mae=3.5092, r2=0.9337
INFO:__main__:
Results over 2 datasets : rmse=4.5820+/-0.4487, mae=3.6720+/-0.1628,r2=0.9232+/-0.0105
INFO:__main__:Number of active components  is 2.0000+/-1.0000 out of 21

INFO:__main__:Number of active components  is 3 out of 21

INFO:__main__:Dataset 2, rmse=3.9526, mae=3.4273, r2=0.9184
INFO:__main__:
Results over 3 datasets : rmse=4.3722+/-0.4714, mae=3.5904+/-0.1760,r2=0.9216+/-0.0089
INFO:__main__:Number of active components  is 2.3333+/-0.9428 out of 21

INFO:__main__:Number of active components  is 3 out of 21

INFO:__main__:Dataset 3, rmse=3.4529, mae=3.0092, r2=0.8837
INFO:__main__:
Results over 4 datasets : rmse=4.1424+/-0.5702, mae=3.4451+/-0.2942,r2=0.9121+/-0.0181
INFO:__main__:Number of active components  is 2.5000+/-0.8660 out of 21

INFO:__main__:Number of active components  is 3 out of 21

INFO:__main__:Dataset 4, rmse=4.2419, mae=3.4704, r2=0.9323
INFO:__main__:
Results over 5 datasets : rmse=4.1623+/-0.5116, mae=3.4502+/-0.2634,r2=0.9162+/-0.0181
INFO:__main__:Number of active components  is 2.6000+/-0.8000 out of 21

