INFO:__main__:Method lgbayescos running...

INFO:__main__:Dataset autompg of dimension  = (392, 7)
INFO:__main__:Number of components to be estimated=28 corresponding to 7 main effects and 21 interaction effects

INFO:__main__:Fold 0, rmse=2.5201, mae=1.8744, r2=0.9007, coverage mean +/- 2.std =0.7722, coverage equal tailed 0.9 interval = 0.7848 
INFO:__main__:Number of active components (giving 99% of the energy) is 6 out of 28

INFO:__main__:
Results over 1 folds : rmse=2.5201+/-0.0000, mae=1.8744+/-0.0000, r2=0.9007+/-0.0000, Coverage1=0.7722+/-0.0000, Coverage2=0.7848+/-0.0000
INFO:__main__:Fold 1, rmse=2.4820, mae=1.7714, r2=0.8867, coverage mean +/- 2.std =0.7595, coverage equal tailed 0.9 interval = 0.7595 
INFO:__main__:Number of active components (giving 99% of the energy) is 9 out of 28

INFO:__main__:
Results over 2 folds : rmse=2.5010+/-0.0190, mae=1.8229+/-0.0515, r2=0.8937+/-0.0070, Coverage1=0.7658+/-0.0063, Coverage2=0.7722+/-0.0127
INFO:__main__:Fold 2, rmse=2.5156, mae=1.9827, r2=0.8850, coverage mean +/- 2.std =0.6538, coverage equal tailed 0.9 interval = 0.6538 
INFO:__main__:Number of active components (giving 99% of the energy) is 5 out of 28

INFO:__main__:
Results over 3 folds : rmse=2.5059+/-0.0170, mae=1.8762+/-0.0863, r2=0.8908+/-0.0070, Coverage1=0.7285+/-0.0530, Coverage2=0.7327+/-0.0567
INFO:__main__:Fold 3, rmse=2.8695, mae=1.9707, r2=0.8474, coverage mean +/- 2.std =0.7692, coverage equal tailed 0.9 interval = 0.7692 
INFO:__main__:Number of active components (giving 99% of the energy) is 5 out of 28

INFO:__main__:
Results over 4 folds : rmse=2.5968+/-0.1581, mae=1.8998+/-0.0852, r2=0.8799+/-0.0197, Coverage1=0.7387+/-0.0492, Coverage2=0.7418+/-0.0516
INFO:__main__:Fold 4, rmse=3.2474, mae=2.2541, r2=0.8582, coverage mean +/- 2.std =0.7179, coverage equal tailed 0.9 interval = 0.6795 
INFO:__main__:Number of active components (giving 99% of the energy) is 8 out of 28

INFO:__main__:
Results over 5 folds : rmse=2.7269+/-0.2962, mae=1.9707+/-0.1609, r2=0.8756+/-0.0197, Coverage1=0.7345+/-0.0448, Coverage2=0.7294+/-0.0525
INFO:__main__:
Results : rmse=2.7269+/-0.2962, mae=1.9707+/-0.1609, r2=0.8756+/-0.0197, Coverage1=0.7345+/-0.0448, Coverage2=0.7294+/-0.0525, active=6.6000+/-1.6248
INFO:__main__:Method lgbayescos running...

INFO:__main__:Dataset autompg of dimension  = (392, 7)
INFO:__main__:Number of components to be estimated=28 corresponding to 7 main effects and 21 interaction effects

INFO:__main__:Fold 0, rmse=2.5820, mae=1.9137, r2=0.8957, coverage mean +/- 2.std =0.9494, coverage equal tailed 0.9 interval = 0.9494 
INFO:__main__:Number of active components (giving 99% of the energy) is 7 out of 28

INFO:__main__:
Results over 1 folds : rmse=2.5820+/-0.0000, mae=1.9137+/-0.0000, r2=0.8957+/-0.0000, Coverage1=0.9494+/-0.0000, Coverage2=0.9494+/-0.0000
INFO:__main__:Fold 1, rmse=2.5782, mae=1.8476, r2=0.8777, coverage mean +/- 2.std =0.9367, coverage equal tailed 0.9 interval = 0.9367 
INFO:__main__:Number of active components (giving 99% of the energy) is 7 out of 28

INFO:__main__:
Results over 2 folds : rmse=2.5801+/-0.0019, mae=1.8807+/-0.0330, r2=0.8867+/-0.0090, Coverage1=0.9430+/-0.0063, Coverage2=0.9430+/-0.0063
INFO:__main__:Fold 2, rmse=2.6117, mae=2.0128, r2=0.8760, coverage mean +/- 2.std =0.9487, coverage equal tailed 0.9 interval = 0.9487 
INFO:__main__:Number of active components (giving 99% of the energy) is 6 out of 28

INFO:__main__:
Results over 3 folds : rmse=2.5906+/-0.0150, mae=1.9247+/-0.0679, r2=0.8831+/-0.0089, Coverage1=0.9449+/-0.0058, Coverage2=0.9449+/-0.0058
INFO:__main__:Fold 3, rmse=2.8956, mae=1.9999, r2=0.8446, coverage mean +/- 2.std =0.9359, coverage equal tailed 0.9 interval = 0.9359 
INFO:__main__:Number of active components (giving 99% of the energy) is 7 out of 28

INFO:__main__:
Results over 4 folds : rmse=2.6669+/-0.1327, mae=1.9435+/-0.0672, r2=0.8735+/-0.0184, Coverage1=0.9427+/-0.0064, Coverage2=0.9427+/-0.0064
INFO:__main__:Fold 4, rmse=3.2645, mae=2.2641, r2=0.8567, coverage mean +/- 2.std =0.9103, coverage equal tailed 0.9 interval = 0.9103 
INFO:__main__:Number of active components (giving 99% of the energy) is 7 out of 28

INFO:__main__:
Results over 5 folds : rmse=2.7864+/-0.2669, mae=2.0076+/-0.1416, r2=0.8701+/-0.0178, Coverage1=0.9362+/-0.0142, Coverage2=0.9362+/-0.0142
INFO:__main__:
Results : rmse=2.7864+/-0.2669, mae=2.0076+/-0.1416, r2=0.8701+/-0.0178, Coverage1=0.9362+/-0.0142, Coverage2=0.9362+/-0.0142, active=6.8000+/-0.4000
