INFO:__main__:Method cosso running...

INFO:__main__:Dataset autompg of dimension  = (392, 7)
INFO:__main__:Number of components to be estimated=28 corresponding to 7 main effects and 21 interaction effects

INFO:__main__:Fold 0, rmse=2.6015, mae=1.9544, r2=0.8941, coverage mean +/- 2.std =0.0000, coverage equal tailed 0.9 interval = 0.0000 
INFO:__main__:Best results for M=7.742635830254585e-07 giving error=0.06826716661453247
INFO:__main__:Number of active components (giving 99% of the energy) is 15 out of 28

INFO:__main__:
Results over 1 folds : rmse=2.6015+/-0.0000, mae=1.9544+/-0.0000, r2=0.8941+/-0.0000, Coverage1=0.0000+/-0.0000, Coverage2=0.0000+/-0.0000
INFO:__main__:Fold 1, rmse=2.4093, mae=1.6928, r2=0.8932, coverage mean +/- 2.std =0.0000, coverage equal tailed 0.9 interval = 0.0000 
INFO:__main__:Best results for M=5.994841103529325e-06 giving error=0.06860461831092834
INFO:__main__:Number of active components (giving 99% of the energy) is 16 out of 28

INFO:__main__:
Results over 2 folds : rmse=2.5054+/-0.0961, mae=1.8236+/-0.1308, r2=0.8937+/-0.0005, Coverage1=0.0000+/-0.0000, Coverage2=0.0000+/-0.0000
INFO:__main__:Fold 2, rmse=2.2701, mae=1.7562, r2=0.9063, coverage mean +/- 2.std =0.0000, coverage equal tailed 0.9 interval = 0.0000 
INFO:__main__:Best results for M=1.0000000116860974e-07 giving error=0.07334636896848679
INFO:__main__:Number of active components (giving 99% of the energy) is 16 out of 28

INFO:__main__:
Results over 3 folds : rmse=2.4270+/-0.1359, mae=1.8011+/-0.1114, r2=0.8979+/-0.0060, Coverage1=0.0000+/-0.0000, Coverage2=0.0000+/-0.0000
INFO:__main__:Fold 3, rmse=2.8824, mae=1.9619, r2=0.8460, coverage mean +/- 2.std =0.0000, coverage equal tailed 0.9 interval = 0.0000 
INFO:__main__:Best results for M=5.994841103529325e-06 giving error=0.0644124299287796
INFO:__main__:Number of active components (giving 99% of the energy) is 16 out of 28

INFO:__main__:
Results over 4 folds : rmse=2.5408+/-0.2297, mae=1.8413+/-0.1190, r2=0.8849+/-0.0231, Coverage1=0.0000+/-0.0000, Coverage2=0.0000+/-0.0000
INFO:__main__:Fold 4, rmse=3.0047, mae=2.1359, r2=0.8786, coverage mean +/- 2.std =0.0000, coverage equal tailed 0.9 interval = 0.0000 
INFO:__main__:Best results for M=1.0000000116860974e-07 giving error=0.06951984763145447
INFO:__main__:Number of active components (giving 99% of the energy) is 16 out of 28

INFO:__main__:
Results over 5 folds : rmse=2.6336+/-0.2768, mae=1.9002+/-0.1588, r2=0.8837+/-0.0208, Coverage1=0.0000+/-0.0000, Coverage2=0.0000+/-0.0000
INFO:__main__:
Results : rmse=2.6336+/-0.2768, mae=1.9002+/-0.1588, r2=0.8837+/-0.0208, Coverage1=0.0000+/-0.0000, Coverage2=0.0000+/-0.0000, active=15.8000+/-0.4000
