INFO:__main__:Method lgbayescos running...

INFO:__main__:Dataset energy of dimension  = (768, 8)
INFO:__main__:Number of components to be estimated=36 corresponding to 8 main effects and 28 interaction effects

INFO:__main__:Fold 0, rmse=0.5424, mae=0.3693, r2=0.9972, coverage mean +/- 2.std =0.9545, coverage equal tailed 0.9 interval = 0.9481 
INFO:__main__:Number of active components (giving 99% of the energy) is 5 out of 36

INFO:__main__:
Results over 1 folds : rmse=0.5424+/-0.0000, mae=0.3693+/-0.0000, r2=0.9972+/-0.0000, Coverage1=0.9545+/-0.0000, Coverage2=0.9481+/-0.0000
INFO:__main__:Fold 1, rmse=0.4452, mae=0.3381, r2=0.9981, coverage mean +/- 2.std =0.9026, coverage equal tailed 0.9 interval = 0.8961 
INFO:__main__:Number of active components (giving 99% of the energy) is 7 out of 36

INFO:__main__:
Results over 2 folds : rmse=0.4938+/-0.0486, mae=0.3537+/-0.0156, r2=0.9977+/-0.0004, Coverage1=0.9286+/-0.0260, Coverage2=0.9221+/-0.0260
INFO:__main__:Fold 2, rmse=0.4384, mae=0.3449, r2=0.9981, coverage mean +/- 2.std =0.9870, coverage equal tailed 0.9 interval = 0.9870 
INFO:__main__:Number of active components (giving 99% of the energy) is 4 out of 36

INFO:__main__:
Results over 3 folds : rmse=0.4754+/-0.0475, mae=0.3508+/-0.0134, r2=0.9978+/-0.0004, Coverage1=0.9481+/-0.0348, Coverage2=0.9437+/-0.0372
INFO:__main__:Fold 3, rmse=0.4331, mae=0.3273, r2=0.9979, coverage mean +/- 2.std =0.8954, coverage equal tailed 0.9 interval = 0.8889 
INFO:__main__:Number of active components (giving 99% of the energy) is 5 out of 36

INFO:__main__:
Results over 4 folds : rmse=0.4648+/-0.0450, mae=0.3449+/-0.0154, r2=0.9978+/-0.0003, Coverage1=0.9349+/-0.0378, Coverage2=0.9300+/-0.0400
INFO:__main__:Fold 4, rmse=0.3946, mae=0.3126, r2=0.9986, coverage mean +/- 2.std =1.0000, coverage equal tailed 0.9 interval = 1.0000 
INFO:__main__:Number of active components (giving 99% of the energy) is 6 out of 36

INFO:__main__:
Results over 5 folds : rmse=0.4508+/-0.0491, mae=0.3384+/-0.0189, r2=0.9980+/-0.0004, Coverage1=0.9479+/-0.0426, Coverage2=0.9440+/-0.0455
INFO:__main__:
Results : rmse=0.4508+/-0.0491, mae=0.3384+/-0.0189, r2=0.9980+/-0.0004, Coverage1=0.9479+/-0.0426, Coverage2=0.9440+/-0.0455, active=5.4000+/-1.0198
