INFO:__main__:Method lgbayescos running...

INFO:__main__:Dataset housing of dimension  = (506, 13)
INFO:__main__:Number of components to be estimated=91 corresponding to 13 main effects and 78 interaction effects

INFO:__main__:Fold 0, rmse=3.2594, mae=2.2165, r2=0.8809, coverage mean +/- 2.std =0.8725, coverage equal tailed 0.9 interval = 0.8725 
INFO:__main__:Number of active components (giving 99% of the energy) is 25 out of 91

INFO:__main__:
Results over 1 folds : rmse=3.2594+/-0.0000, mae=2.2165+/-0.0000, r2=0.8809+/-0.0000, Coverage1=0.8725+/-0.0000, Coverage2=0.8725+/-0.0000
INFO:__main__:Fold 1, rmse=4.0355, mae=2.3919, r2=0.7825, coverage mean +/- 2.std =0.8812, coverage equal tailed 0.9 interval = 0.8812 
INFO:__main__:Number of active components (giving 99% of the energy) is 18 out of 91

INFO:__main__:
Results over 2 folds : rmse=3.6475+/-0.3880, mae=2.3042+/-0.0877, r2=0.8317+/-0.0492, Coverage1=0.8769+/-0.0043, Coverage2=0.8769+/-0.0043
INFO:__main__:Fold 2, rmse=2.8551, mae=2.0335, r2=0.9248, coverage mean +/- 2.std =0.8515, coverage equal tailed 0.9 interval = 0.8317 
INFO:__main__:Number of active components (giving 99% of the energy) is 29 out of 91

INFO:__main__:
Results over 3 folds : rmse=3.3833+/-0.4898, mae=2.2140+/-0.1463, r2=0.8627+/-0.0595, Coverage1=0.8684+/-0.0125, Coverage2=0.8618+/-0.0216
INFO:__main__:Fold 3, rmse=2.8648, mae=2.0190, r2=0.8893, coverage mean +/- 2.std =0.9406, coverage equal tailed 0.9 interval = 0.9307 
INFO:__main__:Number of active components (giving 99% of the energy) is 41 out of 91

INFO:__main__:
Results over 4 folds : rmse=3.2537+/-0.4799, mae=2.1652+/-0.1522, r2=0.8694+/-0.0528, Coverage1=0.8865+/-0.0331, Coverage2=0.8790+/-0.0352
INFO:__main__:Fold 4, rmse=2.3391, mae=1.7396, r2=0.9259, coverage mean +/- 2.std =0.9208, coverage equal tailed 0.9 interval = 0.9208 
INFO:__main__:Number of active components (giving 99% of the energy) is 27 out of 91

INFO:__main__:
Results over 5 folds : rmse=3.0708+/-0.5640, mae=2.0801+/-0.2180, r2=0.8807+/-0.0524, Coverage1=0.8933+/-0.0326, Coverage2=0.8874+/-0.0356
INFO:__main__:
Results : rmse=3.0708+/-0.5640, mae=2.0801+/-0.2180, r2=0.8807+/-0.0524, Coverage1=0.8933+/-0.0326, Coverage2=0.8874+/-0.0356, active=28.0000+/-7.4833
