INFO:__main__:Method cosso running...

INFO:__main__:Dataset of dimension  = (100, 10)
INFO:__main__:Number of components to be estimated=55 corresponding to 10 main effects and 45 interaction effects

INFO:__main__:Dataset 0, rmse=2.0004, mae=1.4953, r2=0.7993, coverage mean +/- 2.std =0.0000, coverage equal tailed 0.9 interval = 0.0000 
INFO:__main__:Best results for M=0.061359066516160965 giving error=2.940626382827759
INFO:__main__:Number of active components (giving 99% of the energy) is 15 out of 55

INFO:__main__:TP: 5.00000, TN : 38.00000, FP : 10.00000, FN : 2.00000

INFO:__main__:
Results over 0 datasets : rmse=2.0004+/-0.0000, mae=1.4953+/-0.0000,                  r2=0.7993+/-0.0000, Coverage1=0.0000+/-0.0000,                      Coverage2=0.0000+/-0.0000,                      TP=5.0000+/-0.0000, TN=38.0000+/-0.0000,                           FP=10.0000+/-0.0000, FN=2.0000+/-0.0000
INFO:__main__:Dataset 1, rmse=2.5912, mae=2.0891, r2=0.6238, coverage mean +/- 2.std =0.0000, coverage equal tailed 0.9 interval = 0.0000 
INFO:__main__:Best results for M=4.3287647599754564e-07 giving error=1.6901471614837646
INFO:__main__:Number of active components (giving 99% of the energy) is 42 out of 55

INFO:__main__:TP: 7.00000, TN : 13.00000, FP : 35.00000, FN : 0.00000

INFO:__main__:
Results over 1 datasets : rmse=2.2958+/-0.2954, mae=1.7922+/-0.2969,                  r2=0.7115+/-0.0877, Coverage1=0.0000+/-0.0000,                      Coverage2=0.0000+/-0.0000,                      TP=6.0000+/-1.0000, TN=25.5000+/-12.5000,                           FP=22.5000+/-12.5000, FN=1.0000+/-1.0000
INFO:__main__:Dataset 2, rmse=2.2125, mae=1.8419, r2=0.7489, coverage mean +/- 2.std =0.0000, coverage equal tailed 0.9 interval = 0.0000 
INFO:__main__:Best results for M=1.519910455272111e-07 giving error=2.095651865005493
INFO:__main__:Number of active components (giving 99% of the energy) is 37 out of 55

INFO:__main__:TP: 7.00000, TN : 18.00000, FP : 30.00000, FN : 0.00000

INFO:__main__:
Results over 2 datasets : rmse=2.2680+/-0.2443, mae=1.8087+/-0.2435,                  r2=0.7240+/-0.0738, Coverage1=0.0000+/-0.0000,                      Coverage2=0.0000+/-0.0000,                      TP=6.3333+/-0.9428, TN=23.0000+/-10.8012,                           FP=25.0000+/-10.8012, FN=0.6667+/-0.9428
INFO:__main__:Dataset 3, rmse=1.1326, mae=0.9540, r2=0.9133, coverage mean +/- 2.std =0.0000, coverage equal tailed 0.9 interval = 0.0000 
INFO:__main__:Best results for M=0.3511192202568054 giving error=2.4809131622314453
INFO:__main__:Number of active components (giving 99% of the energy) is 6 out of 55

INFO:__main__:TP: 5.00000, TN : 47.00000, FP : 1.00000, FN : 2.00000

INFO:__main__:
Results over 3 datasets : rmse=1.9842+/-0.5353, mae=1.5950+/-0.4260,                  r2=0.7713+/-0.1039, Coverage1=0.0000+/-0.0000,                      Coverage2=0.0000+/-0.0000,                      TP=6.0000+/-1.0000, TN=29.0000+/-13.9821,                           FP=19.0000+/-13.9821, FN=1.0000+/-1.0000
INFO:__main__:Dataset 4, rmse=1.4528, mae=1.1750, r2=0.8480, coverage mean +/- 2.std =0.0000, coverage equal tailed 0.9 interval = 0.0000 
INFO:__main__:Best results for M=0.24770766496658325 giving error=2.1009140014648438
INFO:__main__:Number of active components (giving 99% of the energy) is 8 out of 55

INFO:__main__:TP: 6.00000, TN : 46.00000, FP : 2.00000, FN : 1.00000

INFO:__main__:
Results over 4 datasets : rmse=1.8779+/-0.5238, mae=1.5110+/-0.4164,                  r2=0.7866+/-0.0979, Coverage1=0.0000+/-0.0000,                      Coverage2=0.0000+/-0.0000,                      TP=6.0000+/-0.8944, TN=32.4000+/-14.2352,                           FP=15.6000+/-14.2352, FN=1.0000+/-0.8944
INFO:__main__:Dataset 5, rmse=1.9251, mae=1.5844, r2=0.7880, coverage mean +/- 2.std =0.0000, coverage equal tailed 0.9 interval = 0.0000 
INFO:__main__:Best results for M=3.2745455236238286e-09 giving error=2.2356486320495605
INFO:__main__:Number of active components (giving 99% of the energy) is 38 out of 55

INFO:__main__:TP: 7.00000, TN : 17.00000, FP : 31.00000, FN : 0.00000

INFO:__main__:
Results over 5 datasets : rmse=1.8858+/-0.4785, mae=1.5233+/-0.3811,                  r2=0.7869+/-0.0894, Coverage1=0.0000+/-0.0000,                      Coverage2=0.0000+/-0.0000,                      TP=6.1667+/-0.8975, TN=29.8333+/-14.2058,                           FP=18.1667+/-14.2058, FN=0.8333+/-0.8975
INFO:__main__:Dataset 6, rmse=2.5657, mae=2.0949, r2=0.6070, coverage mean +/- 2.std =0.0000, coverage equal tailed 0.9 interval = 0.0000 
INFO:__main__:Best results for M=3.5111952456645668e-06 giving error=3.9159953594207764
INFO:__main__:Number of active components (giving 99% of the energy) is 37 out of 55

INFO:__main__:TP: 7.00000, TN : 18.00000, FP : 30.00000, FN : 0.00000

INFO:__main__:
Results over 6 datasets : rmse=1.9829+/-0.5029, mae=1.6049+/-0.4056,                  r2=0.7612+/-0.1040, Coverage1=0.0000+/-0.0000,                      Coverage2=0.0000+/-0.0000,                      TP=6.2857+/-0.8806, TN=28.1429+/-13.7885,                           FP=19.8571+/-13.7885, FN=0.7143+/-0.8806
INFO:__main__:Dataset 7, rmse=2.4399, mae=2.0441, r2=0.6701, coverage mean +/- 2.std =0.0000, coverage equal tailed 0.9 interval = 0.0000 
INFO:__main__:Best results for M=7.564635495782568e-08 giving error=4.459476947784424
INFO:__main__:Number of active components (giving 99% of the energy) is 37 out of 55

INFO:__main__:TP: 6.00000, TN : 17.00000, FP : 31.00000, FN : 1.00000

INFO:__main__:
Results over 7 datasets : rmse=2.0400+/-0.4941, mae=1.6598+/-0.4063,                  r2=0.7498+/-0.1018, Coverage1=0.0000+/-0.0000,                      Coverage2=0.0000+/-0.0000,                      TP=6.2500+/-0.8292, TN=26.7500+/-13.4141,                           FP=21.2500+/-13.4141, FN=0.7500+/-0.8292
INFO:__main__:Dataset 8, rmse=1.4005, mae=1.0348, r2=0.8583, coverage mean +/- 2.std =0.0000, coverage equal tailed 0.9 interval = 0.0000 
INFO:__main__:Best results for M=0.1747528463602066 giving error=1.7649757862091064
INFO:__main__:Number of active components (giving 99% of the energy) is 6 out of 55

INFO:__main__:TP: 5.00000, TN : 47.00000, FP : 1.00000, FN : 2.00000

INFO:__main__:
Results over 8 datasets : rmse=1.9690+/-0.5073, mae=1.5904+/-0.4305,                  r2=0.7618+/-0.1018, Coverage1=0.0000+/-0.0000,                      Coverage2=0.0000+/-0.0000,                      TP=6.1111+/-0.8749, TN=29.0000+/-14.1578,                           FP=19.0000+/-14.1578, FN=0.8889+/-0.8749
INFO:__main__:Dataset 9, rmse=1.9618, mae=1.4147, r2=0.7936, coverage mean +/- 2.std =0.0000, coverage equal tailed 0.9 interval = 0.0000 
INFO:__main__:Best results for M=0.04328761249780655 giving error=2.4042882919311523
INFO:__main__:Number of active components (giving 99% of the energy) is 14 out of 55

INFO:__main__:TP: 6.00000, TN : 40.00000, FP : 8.00000, FN : 1.00000

INFO:__main__:
Results over 9 datasets : rmse=1.9682+/-0.4813, mae=1.5728+/-0.4118,                  r2=0.7650+/-0.0971, Coverage1=0.0000+/-0.0000,                      Coverage2=0.0000+/-0.0000,                      TP=6.1000+/-0.8307, TN=30.1000+/-13.8308,                           FP=17.9000+/-13.8308, FN=0.9000+/-0.8307
