INFO:__main__:Method lgbayescos running...

INFO:__main__:Dataset autompg of dimension  = (392, 7)
INFO:__main__:Number of components to be estimated=28 corresponding to 7 main effects and 21 interaction effects

INFO:__main__:Fold 0, rmse=2.6381, mae=1.9080, r2=0.8911, coverage mean +/- 2.std =0.7722, coverage equal tailed 0.9 interval = 0.7468 
INFO:__main__:Number of active components (giving 99% of the energy) is 10 out of 28

INFO:__main__:
Results over 1 folds : rmse=2.6381+/-0.0000, mae=1.9080+/-0.0000, r2=0.8911+/-0.0000, Coverage1=0.7722+/-0.0000, Coverage2=0.7468+/-0.0000
INFO:__main__:Fold 1, rmse=2.4297, mae=1.6852, r2=0.8914, coverage mean +/- 2.std =0.7848, coverage equal tailed 0.9 interval = 0.7848 
INFO:__main__:Number of active components (giving 99% of the energy) is 13 out of 28

INFO:__main__:
Results over 2 folds : rmse=2.5339+/-0.1042, mae=1.7966+/-0.1114, r2=0.8913+/-0.0001, Coverage1=0.7785+/-0.0063, Coverage2=0.7658+/-0.0190
INFO:__main__:Fold 2, rmse=2.2646, mae=1.7862, r2=0.9068, coverage mean +/- 2.std =0.8077, coverage equal tailed 0.9 interval = 0.8077 
INFO:__main__:Number of active components (giving 99% of the energy) is 11 out of 28

INFO:__main__:
Results over 3 folds : rmse=2.4441+/-0.1528, mae=1.7931+/-0.0911, r2=0.8964+/-0.0073, Coverage1=0.7882+/-0.0147, Coverage2=0.7798+/-0.0251
INFO:__main__:Fold 3, rmse=3.0499, mae=2.0023, r2=0.8276, coverage mean +/- 2.std =0.8077, coverage equal tailed 0.9 interval = 0.8077 
INFO:__main__:Number of active components (giving 99% of the energy) is 12 out of 28

INFO:__main__:
Results over 4 folds : rmse=2.5956+/-0.2938, mae=1.8454+/-0.1201, r2=0.8792+/-0.0305, Coverage1=0.7931+/-0.0153, Coverage2=0.7868+/-0.0249
INFO:__main__:Fold 4, rmse=3.0011, mae=2.1261, r2=0.8789, coverage mean +/- 2.std =0.7692, coverage equal tailed 0.9 interval = 0.7564 
INFO:__main__:Number of active components (giving 99% of the energy) is 12 out of 28

INFO:__main__:
Results over 5 folds : rmse=2.6767+/-0.3088, mae=1.9016+/-0.1554, r2=0.8792+/-0.0273, Coverage1=0.7883+/-0.0167, Coverage2=0.7807+/-0.0253
INFO:__main__:
Results : rmse=2.6767+/-0.3088, mae=1.9016+/-0.1554, r2=0.8792+/-0.0273, Coverage1=0.7883+/-0.0167, Coverage2=0.7807+/-0.0253, active=11.6000+/-1.0198
INFO:__main__:Method lgbayescos running...

INFO:__main__:Dataset autompg of dimension  = (392, 7)
INFO:__main__:Number of components to be estimated=28 corresponding to 7 main effects and 21 interaction effects

INFO:__main__:Fold 0, rmse=2.6344, mae=1.9062, r2=0.8914, coverage mean +/- 2.std =0.9367, coverage equal tailed 0.9 interval = 0.9367 
INFO:__main__:Number of active components (giving 99% of the energy) is 11 out of 28

INFO:__main__:
Results over 1 folds : rmse=2.6344+/-0.0000, mae=1.9062+/-0.0000, r2=0.8914+/-0.0000, Coverage1=0.9367+/-0.0000, Coverage2=0.9367+/-0.0000
INFO:__main__:Fold 1, rmse=2.4207, mae=1.6868, r2=0.8922, coverage mean +/- 2.std =0.9367, coverage equal tailed 0.9 interval = 0.9367 
INFO:__main__:Number of active components (giving 99% of the energy) is 12 out of 28

INFO:__main__:
Results over 2 folds : rmse=2.5276+/-0.1069, mae=1.7965+/-0.1097, r2=0.8918+/-0.0004, Coverage1=0.9367+/-0.0000, Coverage2=0.9367+/-0.0000
INFO:__main__:Fold 2, rmse=2.2634, mae=1.7900, r2=0.9069, coverage mean +/- 2.std =0.9872, coverage equal tailed 0.9 interval = 0.9872 
INFO:__main__:Number of active components (giving 99% of the energy) is 14 out of 28

INFO:__main__:
Results over 3 folds : rmse=2.4395+/-0.1521, mae=1.7944+/-0.0896, r2=0.8968+/-0.0071, Coverage1=0.9535+/-0.0238, Coverage2=0.9535+/-0.0238
INFO:__main__:Fold 3, rmse=3.0485, mae=2.0109, r2=0.8277, coverage mean +/- 2.std =0.9487, coverage equal tailed 0.9 interval = 0.9487 
INFO:__main__:Number of active components (giving 99% of the energy) is 8 out of 28

INFO:__main__:
Results over 4 folds : rmse=2.5917+/-0.2947, mae=1.8485+/-0.1217, r2=0.8796+/-0.0305, Coverage1=0.9523+/-0.0207, Coverage2=0.9523+/-0.0207
INFO:__main__:Fold 4, rmse=2.9867, mae=2.1126, r2=0.8801, coverage mean +/- 2.std =0.9231, coverage equal tailed 0.9 interval = 0.9231 
INFO:__main__:Number of active components (giving 99% of the energy) is 12 out of 28

INFO:__main__:
Results over 5 folds : rmse=2.6707+/-0.3073, mae=1.9013+/-0.1517, r2=0.8797+/-0.0273, Coverage1=0.9465+/-0.0219, Coverage2=0.9465+/-0.0219
INFO:__main__:
Results : rmse=2.6707+/-0.3073, mae=1.9013+/-0.1517, r2=0.8797+/-0.0273, Coverage1=0.9465+/-0.0219, Coverage2=0.9465+/-0.0219, active=11.4000+/-1.9596
