INFO:__main__:Method lgbayescos running...

INFO:__main__:Dataset pumadyn of dimension  = (1000, 8)
INFO:__main__:Number of components to be estimated=36 corresponding to 8 main effects and 28 interaction effects

INFO:__main__:Fold 0, rmse=3.2157, mae=2.4524, r2=0.6809, coverage mean +/- 2.std =0.6750, coverage equal tailed 0.9 interval = 0.6750 
INFO:__main__:Number of active components (giving 99% of the energy) is 4 out of 36

INFO:__main__:
Results over 1 folds : rmse=3.2157+/-0.0000, mae=2.4524+/-0.0000, r2=0.6809+/-0.0000, Coverage1=0.6750+/-0.0000, Coverage2=0.6750+/-0.0000
INFO:__main__:Fold 1, rmse=2.9409, mae=2.2743, r2=0.6934, coverage mean +/- 2.std =0.6900, coverage equal tailed 0.9 interval = 0.6850 
INFO:__main__:Number of active components (giving 99% of the energy) is 4 out of 36

INFO:__main__:
Results over 2 folds : rmse=3.0783+/-0.1374, mae=2.3633+/-0.0890, r2=0.6872+/-0.0063, Coverage1=0.6825+/-0.0075, Coverage2=0.6800+/-0.0050
INFO:__main__:Fold 2, rmse=3.5889, mae=2.7923, r2=0.5586, coverage mean +/- 2.std =0.5750, coverage equal tailed 0.9 interval = 0.5750 
INFO:__main__:Method lgbayescos running...

INFO:__main__:Dataset pumadyn of dimension  = (1000, 8)
INFO:__main__:Number of components to be estimated=36 corresponding to 8 main effects and 28 interaction effects

INFO:__main__:Fold 0, rmse=3.2156, mae=2.4566, r2=0.6809, coverage mean +/- 2.std =0.9500, coverage equal tailed 0.9 interval = 0.9500 
INFO:__main__:Number of active components (giving 99% of the energy) is 6 out of 36

INFO:__main__:
Results over 1 folds : rmse=3.2156+/-0.0000, mae=2.4566+/-0.0000, r2=0.6809+/-0.0000, Coverage1=0.9500+/-0.0000, Coverage2=0.9500+/-0.0000
INFO:__main__:Fold 1, rmse=2.9470, mae=2.2810, r2=0.6922, coverage mean +/- 2.std =0.9600, coverage equal tailed 0.9 interval = 0.9500 
INFO:__main__:Number of active components (giving 99% of the energy) is 4 out of 36

INFO:__main__:
Results over 2 folds : rmse=3.0813+/-0.1343, mae=2.3688+/-0.0878, r2=0.6865+/-0.0056, Coverage1=0.9550+/-0.0050, Coverage2=0.9500+/-0.0000
INFO:__main__:Fold 2, rmse=3.5926, mae=2.7989, r2=0.5577, coverage mean +/- 2.std =0.9050, coverage equal tailed 0.9 interval = 0.9000 
INFO:__main__:Number of active components (giving 99% of the energy) is 2 out of 36

INFO:__main__:
Results over 3 folds : rmse=3.2517+/-0.2648, mae=2.5122+/-0.2150, r2=0.6436+/-0.0609, Coverage1=0.9383+/-0.0239, Coverage2=0.9333+/-0.0236
INFO:__main__:Fold 3, rmse=2.9783, mae=2.2850, r2=0.6911, coverage mean +/- 2.std =0.9600, coverage equal tailed 0.9 interval = 0.9450 
INFO:__main__:Number of active components (giving 99% of the energy) is 5 out of 36

INFO:__main__:
Results over 4 folds : rmse=3.1834+/-0.2581, mae=2.4554+/-0.2106, r2=0.6555+/-0.0566, Coverage1=0.9437+/-0.0227, Coverage2=0.9362+/-0.0210
INFO:__main__:Fold 4, rmse=3.1165, mae=2.4646, r2=0.7112, coverage mean +/- 2.std =0.9500, coverage equal tailed 0.9 interval = 0.9450 
INFO:__main__:Number of active components (giving 99% of the energy) is 5 out of 36

INFO:__main__:
Results over 5 folds : rmse=3.1700+/-0.2324, mae=2.4572+/-0.1884, r2=0.6666+/-0.0554, Coverage1=0.9450+/-0.0205, Coverage2=0.9380+/-0.0191
INFO:__main__:
Results : rmse=3.1700+/-0.2324, mae=2.4572+/-0.1884, r2=0.6666+/-0.0554, Coverage1=0.9450+/-0.0205, Coverage2=0.9380+/-0.0191, active=4.4000+/-1.3565
