INFO:__main__:Dataset of dimension  = (100, 55)
INFO:__main__:Number of components to be estimated=55 main effects

INFO:__main__:Number of components to be estimated=1540 corresponding to 55 main effects and 1485 interaction effects

INFO:__main__:Number of active components  is 4 out of 55

INFO:__main__:Dataset 0, rmse=0.8422, mae=0.7025, r2=0.9467
INFO:__main__:TP: 4.00000, TN : 51.00000, FP : 0.00000, FN : 0.00000

INFO:__main__:
Results over 0 datasets : rmse=0.8422+/-0.0000, mae=0.7025+/-0.0000,r2=0.9467+/-0.0000,TP=4.0000+/-0.0000,TN=51.0000+/-0.0000, FP=0.0000+/-0.0000,FN=0.0000+/-0.0000
INFO:__main__:Number of active components  is 5 out of 55

INFO:__main__:Dataset 1, rmse=1.1834, mae=0.9792, r2=0.8901
INFO:__main__:TP: 4.00000, TN : 50.00000, FP : 1.00000, FN : 0.00000

INFO:__main__:
Results over 1 datasets : rmse=1.0128+/-0.1706, mae=0.8408+/-0.1383,r2=0.9184+/-0.0283,TP=4.0000+/-0.0000,TN=50.5000+/-0.5000, FP=0.5000+/-0.5000,FN=0.0000+/-0.0000
INFO:__main__:Number of active components  is 8 out of 55

INFO:__main__:Dataset 2, rmse=1.3011, mae=1.0480, r2=0.8871
INFO:__main__:TP: 4.00000, TN : 47.00000, FP : 4.00000, FN : 0.00000

INFO:__main__:
Results over 2 datasets : rmse=1.1089+/-0.1946, mae=0.9099+/-0.1493,r2=0.9080+/-0.0274,TP=4.0000+/-0.0000,TN=49.3333+/-1.6997, FP=1.6667+/-1.6997,FN=0.0000+/-0.0000
INFO:__main__:Number of active components  is 10 out of 55

INFO:__main__:Dataset 3, rmse=1.1757, mae=0.9388, r2=0.9194
INFO:__main__:TP: 4.00000, TN : 45.00000, FP : 6.00000, FN : 0.00000

INFO:__main__:
Results over 3 datasets : rmse=1.1256+/-0.1710, mae=0.9171+/-0.1299,r2=0.9108+/-0.0242,TP=4.0000+/-0.0000,TN=48.2500+/-2.3848, FP=2.7500+/-2.3848,FN=0.0000+/-0.0000
INFO:__main__:Number of active components  is 7 out of 55

INFO:__main__:Dataset 4, rmse=0.9383, mae=0.7753, r2=0.9460
INFO:__main__:TP: 4.00000, TN : 48.00000, FP : 3.00000, FN : 0.00000

INFO:__main__:
Results over 4 datasets : rmse=1.0882+/-0.1703, mae=0.8887+/-0.1293,r2=0.9179+/-0.0259,TP=4.0000+/-0.0000,TN=48.2000+/-2.1354, FP=2.8000+/-2.1354,FN=0.0000+/-0.0000
INFO:__main__:Number of active components  is 5 out of 55

INFO:__main__:Dataset 5, rmse=0.7842, mae=0.6526, r2=0.9669
INFO:__main__:TP: 4.00000, TN : 50.00000, FP : 1.00000, FN : 0.00000

INFO:__main__:
Results over 5 datasets : rmse=1.0375+/-0.1924, mae=0.8494+/-0.1472,r2=0.9260+/-0.0298,TP=4.0000+/-0.0000,TN=48.5000+/-2.0616, FP=2.5000+/-2.0616,FN=0.0000+/-0.0000
INFO:__main__:Number of active components  is 6 out of 55

INFO:__main__:Dataset 6, rmse=1.0975, mae=0.9006, r2=0.9349
INFO:__main__:TP: 4.00000, TN : 49.00000, FP : 2.00000, FN : 0.00000

INFO:__main__:
Results over 6 datasets : rmse=1.0461+/-0.1793, mae=0.8567+/-0.1375,r2=0.9273+/-0.0278,TP=4.0000+/-0.0000,TN=48.5714+/-1.9166, FP=2.4286+/-1.9166,FN=0.0000+/-0.0000
INFO:__main__:Number of active components  is 7 out of 55

INFO:__main__:Dataset 7, rmse=0.8359, mae=0.6609, r2=0.9596
INFO:__main__:TP: 4.00000, TN : 48.00000, FP : 3.00000, FN : 0.00000

INFO:__main__:
Results over 7 datasets : rmse=1.0198+/-0.1816, mae=0.8322+/-0.1440,r2=0.9313+/-0.0281,TP=4.0000+/-0.0000,TN=48.5000+/-1.8028, FP=2.5000+/-1.8028,FN=0.0000+/-0.0000
INFO:__main__:Number of active components  is 6 out of 55

INFO:__main__:Dataset 8, rmse=1.1308, mae=0.8826, r2=0.9185
INFO:__main__:TP: 4.00000, TN : 49.00000, FP : 2.00000, FN : 0.00000

INFO:__main__:
Results over 8 datasets : rmse=1.0321+/-0.1747, mae=0.8378+/-0.1367,r2=0.9299+/-0.0268,TP=4.0000+/-0.0000,TN=48.5556+/-1.7069, FP=2.4444+/-1.7069,FN=0.0000+/-0.0000
INFO:__main__:Number of active components  is 6 out of 55

INFO:__main__:Dataset 9, rmse=0.8322, mae=0.6275, r2=0.9554
INFO:__main__:TP: 4.00000, TN : 49.00000, FP : 2.00000, FN : 0.00000

INFO:__main__:
Results over 9 datasets : rmse=1.0121+/-0.1763, mae=0.8168+/-0.1442,r2=0.9325+/-0.0266,TP=4.0000+/-0.0000,TN=48.6000+/-1.6248, FP=2.4000+/-1.6248,FN=0.0000+/-0.0000
INFO:__main__:Dataset of dimension  = (100, 55)
INFO:__main__:Number of components to be estimated=55 main effects

INFO:__main__:Number of components to be estimated=1540 corresponding to 55 main effects and 1485 interaction effects

INFO:__main__:Number of active components  is 4 out of 55

INFO:__main__:Dataset 0, rmse=0.8396, mae=0.6942, r2=0.9470
INFO:__main__:TP: 4.00000, TN : 51.00000, FP : 0.00000, FN : 0.00000

INFO:__main__:
Results over 0 datasets : rmse=0.8396+/-0.0000, mae=0.6942+/-0.0000,r2=0.9470+/-0.0000,TP=4.0000+/-0.0000,TN=51.0000+/-0.0000, FP=0.0000+/-0.0000,FN=0.0000+/-0.0000
INFO:__main__:Number of active components  is 6 out of 55

INFO:__main__:Dataset 1, rmse=1.1285, mae=0.9675, r2=0.9001
INFO:__main__:TP: 4.00000, TN : 49.00000, FP : 2.00000, FN : 0.00000

INFO:__main__:
Results over 1 datasets : rmse=0.9840+/-0.1445, mae=0.8309+/-0.1367,r2=0.9236+/-0.0235,TP=4.0000+/-0.0000,TN=50.0000+/-1.0000, FP=1.0000+/-1.0000,FN=0.0000+/-0.0000
INFO:__main__:Number of active components  is 11 out of 55

INFO:__main__:Dataset 2, rmse=1.4393, mae=1.1352, r2=0.8619
INFO:__main__:TP: 4.00000, TN : 44.00000, FP : 7.00000, FN : 0.00000

INFO:__main__:
Results over 2 datasets : rmse=1.1358+/-0.2449, mae=0.9323+/-0.1818,r2=0.9030+/-0.0348,TP=4.0000+/-0.0000,TN=48.0000+/-2.9439, FP=3.0000+/-2.9439,FN=0.0000+/-0.0000
INFO:__main__:Number of active components  is 7 out of 55

INFO:__main__:Dataset 3, rmse=1.1257, mae=0.9358, r2=0.9261
INFO:__main__:TP: 4.00000, TN : 48.00000, FP : 3.00000, FN : 0.00000

INFO:__main__:
Results over 3 datasets : rmse=1.1333+/-0.2121, mae=0.9332+/-0.1574,r2=0.9088+/-0.0318,TP=4.0000+/-0.0000,TN=48.0000+/-2.5495, FP=3.0000+/-2.5495,FN=0.0000+/-0.0000
INFO:__main__:Number of active components  is 7 out of 55

INFO:__main__:Dataset 4, rmse=1.0696, mae=0.8935, r2=0.9299
INFO:__main__:TP: 4.00000, TN : 48.00000, FP : 3.00000, FN : 0.00000

INFO:__main__:
Results over 4 datasets : rmse=1.1205+/-0.1914, mae=0.9252+/-0.1417,r2=0.9130+/-0.0296,TP=4.0000+/-0.0000,TN=48.0000+/-2.2804, FP=3.0000+/-2.2804,FN=0.0000+/-0.0000
INFO:__main__:Number of active components  is 6 out of 55

INFO:__main__:Dataset 5, rmse=0.9896, mae=0.8483, r2=0.9472
INFO:__main__:TP: 4.00000, TN : 49.00000, FP : 2.00000, FN : 0.00000

INFO:__main__:
Results over 5 datasets : rmse=1.0987+/-0.1814, mae=0.9124+/-0.1325,r2=0.9187+/-0.0299,TP=4.0000+/-0.0000,TN=48.1667+/-2.1148, FP=2.8333+/-2.1148,FN=0.0000+/-0.0000
INFO:__main__:Number of active components  is 6 out of 55

INFO:__main__:Dataset 6, rmse=1.0678, mae=0.8693, r2=0.9383
INFO:__main__:TP: 4.00000, TN : 49.00000, FP : 2.00000, FN : 0.00000

INFO:__main__:
Results over 6 datasets : rmse=1.0943+/-0.1683, mae=0.9063+/-0.1236,r2=0.9215+/-0.0285,TP=4.0000+/-0.0000,TN=48.2857+/-1.9795, FP=2.7143+/-1.9795,FN=0.0000+/-0.0000
INFO:__main__:Number of active components  is 8 out of 55

INFO:__main__:Dataset 7, rmse=0.9895, mae=0.8106, r2=0.9433
INFO:__main__:TP: 4.00000, TN : 47.00000, FP : 4.00000, FN : 0.00000

INFO:__main__:
Results over 7 datasets : rmse=1.0812+/-0.1612, mae=0.8943+/-0.1199,r2=0.9242+/-0.0277,TP=4.0000+/-0.0000,TN=48.1250+/-1.8998, FP=2.8750+/-1.8998,FN=0.0000+/-0.0000
INFO:__main__:Number of active components  is 5 out of 55

INFO:__main__:Dataset 8, rmse=1.0899, mae=0.8693, r2=0.9243
INFO:__main__:TP: 4.00000, TN : 50.00000, FP : 1.00000, FN : 0.00000

INFO:__main__:
Results over 8 datasets : rmse=1.0822+/-0.1520, mae=0.8915+/-0.1133,r2=0.9242+/-0.0261,TP=4.0000+/-0.0000,TN=48.3333+/-1.8856, FP=2.6667+/-1.8856,FN=0.0000+/-0.0000
INFO:__main__:Number of active components  is 7 out of 55

INFO:__main__:Dataset 9, rmse=0.8352, mae=0.6752, r2=0.9551
INFO:__main__:TP: 4.00000, TN : 48.00000, FP : 3.00000, FN : 0.00000

INFO:__main__:
Results over 9 datasets : rmse=1.0575+/-0.1621, mae=0.8699+/-0.1255,r2=0.9273+/-0.0264,TP=4.0000+/-0.0000,TN=48.3000+/-1.7916, FP=2.7000+/-1.7916,FN=0.0000+/-0.0000
INFO:__main__:Dataset of dimension  = (100, 55)
INFO:__main__:Number of components to be estimated=55 main effects

INFO:__main__:Number of components to be estimated=1540 corresponding to 55 main effects and 1485 interaction effects

INFO:__main__:Number of active components  is 4 out of 55

INFO:__main__:Dataset 0, rmse=0.8396, mae=0.6942, r2=0.9470
INFO:__main__:TP: 4.00000, TN : 51.00000, FP : 0.00000, FN : 0.00000

INFO:__main__:
Results over 0 datasets : rmse=0.8396+/-0.0000, mae=0.6942+/-0.0000,r2=0.9470+/-0.0000,TP=4.0000+/-0.0000,TN=51.0000+/-0.0000, FP=0.0000+/-0.0000,FN=0.0000+/-0.0000
INFO:__main__:Number of active components  is 6 out of 55

INFO:__main__:Dataset 1, rmse=1.1285, mae=0.9675, r2=0.9001
INFO:__main__:TP: 4.00000, TN : 49.00000, FP : 2.00000, FN : 0.00000

INFO:__main__:
Results over 1 datasets : rmse=0.9840+/-0.1445, mae=0.8309+/-0.1367,r2=0.9236+/-0.0235,TP=4.0000+/-0.0000,TN=50.0000+/-1.0000, FP=1.0000+/-1.0000,FN=0.0000+/-0.0000
INFO:__main__:Number of active components  is 11 out of 55

INFO:__main__:Dataset 2, rmse=1.4393, mae=1.1352, r2=0.8619
INFO:__main__:TP: 4.00000, TN : 44.00000, FP : 7.00000, FN : 0.00000

INFO:__main__:
Results over 2 datasets : rmse=1.1358+/-0.2449, mae=0.9323+/-0.1818,r2=0.9030+/-0.0348,TP=4.0000+/-0.0000,TN=48.0000+/-2.9439, FP=3.0000+/-2.9439,FN=0.0000+/-0.0000
