INFO:__main__:Dataset of dimension  = (536, 8)
INFO:__main__:Number of components to be estimated=36 corresponding to 8 main effects and 28 interaction effects

INFO:__main__:Number of active components  is 15 out of 36

INFO:__main__:Dataset 0, rmse=0.0140, mae=0.0106, r2=-1.2845
INFO:__main__:
Results over 1 datasets : rmse=0.0140+/-0.0000, mae=0.0106+/-0.0000,r2=-1.2845+/-0.0000
INFO:__main__:Number of active components  is 15.0000+/-0.0000 out of 36

INFO:__main__:Number of active components  is 15 out of 36

INFO:__main__:Dataset 1, rmse=0.0128, mae=0.0097, r2=-0.6384
INFO:__main__:
Results over 2 datasets : rmse=0.0134+/-0.0006, mae=0.0101+/-0.0004,r2=-0.9615+/-0.3230
INFO:__main__:Number of active components  is 15.0000+/-0.0000 out of 36

INFO:__main__:Number of active components  is 18 out of 36

INFO:__main__:Dataset 2, rmse=0.0169, mae=0.0119, r2=-0.8921
INFO:__main__:
Results over 3 datasets : rmse=0.0146+/-0.0017, mae=0.0107+/-0.0009,r2=-0.9384+/-0.2658
INFO:__main__:Number of active components  is 16.0000+/-1.4142 out of 36

INFO:__main__:Number of active components  is 12 out of 36

INFO:__main__:Dataset 3, rmse=0.0150, mae=0.0113, r2=-0.9446
INFO:__main__:
Results over 4 datasets : rmse=0.0147+/-0.0015, mae=0.0109+/-0.0008,r2=-0.9399+/-0.2302
INFO:__main__:Number of active components  is 15.0000+/-2.1213 out of 36

INFO:__main__:Number of active components  is 13 out of 36

INFO:__main__:Dataset 4, rmse=0.0127, mae=0.0097, r2=-0.7387
INFO:__main__:
Results over 5 datasets : rmse=0.0143+/-0.0015, mae=0.0106+/-0.0009,r2=-0.8997+/-0.2211
INFO:__main__:Number of active components  is 14.6000+/-2.0591 out of 36

INFO:__main__:Dataset of dimension  = (536, 8)
INFO:__main__:Number of components to be estimated=36 corresponding to 8 main effects and 28 interaction effects

INFO:__main__:Number of active components  is 14 out of 36

INFO:__main__:Dataset 0, rmse=0.0138, mae=0.0104, r2=-1.2004
INFO:__main__:
Results over 1 datasets : rmse=0.0138+/-0.0000, mae=0.0104+/-0.0000,r2=-1.2004+/-0.0000
INFO:__main__:Number of active components  is 14.0000+/-0.0000 out of 36

INFO:__main__:Number of active components  is 15 out of 36

INFO:__main__:Dataset 1, rmse=0.0128, mae=0.0097, r2=-0.6384
INFO:__main__:
Results over 2 datasets : rmse=0.0133+/-0.0005, mae=0.0100+/-0.0004,r2=-0.9194+/-0.2810
INFO:__main__:Number of active components  is 14.5000+/-0.5000 out of 36

INFO:__main__:Number of active components  is 18 out of 36

INFO:__main__:Dataset 2, rmse=0.0167, mae=0.0119, r2=-0.8530
INFO:__main__:
Results over 3 datasets : rmse=0.0144+/-0.0017, mae=0.0106+/-0.0009,r2=-0.8973+/-0.2315
INFO:__main__:Number of active components  is 15.6667+/-1.6997 out of 36

INFO:__main__:Number of active components  is 18 out of 36

INFO:__main__:Dataset 3, rmse=0.0153, mae=0.0114, r2=-1.0320
INFO:__main__:
Results over 4 datasets : rmse=0.0147+/-0.0015, mae=0.0108+/-0.0009,r2=-0.9310+/-0.2088
INFO:__main__:Number of active components  is 16.2500+/-1.7854 out of 36

INFO:__main__:Number of active components  is 13 out of 36

INFO:__main__:Dataset 4, rmse=0.0127, mae=0.0097, r2=-0.7387
INFO:__main__:
Results over 5 datasets : rmse=0.0143+/-0.0015, mae=0.0106+/-0.0009,r2=-0.8925+/-0.2020
INFO:__main__:Number of active components  is 15.6000+/-2.0591 out of 36

INFO:__main__:Dataset of dimension  = (536, 8)
INFO:__main__:Number of components to be estimated=36 corresponding to 8 main effects and 28 interaction effects

INFO:__main__:Number of active components  is 17 out of 36

INFO:__main__:Dataset 0, rmse=0.0143, mae=0.0107, r2=-1.3801
INFO:__main__:
Results over 1 datasets : rmse=0.0143+/-0.0000, mae=0.0107+/-0.0000,r2=-1.3801+/-0.0000
INFO:__main__:Number of active components  is 17.0000+/-0.0000 out of 36

INFO:__main__:Number of active components  is 20 out of 36

INFO:__main__:Dataset 1, rmse=0.0129, mae=0.0097, r2=-0.6629
INFO:__main__:
Results over 2 datasets : rmse=0.0136+/-0.0007, mae=0.0102+/-0.0005,r2=-1.0215+/-0.3586
INFO:__main__:Number of active components  is 18.5000+/-1.5000 out of 36

INFO:__main__:Number of active components  is 15 out of 36

INFO:__main__:Dataset 2, rmse=0.0165, mae=0.0117, r2=-0.8095
INFO:__main__:
Results over 3 datasets : rmse=0.0146+/-0.0015, mae=0.0107+/-0.0008,r2=-0.9508+/-0.3094
INFO:__main__:Number of active components  is 17.3333+/-2.0548 out of 36

INFO:__main__:Number of active components  is 17 out of 36

INFO:__main__:Dataset 3, rmse=0.0143, mae=0.0111, r2=-0.7659
INFO:__main__:
Results over 4 datasets : rmse=0.0145+/-0.0013, mae=0.0108+/-0.0007,r2=-0.9046+/-0.2796
INFO:__main__:Number of active components  is 17.2500+/-1.7854 out of 36

INFO:__main__:Number of active components  is 10 out of 36

INFO:__main__:Dataset 4, rmse=0.0126, mae=0.0096, r2=-0.7023
INFO:__main__:
Results over 5 datasets : rmse=0.0141+/-0.0014, mae=0.0106+/-0.0008,r2=-0.8641+/-0.2629
INFO:__main__:Number of active components  is 15.8000+/-3.3106 out of 36

INFO:__main__:Dataset of dimension  = (536, 8)
INFO:__main__:Number of components to be estimated=36 corresponding to 8 main effects and 28 interaction effects

INFO:__main__:Number of active components  is 17 out of 36

INFO:__main__:Dataset 0, rmse=0.0048, mae=0.0036, r2=0.7278
INFO:__main__:
Results over 1 datasets : rmse=0.0048+/-0.0000, mae=0.0036+/-0.0000,r2=0.7278+/-0.0000
INFO:__main__:Number of active components  is 17.0000+/-0.0000 out of 36

INFO:__main__:Number of active components  is 19 out of 36

INFO:__main__:Dataset 1, rmse=0.0062, mae=0.0046, r2=0.6184
INFO:__main__:
Results over 2 datasets : rmse=0.0055+/-0.0007, mae=0.0041+/-0.0005,r2=0.6731+/-0.0547
INFO:__main__:Number of active components  is 18.0000+/-1.0000 out of 36

INFO:__main__:Number of active components  is 15 out of 36

INFO:__main__:Dataset 2, rmse=0.0063, mae=0.0043, r2=0.7348
INFO:__main__:
Results over 3 datasets : rmse=0.0058+/-0.0007, mae=0.0042+/-0.0004,r2=0.6937+/-0.0533
INFO:__main__:Number of active components  is 17.0000+/-1.6330 out of 36

INFO:__main__:Number of active components  is 15 out of 36

INFO:__main__:Dataset 3, rmse=0.0066, mae=0.0048, r2=0.6256
INFO:__main__:
Results over 4 datasets : rmse=0.0060+/-0.0007, mae=0.0043+/-0.0004,r2=0.6766+/-0.0548
INFO:__main__:Number of active components  is 16.5000+/-1.6583 out of 36

INFO:__main__:Number of active components  is 10 out of 36

INFO:__main__:Dataset 4, rmse=0.0050, mae=0.0037, r2=0.7276
INFO:__main__:
Results over 5 datasets : rmse=0.0058+/-0.0007, mae=0.0042+/-0.0005,r2=0.6868+/-0.0531
INFO:__main__:Number of active components  is 15.2000+/-2.9933 out of 36

INFO:__main__:Dataset of dimension  = (536, 8)
INFO:__main__:Number of components to be estimated=36 corresponding to 8 main effects and 28 interaction effects

INFO:__main__:Number of active components  is 17 out of 36

INFO:__main__:Dataset 0, rmse=0.0055, mae=0.0041, r2=0.6486
INFO:__main__:
Results over 1 datasets : rmse=0.0055+/-0.0000, mae=0.0041+/-0.0000,r2=0.6486+/-0.0000
INFO:__main__:Number of active components  is 17.0000+/-0.0000 out of 36

INFO:__main__:Number of active components  is 15 out of 36

INFO:__main__:Dataset 1, rmse=0.0077, mae=0.0050, r2=0.4136
INFO:__main__:
Results over 2 datasets : rmse=0.0066+/-0.0011, mae=0.0045+/-0.0005,r2=0.5311+/-0.1175
INFO:__main__:Number of active components  is 16.0000+/-1.0000 out of 36

INFO:__main__:Number of active components  is 17 out of 36

INFO:__main__:Dataset 2, rmse=0.0061, mae=0.0044, r2=0.7498
INFO:__main__:
Results over 3 datasets : rmse=0.0064+/-0.0009, mae=0.0045+/-0.0004,r2=0.6040+/-0.1409
INFO:__main__:Number of active components  is 16.3333+/-0.9428 out of 36

INFO:__main__:Number of active components  is 14 out of 36

INFO:__main__:Dataset 3, rmse=0.0056, mae=0.0042, r2=0.7322
INFO:__main__:
Results over 4 datasets : rmse=0.0062+/-0.0009, mae=0.0044+/-0.0003,r2=0.6360+/-0.1340
INFO:__main__:Number of active components  is 15.7500+/-1.2990 out of 36

INFO:__main__:Number of active components  is 13 out of 36

INFO:__main__:Dataset 4, rmse=0.0052, mae=0.0040, r2=0.7106
INFO:__main__:
Results over 5 datasets : rmse=0.0060+/-0.0009, mae=0.0043+/-0.0003,r2=0.6509+/-0.1235
INFO:__main__:Number of active components  is 15.2000+/-1.6000 out of 36

