INFO:__main__:Method lgbayescos_opt running...

INFO:__main__:Dataset energy of dimension  = (768, 8)
INFO:__main__:Number of components to be estimated=36 corresponding to 8 main effects and 28 interaction effects

INFO:__main__:Fold 0, rmse=0.7034, mae=0.4775, r2=0.9954, coverage mean +/- 2.std =1.0000, coverage equal tailed 0.9 interval = 1.0000 
INFO:__main__:Number of active components (giving 99% of the energy) is 10 out of 36

INFO:__main__:
Results over 1 folds : rmse=0.7034+/-0.0000, mae=0.4775+/-0.0000, r2=0.9954+/-0.0000, Coverage1=1.0000+/-0.0000, Coverage2=1.0000+/-0.0000
INFO:__main__:Fold 1, rmse=0.5757, mae=0.4141, r2=0.9968, coverage mean +/- 2.std =1.0000, coverage equal tailed 0.9 interval = 1.0000 
INFO:__main__:Number of active components (giving 99% of the energy) is 9 out of 36

INFO:__main__:
Results over 2 folds : rmse=0.6395+/-0.0639, mae=0.4458+/-0.0317, r2=0.9961+/-0.0007, Coverage1=1.0000+/-0.0000, Coverage2=1.0000+/-0.0000
INFO:__main__:Fold 2, rmse=0.5873, mae=0.4137, r2=0.9966, coverage mean +/- 2.std =1.0000, coverage equal tailed 0.9 interval = 1.0000 
INFO:__main__:Number of active components (giving 99% of the energy) is 9 out of 36

INFO:__main__:
Results over 3 folds : rmse=0.6221+/-0.0577, mae=0.4351+/-0.0300, r2=0.9963+/-0.0006, Coverage1=1.0000+/-0.0000, Coverage2=1.0000+/-0.0000
INFO:__main__:Fold 3, rmse=0.5943, mae=0.4078, r2=0.9960, coverage mean +/- 2.std =1.0000, coverage equal tailed 0.9 interval = 1.0000 
INFO:__main__:Number of active components (giving 99% of the energy) is 9 out of 36

INFO:__main__:
Results over 4 folds : rmse=0.6152+/-0.0514, mae=0.4283+/-0.0285, r2=0.9962+/-0.0006, Coverage1=1.0000+/-0.0000, Coverage2=1.0000+/-0.0000
INFO:__main__:Fold 4, rmse=0.6037, mae=0.4035, r2=0.9966, coverage mean +/- 2.std =1.0000, coverage equal tailed 0.9 interval = 1.0000 
INFO:__main__:Number of active components (giving 99% of the energy) is 9 out of 36

INFO:__main__:
Results over 5 folds : rmse=0.6129+/-0.0462, mae=0.4233+/-0.0274, r2=0.9963+/-0.0005, Coverage1=1.0000+/-0.0000, Coverage2=1.0000+/-0.0000
INFO:__main__:
Results : rmse=0.6129+/-0.0462, mae=0.4233+/-0.0274, r2=0.9963+/-0.0005, Coverage1=1.0000+/-0.0000, Coverage2=1.0000+/-0.0000, active=9.2000+/-0.4000
INFO:__main__:Method lgbayescos_opt running...

INFO:__main__:Dataset energy of dimension  = (768, 8)
INFO:__main__:Number of components to be estimated=36 corresponding to 8 main effects and 28 interaction effects

INFO:__main__:Fold 0, rmse=0.5064, mae=0.3403, r2=0.9976, coverage mean +/- 2.std =0.9221, coverage equal tailed 0.9 interval = 0.9221 
INFO:__main__:Number of active components (giving 99% of the energy) is 3 out of 36

INFO:__main__:
Results over 1 folds : rmse=0.5064+/-0.0000, mae=0.3403+/-0.0000, r2=0.9976+/-0.0000, Coverage1=0.9221+/-0.0000, Coverage2=0.9221+/-0.0000
INFO:__main__:Fold 1, rmse=0.4255, mae=0.3206, r2=0.9982, coverage mean +/- 2.std =0.9610, coverage equal tailed 0.9 interval = 0.9610 
INFO:__main__:Number of active components (giving 99% of the energy) is 3 out of 36

INFO:__main__:
Results over 2 folds : rmse=0.4659+/-0.0405, mae=0.3305+/-0.0098, r2=0.9979+/-0.0003, Coverage1=0.9416+/-0.0195, Coverage2=0.9416+/-0.0195
INFO:__main__:Fold 2, rmse=0.4188, mae=0.3229, r2=0.9983, coverage mean +/- 2.std =0.9675, coverage equal tailed 0.9 interval = 0.9675 
INFO:__main__:Number of active components (giving 99% of the energy) is 3 out of 36

INFO:__main__:
Results over 3 folds : rmse=0.4502+/-0.0398, mae=0.3279+/-0.0088, r2=0.9980+/-0.0003, Coverage1=0.9502+/-0.0201, Coverage2=0.9502+/-0.0201
INFO:__main__:Fold 3, rmse=0.4310, mae=0.3287, r2=0.9979, coverage mean +/- 2.std =0.9739, coverage equal tailed 0.9 interval = 0.9739 
INFO:__main__:Number of active components (giving 99% of the energy) is 3 out of 36

INFO:__main__:
Results over 4 folds : rmse=0.4454+/-0.0355, mae=0.3281+/-0.0076, r2=0.9980+/-0.0003, Coverage1=0.9561+/-0.0202, Coverage2=0.9561+/-0.0202
INFO:__main__:Fold 4, rmse=0.3837, mae=0.2902, r2=0.9986, coverage mean +/- 2.std =0.9869, coverage equal tailed 0.9 interval = 0.9869 
INFO:__main__:Number of active components (giving 99% of the energy) is 3 out of 36

INFO:__main__:
Results over 5 folds : rmse=0.4331+/-0.0402, mae=0.3206+/-0.0166, r2=0.9981+/-0.0004, Coverage1=0.9623+/-0.0218, Coverage2=0.9623+/-0.0218
INFO:__main__:
Results : rmse=0.4331+/-0.0402, mae=0.3206+/-0.0166, r2=0.9981+/-0.0004, Coverage1=0.9623+/-0.0218, Coverage2=0.9623+/-0.0218, active=3.0000+/-0.0000
