INFO:__main__:Method lgbayescos_opt running...

INFO:__main__:Dataset pumadyn of dimension  = (1000, 8)
INFO:__main__:Number of components to be estimated=36 corresponding to 8 main effects and 28 interaction effects

INFO:__main__:Fold 0, rmse=3.7049, mae=2.9672, r2=0.5764, coverage mean +/- 2.std =0.9250, coverage equal tailed 0.9 interval = 0.9250 
INFO:__main__:Number of active components (giving 99% of the energy) is 26 out of 36

INFO:__main__:
Results over 1 folds : rmse=3.7049+/-0.0000, mae=2.9672+/-0.0000, r2=0.5764+/-0.0000, Coverage1=0.9250+/-0.0000, Coverage2=0.9250+/-0.0000
INFO:__main__:Fold 1, rmse=3.3579, mae=2.7723, r2=0.6004, coverage mean +/- 2.std =0.9250, coverage equal tailed 0.9 interval = 0.9250 
INFO:__main__:Number of active components (giving 99% of the energy) is 25 out of 36

INFO:__main__:
Results over 2 folds : rmse=3.5314+/-0.1735, mae=2.8698+/-0.0975, r2=0.5884+/-0.0120, Coverage1=0.9250+/-0.0000, Coverage2=0.9250+/-0.0000
INFO:__main__:Fold 2, rmse=3.7427, mae=2.9222, r2=0.5199, coverage mean +/- 2.std =0.8650, coverage equal tailed 0.9 interval = 0.8650 
INFO:__main__:Number of active components (giving 99% of the energy) is 24 out of 36

INFO:__main__:
Results over 3 folds : rmse=3.6018+/-0.1732, mae=2.8873+/-0.0833, r2=0.5656+/-0.0337, Coverage1=0.9050+/-0.0283, Coverage2=0.9050+/-0.0283
INFO:__main__:Fold 3, rmse=3.2609, mae=2.6578, r2=0.6297, coverage mean +/- 2.std =0.9350, coverage equal tailed 0.9 interval = 0.9350 
INFO:__main__:Number of active components (giving 99% of the energy) is 25 out of 36

INFO:__main__:
Results over 4 folds : rmse=3.5166+/-0.2104, mae=2.8299+/-0.1228, r2=0.5816+/-0.0403, Coverage1=0.9125+/-0.0277, Coverage2=0.9125+/-0.0277
INFO:__main__:Fold 4, rmse=3.7111, mae=2.9606, r2=0.5905, coverage mean +/- 2.std =0.9200, coverage equal tailed 0.9 interval = 0.9200 
INFO:__main__:Number of active components (giving 99% of the energy) is 25 out of 36

INFO:__main__:
Results over 5 folds : rmse=3.5555+/-0.2037, mae=2.8560+/-0.1217, r2=0.5834+/-0.0362, Coverage1=0.9140+/-0.0250, Coverage2=0.9140+/-0.0250
INFO:__main__:
Results : rmse=3.5555+/-0.2037, mae=2.8560+/-0.1217, r2=0.5834+/-0.0362, Coverage1=0.9140+/-0.0250, Coverage2=0.9140+/-0.0250, active=25.0000+/-0.6325
INFO:__main__:Method lgbayescos_opt running...

INFO:__main__:Dataset pumadyn of dimension  = (1000, 8)
INFO:__main__:Number of components to be estimated=36 corresponding to 8 main effects and 28 interaction effects

INFO:__main__:Fold 0, rmse=3.2009, mae=2.4348, r2=0.6838, coverage mean +/- 2.std =0.9350, coverage equal tailed 0.9 interval = 0.9350 
INFO:__main__:Number of active components (giving 99% of the energy) is 5 out of 36

INFO:__main__:
Results over 1 folds : rmse=3.2009+/-0.0000, mae=2.4348+/-0.0000, r2=0.6838+/-0.0000, Coverage1=0.9350+/-0.0000, Coverage2=0.9350+/-0.0000
INFO:__main__:Fold 1, rmse=2.9572, mae=2.3196, r2=0.6901, coverage mean +/- 2.std =0.9550, coverage equal tailed 0.9 interval = 0.9550 
INFO:__main__:Number of active components (giving 99% of the energy) is 4 out of 36

INFO:__main__:
Results over 2 folds : rmse=3.0790+/-0.1218, mae=2.3772+/-0.0576, r2=0.6869+/-0.0031, Coverage1=0.9450+/-0.0100, Coverage2=0.9450+/-0.0100
INFO:__main__:Fold 2, rmse=3.6019, mae=2.7775, r2=0.5554, coverage mean +/- 2.std =0.9100, coverage equal tailed 0.9 interval = 0.9100 
INFO:__main__:Number of active components (giving 99% of the energy) is 3 out of 36

INFO:__main__:
Results over 3 folds : rmse=3.2533+/-0.2658, mae=2.5106+/-0.1945, r2=0.6431+/-0.0621, Coverage1=0.9333+/-0.0184, Coverage2=0.9333+/-0.0184
INFO:__main__:Fold 3, rmse=2.9733, mae=2.2761, r2=0.6922, coverage mean +/- 2.std =0.9500, coverage equal tailed 0.9 interval = 0.9500 
INFO:__main__:Number of active components (giving 99% of the energy) is 3 out of 36

INFO:__main__:
Results over 4 folds : rmse=3.1833+/-0.2602, mae=2.4520+/-0.1967, r2=0.6553+/-0.0578, Coverage1=0.9375+/-0.0175, Coverage2=0.9375+/-0.0175
INFO:__main__:Fold 4, rmse=3.1367, mae=2.4530, r2=0.7074, coverage mean +/- 2.std =0.9500, coverage equal tailed 0.9 interval = 0.9500 
INFO:__main__:Number of active components (giving 99% of the energy) is 7 out of 36

INFO:__main__:
Results over 5 folds : rmse=3.1740+/-0.2334, mae=2.4522+/-0.1759, r2=0.6658+/-0.0557, Coverage1=0.9400+/-0.0164, Coverage2=0.9400+/-0.0164
INFO:__main__:
Results : rmse=3.1740+/-0.2334, mae=2.4522+/-0.1759, r2=0.6658+/-0.0557, Coverage1=0.9400+/-0.0164, Coverage2=0.9400+/-0.0164, active=4.4000+/-1.4967
