INFO:__main__:Dataset of dimension  = (100, 10)
INFO:__main__:Number of components to be estimated=55 corresponding to 10 main effects and 45 interaction effects

INFO:__main__:Number of active components  is 5 out of 55

INFO:__main__:Dataset 0, rmse=1.7378, mae=1.4275, r2=0.8408
INFO:__main__:TP: 4.00000, TN : 47.00000, FP : 1.00000, FN : 3.00000

INFO:__main__:
Results over 0 datasets : rmse=1.7378+/-0.0000, mae=1.4275+/-0.0000,r2=0.8408+/-0.0000,TP=4.0000+/-0.0000,TN=47.0000+/-0.0000, FP=1.0000+/-0.0000,FN=3.0000+/-0.0000
INFO:__main__:Number of active components  is 8 out of 55

INFO:__main__:Dataset 1, rmse=2.6053, mae=2.1204, r2=0.5663
INFO:__main__:TP: 3.00000, TN : 43.00000, FP : 5.00000, FN : 4.00000

INFO:__main__:
Results over 1 datasets : rmse=2.1716+/-0.4337, mae=1.7740+/-0.3464,r2=0.7035+/-0.1373,TP=3.5000+/-0.5000,TN=45.0000+/-2.0000, FP=3.0000+/-2.0000,FN=3.5000+/-0.5000
INFO:__main__:Number of active components  is 11 out of 55

INFO:__main__:Dataset 2, rmse=1.9815, mae=1.5649, r2=0.6476
INFO:__main__:TP: 7.00000, TN : 44.00000, FP : 4.00000, FN : 0.00000

INFO:__main__:
Results over 2 datasets : rmse=2.1082+/-0.3653, mae=1.7043+/-0.2996,r2=0.6849+/-0.1151,TP=4.6667+/-1.6997,TN=44.6667+/-1.6997, FP=3.3333+/-1.6997,FN=2.3333+/-1.6997
INFO:__main__:Number of active components  is 10 out of 55

INFO:__main__:Dataset 3, rmse=3.0070, mae=2.3987, r2=0.4102
INFO:__main__:TP: 4.00000, TN : 42.00000, FP : 6.00000, FN : 3.00000

INFO:__main__:
Results over 3 datasets : rmse=2.3329+/-0.5015, mae=1.8779+/-0.3971,r2=0.6162+/-0.1552,TP=4.5000+/-1.5000,TN=44.0000+/-1.8708, FP=4.0000+/-1.8708,FN=2.5000+/-1.5000
INFO:__main__:Number of active components  is 5 out of 55

INFO:__main__:Dataset 4, rmse=1.5534, mae=1.2213, r2=0.8891
INFO:__main__:TP: 4.00000, TN : 47.00000, FP : 1.00000, FN : 3.00000

INFO:__main__:
Results over 4 datasets : rmse=2.1770+/-0.5463, mae=1.7466+/-0.4418,r2=0.6708+/-0.1766,TP=4.4000+/-1.3565,TN=44.6000+/-2.0591, FP=3.4000+/-2.0591,FN=2.6000+/-1.3565
INFO:__main__:Number of active components  is 11 out of 55

INFO:__main__:Dataset 5, rmse=2.8091, mae=2.3281, r2=0.6121
INFO:__main__:TP: 5.00000, TN : 42.00000, FP : 6.00000, FN : 2.00000

INFO:__main__:
Results over 5 datasets : rmse=2.2824+/-0.5515, mae=1.8435+/-0.4578,r2=0.6610+/-0.1627,TP=4.5000+/-1.2583,TN=44.1667+/-2.1148, FP=3.8333+/-2.1148,FN=2.5000+/-1.2583
INFO:__main__:Number of active components  is 9 out of 55

INFO:__main__:Dataset 6, rmse=1.6836, mae=1.3565, r2=0.7784
INFO:__main__:TP: 6.00000, TN : 45.00000, FP : 3.00000, FN : 1.00000

INFO:__main__:
Results over 6 datasets : rmse=2.1968+/-0.5520, mae=1.7739+/-0.4568,r2=0.6778+/-0.1561,TP=4.7143+/-1.2778,TN=44.2857+/-1.9795, FP=3.7143+/-1.9795,FN=2.2857+/-1.2778
INFO:__main__:Number of active components  is 11 out of 55

INFO:__main__:Dataset 7, rmse=2.2934, mae=1.7714, r2=0.7120
INFO:__main__:TP: 6.00000, TN : 43.00000, FP : 5.00000, FN : 1.00000

INFO:__main__:
Results over 7 datasets : rmse=2.2089+/-0.5173, mae=1.7736+/-0.4273,r2=0.6821+/-0.1465,TP=4.8750+/-1.2686,TN=44.1250+/-1.8998, FP=3.8750+/-1.8998,FN=2.1250+/-1.2686
INFO:__main__:Number of active components  is 10 out of 55

INFO:__main__:Dataset 8, rmse=1.5586, mae=1.2196, r2=0.8705
INFO:__main__:TP: 6.00000, TN : 44.00000, FP : 4.00000, FN : 1.00000

INFO:__main__:
Results over 8 datasets : rmse=2.1366+/-0.5288, mae=1.7120+/-0.4389,r2=0.7030+/-0.1502,TP=5.0000+/-1.2472,TN=44.1111+/-1.7916, FP=3.8889+/-1.7916,FN=2.0000+/-1.2472
INFO:__main__:Number of active components  is 11 out of 55

INFO:__main__:Dataset 9, rmse=2.4240, mae=1.8735, r2=0.6777
INFO:__main__:TP: 4.00000, TN : 41.00000, FP : 7.00000, FN : 3.00000

INFO:__main__:
Results over 9 datasets : rmse=2.1654+/-0.5090, mae=1.7282+/-0.4192,r2=0.7005+/-0.1427,TP=4.9000+/-1.2207,TN=43.8000+/-1.9391, FP=4.2000+/-1.9391,FN=2.1000+/-1.2207
