INFO:__main__:Method ss running...

INFO:__main__:Dataset autompg of dimension  = (392, 7)
INFO:__main__:Number of components to be estimated=28 corresponding to 7 main effects and 21 interaction effects

INFO:__main__:Fold 0, rmse=2.5751, mae=1.9013, r2=0.8963, coverage mean +/- 2.std =0.0000, coverage equal tailed 0.9 interval = 0.0000 
INFO:__main__:Best results for alpha=1.0000000116860974e-07 giving error=0.07968612015247345
INFO:__main__:Number of active components (giving 99% of the energy) is 16 out of 28

INFO:__main__:
Results over 1 folds : rmse=2.5751+/-0.0000, mae=1.9013+/-0.0000, r2=0.8963+/-0.0000, Coverage1=0.0000+/-0.0000, Coverage2=0.0000+/-0.0000
INFO:__main__:Fold 1, rmse=2.3723, mae=1.6772, r2=0.8965, coverage mean +/- 2.std =0.0000, coverage equal tailed 0.9 interval = 0.0000 
INFO:__main__:Best results for alpha=1.0000000116860974e-07 giving error=0.07757873833179474
INFO:__main__:Number of active components (giving 99% of the energy) is 17 out of 28

INFO:__main__:
Results over 2 folds : rmse=2.4737+/-0.1014, mae=1.7892+/-0.1120, r2=0.8964+/-0.0001, Coverage1=0.0000+/-0.0000, Coverage2=0.0000+/-0.0000
INFO:__main__:Fold 2, rmse=2.3231, mae=1.7781, r2=0.9019, coverage mean +/- 2.std =0.0000, coverage equal tailed 0.9 interval = 0.0000 
INFO:__main__:Best results for alpha=1.0000000116860974e-07 giving error=0.08131034672260284
INFO:__main__:Number of active components (giving 99% of the energy) is 17 out of 28

INFO:__main__:
Results over 3 folds : rmse=2.4235+/-0.1090, mae=1.7855+/-0.0916, r2=0.8982+/-0.0026, Coverage1=0.0000+/-0.0000, Coverage2=0.0000+/-0.0000
INFO:__main__:Fold 3, rmse=2.9639, mae=1.9912, r2=0.8372, coverage mean +/- 2.std =0.0000, coverage equal tailed 0.9 interval = 0.0000 
INFO:__main__:Best results for alpha=1.0000000116860974e-07 giving error=0.07218573242425919
INFO:__main__:Number of active components (giving 99% of the energy) is 16 out of 28

INFO:__main__:
Results over 4 folds : rmse=2.5586+/-0.2523, mae=1.8369+/-0.1193, r2=0.8830+/-0.0265, Coverage1=0.0000+/-0.0000, Coverage2=0.0000+/-0.0000
INFO:__main__:Fold 4, rmse=3.0728, mae=2.1882, r2=0.8730, coverage mean +/- 2.std =0.0000, coverage equal tailed 0.9 interval = 0.0000 
INFO:__main__:Best results for alpha=1.0000000116860974e-07 giving error=0.07778079062700272
INFO:__main__:Number of active components (giving 99% of the energy) is 18 out of 28

INFO:__main__:
Results over 5 folds : rmse=2.6614+/-0.3053, mae=1.9072+/-0.1764, r2=0.8810+/-0.0241, Coverage1=0.0000+/-0.0000, Coverage2=0.0000+/-0.0000
INFO:__main__:
Results : rmse=2.6614+/-0.3053, mae=1.9072+/-0.1764, r2=0.8810+/-0.0241, Coverage1=0.0000+/-0.0000, Coverage2=0.0000+/-0.0000, active=16.8000+/-0.7483
