INFO:__main__:Method lgbayescos running...

INFO:__main__:Dataset autompg of dimension  = (392, 7)
INFO:__main__:Number of components to be estimated=28 corresponding to 7 main effects and 21 interaction effects

INFO:__main__:Fold 0, rmse=2.5840, mae=1.8939, r2=0.8956, coverage mean +/- 2.std =0.7975, coverage equal tailed 0.9 interval = 0.7848 
INFO:__main__:Number of active components (giving 99% of the energy) is 13 out of 28

INFO:__main__:
Results over 1 folds : rmse=2.5840+/-0.0000, mae=1.8939+/-0.0000, r2=0.8956+/-0.0000, Coverage1=0.7975+/-0.0000, Coverage2=0.7848+/-0.0000
INFO:__main__:Fold 1, rmse=2.4022, mae=1.6804, r2=0.8938, coverage mean +/- 2.std =0.8101, coverage equal tailed 0.9 interval = 0.8101 
INFO:__main__:Number of active components (giving 99% of the energy) is 14 out of 28

INFO:__main__:
Results over 2 folds : rmse=2.4931+/-0.0909, mae=1.7871+/-0.1068, r2=0.8947+/-0.0009, Coverage1=0.8038+/-0.0063, Coverage2=0.7975+/-0.0127
INFO:__main__:Fold 2, rmse=2.2340, mae=1.7300, r2=0.9093, coverage mean +/- 2.std =0.8205, coverage equal tailed 0.9 interval = 0.8205 
INFO:__main__:Number of active components (giving 99% of the energy) is 17 out of 28

INFO:__main__:
Results over 3 folds : rmse=2.4068+/-0.1429, mae=1.7681+/-0.0912, r2=0.8996+/-0.0069, Coverage1=0.8094+/-0.0094, Coverage2=0.8051+/-0.0150
INFO:__main__:Fold 3, rmse=2.9976, mae=1.9952, r2=0.8334, coverage mean +/- 2.std =0.8718, coverage equal tailed 0.9 interval = 0.8590 
INFO:__main__:Number of active components (giving 99% of the energy) is 17 out of 28

INFO:__main__:
Results over 4 folds : rmse=2.5545+/-0.2842, mae=1.8249+/-0.1261, r2=0.8830+/-0.0292, Coverage1=0.8250+/-0.0282, Coverage2=0.8186+/-0.0267
INFO:__main__:Fold 4, rmse=3.0187, mae=2.1452, r2=0.8775, coverage mean +/- 2.std =0.7564, coverage equal tailed 0.9 interval = 0.7179 
INFO:__main__:Number of active components (giving 99% of the energy) is 16 out of 28

INFO:__main__:
Results over 5 folds : rmse=2.6473+/-0.3148, mae=1.8889+/-0.1707, r2=0.8819+/-0.0263, Coverage1=0.8113+/-0.0373, Coverage2=0.7985+/-0.0468
INFO:__main__:
Results : rmse=2.6473+/-0.3148, mae=1.8889+/-0.1707, r2=0.8819+/-0.0263, Coverage1=0.8113+/-0.0373, Coverage2=0.7985+/-0.0468, active=15.4000+/-1.6248
INFO:__main__:Method lgbayescos running...

INFO:__main__:Dataset autompg of dimension  = (392, 7)
INFO:__main__:Number of components to be estimated=28 corresponding to 7 main effects and 21 interaction effects

INFO:__main__:Fold 0, rmse=2.5826, mae=1.8858, r2=0.8957, coverage mean +/- 2.std =0.9367, coverage equal tailed 0.9 interval = 0.9367 
INFO:__main__:Number of active components (giving 99% of the energy) is 13 out of 28

INFO:__main__:
Results over 1 folds : rmse=2.5826+/-0.0000, mae=1.8858+/-0.0000, r2=0.8957+/-0.0000, Coverage1=0.9367+/-0.0000, Coverage2=0.9367+/-0.0000
INFO:__main__:Fold 1, rmse=2.3971, mae=1.6667, r2=0.8943, coverage mean +/- 2.std =0.9620, coverage equal tailed 0.9 interval = 0.9620 
INFO:__main__:Number of active components (giving 99% of the energy) is 14 out of 28

INFO:__main__:
Results over 2 folds : rmse=2.4899+/-0.0927, mae=1.7762+/-0.1095, r2=0.8950+/-0.0007, Coverage1=0.9494+/-0.0127, Coverage2=0.9494+/-0.0127
INFO:__main__:Fold 2, rmse=2.2516, mae=1.7411, r2=0.9078, coverage mean +/- 2.std =0.9744, coverage equal tailed 0.9 interval = 0.9744 
INFO:__main__:Number of active components (giving 99% of the energy) is 14 out of 28

INFO:__main__:
Results over 3 folds : rmse=2.4104+/-0.1354, mae=1.7645+/-0.0910, r2=0.8993+/-0.0061, Coverage1=0.9577+/-0.0157, Coverage2=0.9577+/-0.0157
INFO:__main__:Fold 3, rmse=2.9860, mae=1.9887, r2=0.8347, coverage mean +/- 2.std =0.9744, coverage equal tailed 0.9 interval = 0.9744 
INFO:__main__:Number of active components (giving 99% of the energy) is 10 out of 28

INFO:__main__:
Results over 4 folds : rmse=2.5543+/-0.2754, mae=1.8206+/-0.1250, r2=0.8831+/-0.0284, Coverage1=0.9619+/-0.0154, Coverage2=0.9619+/-0.0154
INFO:__main__:Fold 4, rmse=3.0300, mae=2.1424, r2=0.8766, coverage mean +/- 2.std =0.9103, coverage equal tailed 0.9 interval = 0.8846 
INFO:__main__:Number of active components (giving 99% of the energy) is 14 out of 28

INFO:__main__:
Results over 5 folds : rmse=2.6495+/-0.3113, mae=1.8849+/-0.1705, r2=0.8818+/-0.0256, Coverage1=0.9515+/-0.0248, Coverage2=0.9464+/-0.0338
INFO:__main__:
Results : rmse=2.6495+/-0.3113, mae=1.8849+/-0.1705, r2=0.8818+/-0.0256, Coverage1=0.9515+/-0.0248, Coverage2=0.9464+/-0.0338, active=13.0000+/-1.5492
