INFO:__main__:Method ss running...

INFO:__main__:Dataset of dimension  = (100, 10)
INFO:__main__:Number of components to be estimated=55 corresponding to 10 main effects and 45 interaction effects

INFO:__main__:Dataset 0, rmse=2.6043, mae=2.2215, r2=0.6425, coverage mean +/- 2.std =0.0000, coverage equal tailed 0.9 interval = 0.0000 
INFO:__main__:Best results for alpha=2.1544354922298226e-07 giving error=3.756744623184204
INFO:__main__:Number of active components (giving 99% of the energy) is 34 out of 55

INFO:__main__:TP: 6.00000, TN : 20.00000, FP : 28.00000, FN : 1.00000

INFO:__main__:
Results over 0 datasets : rmse=2.6043+/-0.0000, mae=2.2215+/-0.0000,                  r2=0.6425+/-0.0000, Coverage1=0.0000+/-0.0000,                      Coverage2=0.0000+/-0.0000,                      TP=6.0000+/-0.0000, TN=20.0000+/-0.0000,                           FP=28.0000+/-0.0000, FN=1.0000+/-0.0000
INFO:__main__:Dataset 1, rmse=2.5596, mae=1.8787, r2=0.5813, coverage mean +/- 2.std =0.0000, coverage equal tailed 0.9 interval = 0.0000 
INFO:__main__:Best results for alpha=1.0722671817120499e-07 giving error=2.5479907989501953
INFO:__main__:Number of active components (giving 99% of the energy) is 35 out of 55

INFO:__main__:TP: 7.00000, TN : 20.00000, FP : 28.00000, FN : 0.00000

INFO:__main__:
Results over 1 datasets : rmse=2.5819+/-0.0223, mae=2.0501+/-0.1714,                  r2=0.6119+/-0.0306, Coverage1=0.0000+/-0.0000,                      Coverage2=0.0000+/-0.0000,                      TP=6.5000+/-0.5000, TN=20.0000+/-0.0000,                           FP=28.0000+/-0.0000, FN=0.5000+/-0.5000
INFO:__main__:Dataset 2, rmse=2.1338, mae=1.5933, r2=0.5914, coverage mean +/- 2.std =0.0000, coverage equal tailed 0.9 interval = 0.0000 
INFO:__main__:Best results for alpha=2.848036092473194e-05 giving error=4.155100345611572
INFO:__main__:Number of active components (giving 99% of the energy) is 35 out of 55

INFO:__main__:TP: 6.00000, TN : 19.00000, FP : 29.00000, FN : 1.00000

INFO:__main__:
Results over 2 datasets : rmse=2.4326+/-0.2120, mae=1.8978+/-0.2568,                  r2=0.6051+/-0.0268, Coverage1=0.0000+/-0.0000,                      Coverage2=0.0000+/-0.0000,                      TP=6.3333+/-0.4714, TN=19.6667+/-0.4714,                           FP=28.3333+/-0.4714, FN=0.6667+/-0.4714
INFO:__main__:Dataset 3, rmse=2.0845, mae=1.6089, r2=0.7166, coverage mean +/- 2.std =0.0000, coverage equal tailed 0.9 interval = 0.0000 
INFO:__main__:Best results for alpha=3.2745455236238286e-09 giving error=3.7326865196228027
INFO:__main__:Number of active components (giving 99% of the energy) is 35 out of 55

INFO:__main__:TP: 7.00000, TN : 20.00000, FP : 28.00000, FN : 0.00000

INFO:__main__:
Results over 3 datasets : rmse=2.3455+/-0.2376, mae=1.8256+/-0.2552,                  r2=0.6330+/-0.0536, Coverage1=0.0000+/-0.0000,                      Coverage2=0.0000+/-0.0000,                      TP=6.5000+/-0.5000, TN=19.7500+/-0.4330,                           FP=28.2500+/-0.4330, FN=0.5000+/-0.5000
INFO:__main__:Dataset 4, rmse=2.4743, mae=2.0276, r2=0.7186, coverage mean +/- 2.std =0.0000, coverage equal tailed 0.9 interval = 0.0000 
INFO:__main__:Best results for alpha=0.0013219407992437482 giving error=3.557555675506592
INFO:__main__:Number of active components (giving 99% of the energy) is 37 out of 55

INFO:__main__:TP: 6.00000, TN : 17.00000, FP : 31.00000, FN : 1.00000

INFO:__main__:
Results over 4 datasets : rmse=2.3713+/-0.2186, mae=1.8660+/-0.2421,                  r2=0.6501+/-0.0589, Coverage1=0.0000+/-0.0000,                      Coverage2=0.0000+/-0.0000,                      TP=6.4000+/-0.4899, TN=19.2000+/-1.1662,                           FP=28.8000+/-1.1662, FN=0.6000+/-0.4899
INFO:__main__:Dataset 5, rmse=3.2427, mae=2.6315, r2=0.4832, coverage mean +/- 2.std =0.0000, coverage equal tailed 0.9 interval = 0.0000 
INFO:__main__:Best results for alpha=0.0013219407992437482 giving error=4.125006198883057
INFO:__main__:Number of active components (giving 99% of the energy) is 38 out of 55

INFO:__main__:TP: 7.00000, TN : 17.00000, FP : 31.00000, FN : 0.00000

INFO:__main__:
Results over 5 datasets : rmse=2.5165+/-0.3812, mae=1.9936+/-0.3609,                  r2=0.6223+/-0.0822, Coverage1=0.0000+/-0.0000,                      Coverage2=0.0000+/-0.0000,                      TP=6.5000+/-0.5000, TN=18.8333+/-1.3437,                           FP=29.1667+/-1.3437, FN=0.5000+/-0.5000
INFO:__main__:Dataset 6, rmse=2.1973, mae=1.7816, r2=0.6226, coverage mean +/- 2.std =0.0000, coverage equal tailed 0.9 interval = 0.0000 
INFO:__main__:Best results for alpha=0.0006579331238754094 giving error=3.6328322887420654
INFO:__main__:Number of active components (giving 99% of the energy) is 32 out of 55

INFO:__main__:TP: 7.00000, TN : 23.00000, FP : 25.00000, FN : 0.00000

INFO:__main__:
Results over 6 datasets : rmse=2.4709+/-0.3702, mae=1.9633+/-0.3422,                  r2=0.6223+/-0.0761, Coverage1=0.0000+/-0.0000,                      Coverage2=0.0000+/-0.0000,                      TP=6.5714+/-0.4949, TN=19.4286+/-1.9166,                           FP=28.5714+/-1.9166, FN=0.4286+/-0.4949
INFO:__main__:Dataset 7, rmse=2.3442, mae=1.7483, r2=0.6991, coverage mean +/- 2.std =0.0000, coverage equal tailed 0.9 interval = 0.0000 
INFO:__main__:Best results for alpha=0.0013219407992437482 giving error=3.387896776199341
INFO:__main__:Number of active components (giving 99% of the energy) is 38 out of 55

INFO:__main__:TP: 7.00000, TN : 17.00000, FP : 31.00000, FN : 0.00000

INFO:__main__:
Results over 7 datasets : rmse=2.4551+/-0.3488, mae=1.9364+/-0.3279,                  r2=0.6319+/-0.0756, Coverage1=0.0000+/-0.0000,                      Coverage2=0.0000+/-0.0000,                      TP=6.6250+/-0.4841, TN=19.1250+/-1.9645,                           FP=28.8750+/-1.9645, FN=0.3750+/-0.4841
INFO:__main__:Dataset 8, rmse=2.4111, mae=1.8678, r2=0.6901, coverage mean +/- 2.std =0.0000, coverage equal tailed 0.9 interval = 0.0000 
INFO:__main__:Best results for alpha=0.000464158714748919 giving error=2.9446961879730225
INFO:__main__:Number of active components (giving 99% of the energy) is 39 out of 55

INFO:__main__:TP: 7.00000, TN : 16.00000, FP : 32.00000, FN : 0.00000

INFO:__main__:
Results over 8 datasets : rmse=2.4502+/-0.3291, mae=1.9288+/-0.3099,                  r2=0.6384+/-0.0736, Coverage1=0.0000+/-0.0000,                      Coverage2=0.0000+/-0.0000,                      TP=6.6667+/-0.4714, TN=18.7778+/-2.0964,                           FP=29.2222+/-2.0964, FN=0.3333+/-0.4714
INFO:__main__:Dataset 9, rmse=2.3177, mae=1.9169, r2=0.7053, coverage mean +/- 2.std =0.0000, coverage equal tailed 0.9 interval = 0.0000 
INFO:__main__:Best results for alpha=0.0018738183425739408 giving error=3.7707738876342773
INFO:__main__:Number of active components (giving 99% of the energy) is 34 out of 55

INFO:__main__:TP: 7.00000, TN : 21.00000, FP : 27.00000, FN : 0.00000

INFO:__main__:
Results over 9 datasets : rmse=2.4369+/-0.3148, mae=1.9276+/-0.2941,                  r2=0.6451+/-0.0726, Coverage1=0.0000+/-0.0000,                      Coverage2=0.0000+/-0.0000,                      TP=6.7000+/-0.4583, TN=19.0000+/-2.0976,                           FP=29.0000+/-2.0976, FN=0.3000+/-0.4583
