INFO:__main__:Method cosso running...

INFO:__main__:Dataset yacht of dimension  = (306, 6)
INFO:__main__:Number of components to be estimated=21 corresponding to 6 main effects and 15 interaction effects

INFO:__main__:Fold 0, rmse=1.8505, mae=1.1395, r2=0.9864, coverage mean +/- 2.std =0.0000, coverage equal tailed 0.9 interval = 0.0000 
INFO:__main__:Best results for M=5.994841103529325e-06 giving error=0.006710422225296497
INFO:__main__:Number of active components (giving 99% of the energy) is 0 out of 21

INFO:__main__:
Results over 1 folds : rmse=1.8505+/-0.0000, mae=1.1395+/-0.0000, r2=0.9864+/-0.0000, Coverage1=0.0000+/-0.0000, Coverage2=0.0000+/-0.0000
INFO:__main__:Fold 1, rmse=1.6462, mae=0.9483, r2=0.9862, coverage mean +/- 2.std =0.0000, coverage equal tailed 0.9 interval = 0.0000 
INFO:__main__:Best results for M=0.0027825592551380396 giving error=0.009458486922085285
INFO:__main__:Number of active components (giving 99% of the energy) is 0 out of 21

INFO:__main__:
Results over 2 folds : rmse=1.7483+/-0.1021, mae=1.0439+/-0.0956, r2=0.9863+/-0.0001, Coverage1=0.0000+/-0.0000, Coverage2=0.0000+/-0.0000
INFO:__main__:Fold 2, rmse=1.1646, mae=0.7826, r2=0.9928, coverage mean +/- 2.std =0.0000, coverage equal tailed 0.9 interval = 0.0000 
INFO:__main__:Best results for M=0.0027825592551380396 giving error=0.012837417423725128
INFO:__main__:Number of active components (giving 99% of the energy) is 0 out of 21

INFO:__main__:
Results over 3 folds : rmse=1.5537+/-0.2876, mae=0.9568+/-0.1458, r2=0.9885+/-0.0031, Coverage1=0.0000+/-0.0000, Coverage2=0.0000+/-0.0000
INFO:__main__:Fold 3, rmse=1.0381, mae=0.7389, r2=0.9920, coverage mean +/- 2.std =0.0000, coverage equal tailed 0.9 interval = 0.0000 
INFO:__main__:Best results for M=0.0027825592551380396 giving error=0.011241402477025986
INFO:__main__:Number of active components (giving 99% of the energy) is 0 out of 21

INFO:__main__:
Results over 4 folds : rmse=1.4248+/-0.3345, mae=0.9023+/-0.1576, r2=0.9894+/-0.0031, Coverage1=0.0000+/-0.0000, Coverage2=0.0000+/-0.0000
INFO:__main__:Fold 4, rmse=3.0278, mae=1.4460, r2=0.9728, coverage mean +/- 2.std =0.0000, coverage equal tailed 0.9 interval = 0.0000 
INFO:__main__:Best results for M=0.1668100506067276 giving error=0.018895994871854782
INFO:__main__:Number of active components (giving 99% of the energy) is 0 out of 21

INFO:__main__:
Results over 5 folds : rmse=1.7454+/-0.7075, mae=1.0110+/-0.2592, r2=0.9861+/-0.0072, Coverage1=0.0000+/-0.0000, Coverage2=0.0000+/-0.0000
INFO:__main__:
Results : rmse=1.7454+/-0.7075, mae=1.0110+/-0.2592, r2=0.9861+/-0.0072, Coverage1=0.0000+/-0.0000, Coverage2=0.0000+/-0.0000, active=0.0000+/-0.0000
