INFO:__main__:Dataset of dimension  = (100, 55)
INFO:__main__:Number of components to be estimated=55 main effects

INFO:__main__:Number of components to be estimated=1540 corresponding to 55 main effects and 1485 interaction effects

INFO:__main__:Number of active components  is 6 out of 55

INFO:__main__:Dataset 0, rmse=2.4026, mae=1.8933, r2=0.5918
INFO:__main__:TP: 3.00000, TN : 48.00000, FP : 3.00000, FN : 1.00000

INFO:__main__:
Results over 0 datasets : rmse=2.4026+/-0.0000, mae=1.8933+/-0.0000,r2=0.5918+/-0.0000,TP=3.0000+/-0.0000,TN=48.0000+/-0.0000, FP=3.0000+/-0.0000,FN=1.0000+/-0.0000
INFO:__main__:Number of active components  is 4 out of 55

INFO:__main__:Dataset 1, rmse=2.0614, mae=1.6660, r2=0.7724
INFO:__main__:TP: 3.00000, TN : 50.00000, FP : 1.00000, FN : 1.00000

INFO:__main__:
Results over 1 datasets : rmse=2.2320+/-0.1706, mae=1.7796+/-0.1137,r2=0.6821+/-0.0903,TP=3.0000+/-0.0000,TN=49.0000+/-1.0000, FP=2.0000+/-1.0000,FN=1.0000+/-0.0000
INFO:__main__:Number of active components  is 6 out of 55

INFO:__main__:Dataset 2, rmse=1.8446, mae=1.3803, r2=0.7596
INFO:__main__:TP: 4.00000, TN : 49.00000, FP : 2.00000, FN : 0.00000

INFO:__main__:
Results over 2 datasets : rmse=2.1028+/-0.2297, mae=1.6465+/-0.2099,r2=0.7079+/-0.0823,TP=3.3333+/-0.4714,TN=49.0000+/-0.8165, FP=2.0000+/-0.8165,FN=0.6667+/-0.4714
INFO:__main__:Number of active components  is 3 out of 55

INFO:__main__:Dataset 3, rmse=1.7094, mae=1.3752, r2=0.7821
INFO:__main__:TP: 3.00000, TN : 51.00000, FP : 0.00000, FN : 1.00000

INFO:__main__:
Results over 3 datasets : rmse=2.0045+/-0.2619, mae=1.5787+/-0.2164,r2=0.7265+/-0.0782,TP=3.2500+/-0.4330,TN=49.5000+/-1.1180, FP=1.5000+/-1.1180,FN=0.7500+/-0.4330
INFO:__main__:Number of active components  is 6 out of 55

INFO:__main__:Dataset 4, rmse=1.5382, mae=1.2337, r2=0.8915
INFO:__main__:TP: 4.00000, TN : 49.00000, FP : 2.00000, FN : 0.00000

INFO:__main__:
Results over 4 datasets : rmse=1.9112+/-0.2994, mae=1.5097+/-0.2377,r2=0.7595+/-0.0962,TP=3.4000+/-0.4899,TN=49.4000+/-1.0198, FP=1.6000+/-1.0198,FN=0.6000+/-0.4899
INFO:__main__:Number of active components  is 7 out of 55

INFO:__main__:Dataset 5, rmse=1.8886, mae=1.4821, r2=0.8052
INFO:__main__:TP: 4.00000, TN : 48.00000, FP : 3.00000, FN : 0.00000

INFO:__main__:
Results over 5 datasets : rmse=1.9074+/-0.2735, mae=1.5051+/-0.2173,r2=0.7671+/-0.0894,TP=3.5000+/-0.5000,TN=49.1667+/-1.0672, FP=1.8333+/-1.0672,FN=0.5000+/-0.5000
INFO:__main__:Number of active components  is 5 out of 55

INFO:__main__:Dataset 6, rmse=2.6235, mae=2.1718, r2=0.6642
INFO:__main__:TP: 3.00000, TN : 49.00000, FP : 2.00000, FN : 1.00000

INFO:__main__:
Results over 6 datasets : rmse=2.0097+/-0.3562, mae=1.6003+/-0.3080,r2=0.7524+/-0.0903,TP=3.4286+/-0.4949,TN=49.1429+/-0.9897, FP=1.8571+/-0.9897,FN=0.5714+/-0.4949
INFO:__main__:Number of active components  is 5 out of 55

INFO:__main__:Dataset 7, rmse=2.4757, mae=1.9720, r2=0.5973
INFO:__main__:TP: 3.00000, TN : 49.00000, FP : 2.00000, FN : 1.00000

INFO:__main__:
Results over 7 datasets : rmse=2.0680+/-0.3671, mae=1.6468+/-0.3133,r2=0.7330+/-0.0988,TP=3.3750+/-0.4841,TN=49.1250+/-0.9270, FP=1.8750+/-0.9270,FN=0.6250+/-0.4841
INFO:__main__:Number of active components  is 7 out of 55

INFO:__main__:Dataset 8, rmse=2.6957, mae=2.2917, r2=0.3354
INFO:__main__:TP: 4.00000, TN : 48.00000, FP : 3.00000, FN : 0.00000

INFO:__main__:
Results over 8 datasets : rmse=2.1377+/-0.3984, mae=1.7184+/-0.3582,r2=0.6888+/-0.1558,TP=3.4444+/-0.4969,TN=49.0000+/-0.9428, FP=2.0000+/-0.9428,FN=0.5556+/-0.4969
INFO:__main__:Number of active components  is 7 out of 55

INFO:__main__:Dataset 9, rmse=2.4286, mae=2.0522, r2=0.6483
INFO:__main__:TP: 4.00000, TN : 48.00000, FP : 3.00000, FN : 0.00000

INFO:__main__:
Results over 9 datasets : rmse=2.1668+/-0.3879, mae=1.7518+/-0.3543,r2=0.6848+/-0.1484,TP=3.5000+/-0.5000,TN=48.9000+/-0.9434, FP=2.1000+/-0.9434,FN=0.5000+/-0.5000
INFO:__main__:Dataset of dimension  = (100, 55)
INFO:__main__:Number of components to be estimated=55 main effects

INFO:__main__:Number of components to be estimated=1540 corresponding to 55 main effects and 1485 interaction effects

INFO:__main__:Number of active components  is 6 out of 55

INFO:__main__:Dataset 0, rmse=2.4026, mae=1.8933, r2=0.5918
INFO:__main__:TP: 3.00000, TN : 48.00000, FP : 3.00000, FN : 1.00000

INFO:__main__:
Results over 0 datasets : rmse=2.4026+/-0.0000, mae=1.8933+/-0.0000,r2=0.5918+/-0.0000,TP=3.0000+/-0.0000,TN=48.0000+/-0.0000, FP=3.0000+/-0.0000,FN=1.0000+/-0.0000
INFO:__main__:Number of active components  is 4 out of 55

INFO:__main__:Dataset 1, rmse=1.6137, mae=1.3479, r2=0.8605
INFO:__main__:TP: 4.00000, TN : 51.00000, FP : 0.00000, FN : 0.00000

INFO:__main__:
Results over 1 datasets : rmse=2.0081+/-0.3945, mae=1.6206+/-0.2727,r2=0.7261+/-0.1344,TP=3.5000+/-0.5000,TN=49.5000+/-1.5000, FP=1.5000+/-1.5000,FN=0.5000+/-0.5000
INFO:__main__:Number of active components  is 5 out of 55

INFO:__main__:Dataset 2, rmse=1.5701, mae=1.1941, r2=0.8258
INFO:__main__:TP: 4.00000, TN : 50.00000, FP : 1.00000, FN : 0.00000

INFO:__main__:
Results over 2 datasets : rmse=1.8621+/-0.3826, mae=1.4784+/-0.3000,r2=0.7594+/-0.1194,TP=3.6667+/-0.4714,TN=49.6667+/-1.2472, FP=1.3333+/-1.2472,FN=0.3333+/-0.4714
