INFO:__main__:Method lgbayescos running...

INFO:__main__:Dataset energy of dimension  = (768, 8)
INFO:__main__:Number of components to be estimated=36 corresponding to 8 main effects and 28 interaction effects

INFO:__main__:Fold 0, rmse=0.5111, mae=0.3327, r2=0.9976, coverage mean +/- 2.std =0.8766, coverage equal tailed 0.9 interval = 0.8701 
INFO:__main__:Number of active components (giving 99% of the energy) is 5 out of 36

INFO:__main__:
Results over 1 folds : rmse=0.5111+/-0.0000, mae=0.3327+/-0.0000, r2=0.9976+/-0.0000, Coverage1=0.8766+/-0.0000, Coverage2=0.8701+/-0.0000
INFO:__main__:Fold 1, rmse=0.4614, mae=0.3521, r2=0.9979, coverage mean +/- 2.std =0.9091, coverage equal tailed 0.9 interval = 0.9026 
INFO:__main__:Number of active components (giving 99% of the energy) is 7 out of 36

INFO:__main__:
Results over 2 folds : rmse=0.4862+/-0.0248, mae=0.3424+/-0.0097, r2=0.9977+/-0.0002, Coverage1=0.8929+/-0.0162, Coverage2=0.8864+/-0.0162
INFO:__main__:Fold 2, rmse=0.4196, mae=0.3224, r2=0.9983, coverage mean +/- 2.std =0.9026, coverage equal tailed 0.9 interval = 0.9026 
INFO:__main__:Number of active components (giving 99% of the energy) is 6 out of 36

INFO:__main__:
Results over 3 folds : rmse=0.4640+/-0.0374, mae=0.3358+/-0.0123, r2=0.9979+/-0.0003, Coverage1=0.8961+/-0.0140, Coverage2=0.8918+/-0.0153
INFO:__main__:Fold 3, rmse=0.4626, mae=0.3447, r2=0.9976, coverage mean +/- 2.std =0.8889, coverage equal tailed 0.9 interval = 0.8824 
INFO:__main__:Number of active components (giving 99% of the energy) is 6 out of 36

INFO:__main__:
Results over 4 folds : rmse=0.4637+/-0.0324, mae=0.3380+/-0.0114, r2=0.9978+/-0.0003, Coverage1=0.8943+/-0.0125, Coverage2=0.8894+/-0.0139
INFO:__main__:Fold 4, rmse=0.3834, mae=0.2856, r2=0.9986, coverage mean +/- 2.std =0.9150, coverage equal tailed 0.9 interval = 0.9150 
INFO:__main__:Number of active components (giving 99% of the energy) is 8 out of 36

INFO:__main__:
Results over 5 folds : rmse=0.4476+/-0.0432, mae=0.3275+/-0.0233, r2=0.9980+/-0.0004, Coverage1=0.8984+/-0.0140, Coverage2=0.8945+/-0.0161
INFO:__main__:
Results : rmse=0.4476+/-0.0432, mae=0.3275+/-0.0233, r2=0.9980+/-0.0004, Coverage1=0.8984+/-0.0140, Coverage2=0.8945+/-0.0161, active=6.4000+/-1.0198
