INFO:__main__:Method lgbayescos running...

INFO:__main__:Dataset pumadyn of dimension  = (1000, 8)
INFO:__main__:Number of components to be estimated=36 corresponding to 8 main effects and 28 interaction effects

INFO:__main__:Fold 0, rmse=3.2439, mae=2.5467, r2=0.6753, coverage mean +/- 2.std =0.8000, coverage equal tailed 0.9 interval = 0.7900 
INFO:__main__:Number of active components (giving 99% of the energy) is 14 out of 36

INFO:__main__:
Results over 1 folds : rmse=3.2439+/-0.0000, mae=2.5467+/-0.0000, r2=0.6753+/-0.0000, Coverage1=0.8000+/-0.0000, Coverage2=0.7900+/-0.0000
INFO:__main__:Fold 1, rmse=3.4256, mae=2.7221, r2=0.5841, coverage mean +/- 2.std =1.0000, coverage equal tailed 0.9 interval = 1.0000 
INFO:__main__:Number of active components (giving 99% of the energy) is 19 out of 36

INFO:__main__:
Results over 2 folds : rmse=3.3347+/-0.0908, mae=2.6344+/-0.0877, r2=0.6297+/-0.0456, Coverage1=0.9000+/-0.1000, Coverage2=0.8950+/-0.1050
INFO:__main__:Fold 2, rmse=3.6458, mae=2.7689, r2=0.5445, coverage mean +/- 2.std =0.7400, coverage equal tailed 0.9 interval = 0.7350 
INFO:__main__:Method lgbayescos running...

INFO:__main__:Dataset pumadyn of dimension  = (1000, 8)
INFO:__main__:Number of components to be estimated=36 corresponding to 8 main effects and 28 interaction effects

INFO:__main__:Fold 0, rmse=3.2437, mae=2.5464, r2=0.6753, coverage mean +/- 2.std =0.9600, coverage equal tailed 0.9 interval = 0.9400 
INFO:__main__:Number of active components (giving 99% of the energy) is 17 out of 36

INFO:__main__:
Results over 1 folds : rmse=3.2437+/-0.0000, mae=2.5464+/-0.0000, r2=0.6753+/-0.0000, Coverage1=0.9600+/-0.0000, Coverage2=0.9400+/-0.0000
INFO:__main__:Fold 1, rmse=3.4258, mae=2.7223, r2=0.5840, coverage mean +/- 2.std =1.0000, coverage equal tailed 0.9 interval = 1.0000 
INFO:__main__:Number of active components (giving 99% of the energy) is 19 out of 36

INFO:__main__:
Results over 2 folds : rmse=3.3347+/-0.0911, mae=2.6343+/-0.0880, r2=0.6297+/-0.0456, Coverage1=0.9800+/-0.0200, Coverage2=0.9700+/-0.0300
INFO:__main__:Fold 2, rmse=3.6499, mae=2.7739, r2=0.5434, coverage mean +/- 2.std =0.8900, coverage equal tailed 0.9 interval = 0.8850 
INFO:__main__:Number of active components (giving 99% of the energy) is 15 out of 36

INFO:__main__:
Results over 3 folds : rmse=3.4398+/-0.1661, mae=2.6809+/-0.0974, r2=0.6009+/-0.0551, Coverage1=0.9500+/-0.0455, Coverage2=0.9417+/-0.0470
INFO:__main__:Fold 3, rmse=2.9635, mae=2.2571, r2=0.6942, coverage mean +/- 2.std =0.9550, coverage equal tailed 0.9 interval = 0.9450 
INFO:__main__:Number of active components (giving 99% of the energy) is 15 out of 36

INFO:__main__:
Results over 4 folds : rmse=3.3207+/-0.2514, mae=2.5749+/-0.2019, r2=0.6242+/-0.0625, Coverage1=0.9513+/-0.0394, Coverage2=0.9425+/-0.0407
INFO:__main__:Fold 4, rmse=3.1689, mae=2.5285, r2=0.7014, coverage mean +/- 2.std =0.9600, coverage equal tailed 0.9 interval = 0.9600 
INFO:__main__:Number of active components (giving 99% of the energy) is 12 out of 36

INFO:__main__:
Results over 5 folds : rmse=3.2904+/-0.2329, mae=2.5656+/-0.1816, r2=0.6397+/-0.0639, Coverage1=0.9530+/-0.0354, Coverage2=0.9460+/-0.0371
INFO:__main__:
Results : rmse=3.2904+/-0.2329, mae=2.5656+/-0.1816, r2=0.6397+/-0.0639, Coverage1=0.9530+/-0.0354, Coverage2=0.9460+/-0.0371, active=15.6000+/-2.3324
