INFO:__main__:Method lgbayescos running...

INFO:__main__:Dataset autompg of dimension  = (392, 7)
INFO:__main__:Number of components to be estimated=28 corresponding to 7 main effects and 21 interaction effects

INFO:__main__:Fold 0, rmse=2.7237, mae=1.9314, r2=0.8840, coverage mean +/- 2.std =0.7215, coverage equal tailed 0.9 interval = 0.7089 
INFO:__main__:Number of active components (giving 99% of the energy) is 5 out of 28

INFO:__main__:
Results over 1 folds : rmse=2.7237+/-0.0000, mae=1.9314+/-0.0000, r2=0.8840+/-0.0000, Coverage1=0.7215+/-0.0000, Coverage2=0.7089+/-0.0000
INFO:__main__:Fold 1, rmse=2.3718, mae=1.7083, r2=0.8965, coverage mean +/- 2.std =0.8101, coverage equal tailed 0.9 interval = 0.7975 
INFO:__main__:Number of active components (giving 99% of the energy) is 8 out of 28

INFO:__main__:
Results over 2 folds : rmse=2.5478+/-0.1760, mae=1.8198+/-0.1116, r2=0.8902+/-0.0063, Coverage1=0.7658+/-0.0443, Coverage2=0.7532+/-0.0443
INFO:__main__:Fold 2, rmse=2.3271, mae=1.8154, r2=0.9016, coverage mean +/- 2.std =0.7308, coverage equal tailed 0.9 interval = 0.7051 
INFO:__main__:Number of active components (giving 99% of the energy) is 6 out of 28

INFO:__main__:
Results over 3 folds : rmse=2.4742+/-0.1774, mae=1.8184+/-0.0911, r2=0.8940+/-0.0074, Coverage1=0.7541+/-0.0398, Coverage2=0.7372+/-0.0427
INFO:__main__:Fold 3, rmse=3.0329, mae=1.9820, r2=0.8295, coverage mean +/- 2.std =0.7564, coverage equal tailed 0.9 interval = 0.7436 
INFO:__main__:Number of active components (giving 99% of the energy) is 10 out of 28

INFO:__main__:
Results over 4 folds : rmse=2.6139+/-0.2866, mae=1.8593+/-0.1060, r2=0.8779+/-0.0287, Coverage1=0.7547+/-0.0345, Coverage2=0.7388+/-0.0371
INFO:__main__:Fold 4, rmse=3.0011, mae=2.1282, r2=0.8789, coverage mean +/- 2.std =0.7051, coverage equal tailed 0.9 interval = 0.7051 
INFO:__main__:Number of active components (giving 99% of the energy) is 10 out of 28

INFO:__main__:
Results over 5 folds : rmse=2.6913+/-0.2995, mae=1.9131+/-0.1434, r2=0.8781+/-0.0256, Coverage1=0.7448+/-0.0366, Coverage2=0.7320+/-0.0358
INFO:__main__:
Results : rmse=2.6913+/-0.2995, mae=1.9131+/-0.1434, r2=0.8781+/-0.0256, Coverage1=0.7448+/-0.0366, Coverage2=0.7320+/-0.0358, active=7.8000+/-2.0396
INFO:__main__:Method lgbayescos running...

INFO:__main__:Dataset autompg of dimension  = (392, 7)
INFO:__main__:Number of components to be estimated=28 corresponding to 7 main effects and 21 interaction effects

INFO:__main__:Fold 0, rmse=2.7288, mae=1.9298, r2=0.8835, coverage mean +/- 2.std =0.9494, coverage equal tailed 0.9 interval = 0.9494 
INFO:__main__:Number of active components (giving 99% of the energy) is 6 out of 28

INFO:__main__:
Results over 1 folds : rmse=2.7288+/-0.0000, mae=1.9298+/-0.0000, r2=0.8835+/-0.0000, Coverage1=0.9494+/-0.0000, Coverage2=0.9494+/-0.0000
INFO:__main__:Fold 1, rmse=2.3784, mae=1.7095, r2=0.8959, coverage mean +/- 2.std =0.9620, coverage equal tailed 0.9 interval = 0.9620 
INFO:__main__:Number of active components (giving 99% of the energy) is 9 out of 28

INFO:__main__:
Results over 2 folds : rmse=2.5536+/-0.1752, mae=1.8196+/-0.1101, r2=0.8897+/-0.0062, Coverage1=0.9557+/-0.0063, Coverage2=0.9557+/-0.0063
INFO:__main__:Fold 2, rmse=2.3211, mae=1.8128, r2=0.9021, coverage mean +/- 2.std =0.9615, coverage equal tailed 0.9 interval = 0.9615 
INFO:__main__:Number of active components (giving 99% of the energy) is 5 out of 28

INFO:__main__:
Results over 3 folds : rmse=2.4761+/-0.1802, mae=1.8174+/-0.0900, r2=0.8938+/-0.0077, Coverage1=0.9576+/-0.0059, Coverage2=0.9576+/-0.0059
INFO:__main__:Fold 3, rmse=3.0363, mae=1.9865, r2=0.8291, coverage mean +/- 2.std =0.9487, coverage equal tailed 0.9 interval = 0.9487 
INFO:__main__:Number of active components (giving 99% of the energy) is 10 out of 28

INFO:__main__:
Results over 4 folds : rmse=2.6161+/-0.2884, mae=1.8596+/-0.1069, r2=0.8777+/-0.0288, Coverage1=0.9554+/-0.0064, Coverage2=0.9554+/-0.0064
INFO:__main__:Fold 4, rmse=3.0122, mae=2.1396, r2=0.8780, coverage mean +/- 2.std =0.8974, coverage equal tailed 0.9 interval = 0.8974 
INFO:__main__:Number of active components (giving 99% of the energy) is 10 out of 28

INFO:__main__:
Results over 5 folds : rmse=2.6954+/-0.3028, mae=1.9156+/-0.1473, r2=0.8777+/-0.0258, Coverage1=0.9438+/-0.0239, Coverage2=0.9438+/-0.0239
INFO:__main__:
Results : rmse=2.6954+/-0.3028, mae=1.9156+/-0.1473, r2=0.8777+/-0.0258, Coverage1=0.9438+/-0.0239, Coverage2=0.9438+/-0.0239, active=8.0000+/-2.0976
