INFO:__main__:Dataset of dimension  = (768, 8)
INFO:__main__:Number of components to be estimated=36 corresponding to 8 main effects and 28 interaction effects

INFO:__main__:Number of active components  is 13 out of 36

INFO:__main__:Dataset 0, rmse=13.5428, mae=10.8030, r2=-0.9850
INFO:__main__:
Results over 1 datasets : rmse=13.5428+/-0.0000, mae=10.8030+/-0.0000,r2=-0.9850+/-0.0000
INFO:__main__:Number of active components  is 13.0000+/-0.0000 out of 36

INFO:__main__:Number of active components  is 13 out of 36

INFO:__main__:Dataset 1, rmse=14.5749, mae=11.6901, r2=-1.0192
INFO:__main__:
Results over 2 datasets : rmse=14.0589+/-0.5161, mae=11.2466+/-0.4436,r2=-1.0021+/-0.0171
INFO:__main__:Number of active components  is 13.0000+/-0.0000 out of 36

INFO:__main__:Number of active components  is 13 out of 36

INFO:__main__:Dataset 2, rmse=14.1077, mae=11.2901, r2=-0.9552
INFO:__main__:
Results over 3 datasets : rmse=14.0751+/-0.4220, mae=11.2611+/-0.3628,r2=-0.9865+/-0.0261
INFO:__main__:Number of active components  is 13.0000+/-0.0000 out of 36

INFO:__main__:Number of active components  is 13 out of 36

INFO:__main__:Dataset 3, rmse=13.8481, mae=11.1449, r2=-0.9556
INFO:__main__:
Results over 4 datasets : rmse=14.0184+/-0.3784, mae=11.2320+/-0.3182,r2=-0.9788+/-0.0263
INFO:__main__:Number of active components  is 13.0000+/-0.0000 out of 36

INFO:__main__:Number of active components  is 8 out of 36

INFO:__main__:Dataset 4, rmse=14.1583, mae=11.1793, r2=-0.8246
INFO:__main__:
Results over 5 datasets : rmse=14.0464+/-0.3431, mae=11.2215+/-0.2853,r2=-0.9479+/-0.0660
INFO:__main__:Number of active components  is 12.0000+/-2.0000 out of 36

INFO:__main__:Dataset of dimension  = (768, 8)
INFO:__main__:Number of components to be estimated=36 corresponding to 8 main effects and 28 interaction effects

INFO:__main__:Number of active components  is 13 out of 36

INFO:__main__:Dataset 0, rmse=13.5428, mae=10.8030, r2=-0.9850
INFO:__main__:
Results over 1 datasets : rmse=13.5428+/-0.0000, mae=10.8030+/-0.0000,r2=-0.9850+/-0.0000
INFO:__main__:Number of active components  is 13.0000+/-0.0000 out of 36

INFO:__main__:Number of active components  is 13 out of 36

INFO:__main__:Dataset 1, rmse=14.5749, mae=11.6901, r2=-1.0192
INFO:__main__:
Results over 2 datasets : rmse=14.0589+/-0.5161, mae=11.2466+/-0.4436,r2=-1.0021+/-0.0171
INFO:__main__:Number of active components  is 13.0000+/-0.0000 out of 36

INFO:__main__:Number of active components  is 13 out of 36

INFO:__main__:Dataset 2, rmse=14.1077, mae=11.2901, r2=-0.9552
INFO:__main__:
Results over 3 datasets : rmse=14.0751+/-0.4220, mae=11.2611+/-0.3628,r2=-0.9865+/-0.0261
INFO:__main__:Number of active components  is 13.0000+/-0.0000 out of 36

INFO:__main__:Number of active components  is 14 out of 36

INFO:__main__:Dataset 3, rmse=13.8538, mae=11.1497, r2=-0.9572
INFO:__main__:
Results over 4 datasets : rmse=14.0198+/-0.3778, mae=11.2332+/-0.3178,r2=-0.9792+/-0.0259
INFO:__main__:Number of active components  is 13.2500+/-0.4330 out of 36

INFO:__main__:Number of active components  is 8 out of 36

INFO:__main__:Dataset 4, rmse=14.1583, mae=11.1793, r2=-0.8246
INFO:__main__:
Results over 5 datasets : rmse=14.0475+/-0.3424, mae=11.2224+/-0.2851,r2=-0.9482+/-0.0660
INFO:__main__:Number of active components  is 12.2000+/-2.1354 out of 36

INFO:__main__:Dataset of dimension  = (768, 8)
INFO:__main__:Number of components to be estimated=36 corresponding to 8 main effects and 28 interaction effects

INFO:__main__:Number of active components  is 7 out of 36

INFO:__main__:Dataset 0, rmse=13.6755, mae=10.8999, r2=-1.0240
INFO:__main__:
Results over 1 datasets : rmse=13.6755+/-0.0000, mae=10.8999+/-0.0000,r2=-1.0240+/-0.0000
INFO:__main__:Number of active components  is 7.0000+/-0.0000 out of 36

INFO:__main__:Number of active components  is 8 out of 36

INFO:__main__:Dataset 1, rmse=14.4109, mae=11.6072, r2=-0.9740
INFO:__main__:
Results over 2 datasets : rmse=14.0432+/-0.3677, mae=11.2536+/-0.3536,r2=-0.9990+/-0.0250
INFO:__main__:Number of active components  is 7.5000+/-0.5000 out of 36

INFO:__main__:Number of active components  is 13 out of 36

INFO:__main__:Dataset 2, rmse=14.2704, mae=11.4150, r2=-1.0006
INFO:__main__:
Results over 3 datasets : rmse=14.1189+/-0.3188, mae=11.3074+/-0.2986,r2=-0.9995+/-0.0205
INFO:__main__:Number of active components  is 9.3333+/-2.6247 out of 36

INFO:__main__:Number of active components  is 15 out of 36

INFO:__main__:Dataset 3, rmse=13.9545, mae=11.2339, r2=-0.9858
INFO:__main__:
Results over 4 datasets : rmse=14.0778+/-0.2851, mae=11.2890+/-0.2605,r2=-0.9961+/-0.0187
INFO:__main__:Number of active components  is 10.7500+/-3.3448 out of 36

INFO:__main__:Number of active components  is 14 out of 36

INFO:__main__:Dataset 4, rmse=14.3028, mae=11.2818, r2=-0.8620
INFO:__main__:
Results over 5 datasets : rmse=14.1228+/-0.2704, mae=11.2876+/-0.2330,r2=-0.9693+/-0.0562
INFO:__main__:Number of active components  is 11.4000+/-3.2619 out of 36

INFO:__main__:Dataset of dimension  = (392, 7)
INFO:__main__:Number of components to be estimated=28 corresponding to 7 main effects and 21 interaction effects

INFO:__main__:Number of active components  is 9 out of 28

INFO:__main__:Dataset 0, rmse=11.2211, mae=9.0695, r2=-0.9696
INFO:__main__:
Results over 1 datasets : rmse=11.2211+/-0.0000, mae=9.0695+/-0.0000,r2=-0.9696+/-0.0000
INFO:__main__:Number of active components  is 9.0000+/-0.0000 out of 28

INFO:__main__:Number of active components  is 9 out of 28

INFO:__main__:Dataset 1, rmse=10.2242, mae=8.2352, r2=-0.9230
INFO:__main__:
Results over 2 datasets : rmse=10.7227+/-0.4984, mae=8.6524+/-0.4172,r2=-0.9463+/-0.0233
INFO:__main__:Number of active components  is 9.0000+/-0.0000 out of 28

INFO:__main__:Number of active components  is 7 out of 28

INFO:__main__:Dataset 2, rmse=10.2439, mae=8.3267, r2=-0.9077
INFO:__main__:
Results over 3 datasets : rmse=10.5631+/-0.4654, mae=8.5438+/-0.3736,r2=-0.9334+/-0.0263
INFO:__main__:Number of active components  is 8.3333+/-0.9428 out of 28

INFO:__main__:Number of active components  is 8 out of 28

INFO:__main__:Dataset 3, rmse=10.0044, mae=8.0789, r2=-0.8552
INFO:__main__:
Results over 4 datasets : rmse=10.4234+/-0.4701, mae=8.4276+/-0.3811,r2=-0.9139+/-0.0409
INFO:__main__:Number of active components  is 8.2500+/-0.8292 out of 28

INFO:__main__:Number of active components  is 11 out of 28

INFO:__main__:Dataset 4, rmse=11.5818, mae=9.0796, r2=-0.8035
INFO:__main__:
Results over 5 datasets : rmse=10.6551+/-0.6257, mae=8.5580+/-0.4292,r2=-0.8918+/-0.0573
INFO:__main__:Number of active components  is 8.8000+/-1.3266 out of 28

INFO:__main__:Dataset of dimension  = (392, 7)
INFO:__main__:Number of components to be estimated=28 corresponding to 7 main effects and 21 interaction effects

INFO:__main__:Number of active components  is 10 out of 28

INFO:__main__:Dataset 0, rmse=11.0860, mae=8.9317, r2=-0.9225
INFO:__main__:
Results over 1 datasets : rmse=11.0860+/-0.0000, mae=8.9317+/-0.0000,r2=-0.9225+/-0.0000
INFO:__main__:Number of active components  is 10.0000+/-0.0000 out of 28

INFO:__main__:Number of active components  is 10 out of 28

INFO:__main__:Dataset 1, rmse=10.3227, mae=8.3116, r2=-0.9602
INFO:__main__:
Results over 2 datasets : rmse=10.7043+/-0.3817, mae=8.6216+/-0.3101,r2=-0.9413+/-0.0189
INFO:__main__:Number of active components  is 10.0000+/-0.0000 out of 28

INFO:__main__:Number of active components  is 9 out of 28

INFO:__main__:Dataset 2, rmse=10.2191, mae=8.2899, r2=-0.8985
INFO:__main__:
Results over 3 datasets : rmse=10.5426+/-0.3866, mae=8.5111+/-0.2976,r2=-0.9271+/-0.0254
INFO:__main__:Number of active components  is 9.6667+/-0.4714 out of 28

INFO:__main__:Number of active components  is 7 out of 28

INFO:__main__:Dataset 3, rmse=9.9382, mae=8.0315, r2=-0.8307
INFO:__main__:
Results over 4 datasets : rmse=10.3915+/-0.4249, mae=8.3912+/-0.3310,r2=-0.9030+/-0.0472
INFO:__main__:Number of active components  is 9.0000+/-1.2247 out of 28

INFO:__main__:Number of active components  is 9 out of 28

INFO:__main__:Dataset 4, rmse=11.5407, mae=9.0735, r2=-0.7908
INFO:__main__:
Results over 5 datasets : rmse=10.6213+/-0.5965, mae=8.5276+/-0.4026,r2=-0.8805+/-0.0616
INFO:__main__:Number of active components  is 9.0000+/-1.0954 out of 28

INFO:__main__:Dataset of dimension  = (392, 7)
INFO:__main__:Number of components to be estimated=28 corresponding to 7 main effects and 21 interaction effects

INFO:__main__:Number of active components  is 10 out of 28

INFO:__main__:Dataset 0, rmse=2.7794, mae=2.1181, r2=0.8792
INFO:__main__:
Results over 1 datasets : rmse=2.7794+/-0.0000, mae=2.1181+/-0.0000,r2=0.8792+/-0.0000
INFO:__main__:Number of active components  is 10.0000+/-0.0000 out of 28

INFO:__main__:Number of active components  is 10 out of 28

INFO:__main__:Dataset 1, rmse=2.5540, mae=1.9004, r2=0.8800
INFO:__main__:
Results over 2 datasets : rmse=2.6667+/-0.1127, mae=2.0092+/-0.1088,r2=0.8796+/-0.0004
INFO:__main__:Number of active components  is 10.0000+/-0.0000 out of 28

INFO:__main__:Number of active components  is 9 out of 28

INFO:__main__:Dataset 2, rmse=2.6584, mae=2.0334, r2=0.8715
INFO:__main__:
Results over 3 datasets : rmse=2.6639+/-0.0921, mae=2.0173+/-0.0896,r2=0.8769+/-0.0038
INFO:__main__:Number of active components  is 9.6667+/-0.4714 out of 28

INFO:__main__:Number of active components  is 7 out of 28

INFO:__main__:Dataset 3, rmse=3.0147, mae=2.0421, r2=0.8315
INFO:__main__:
Results over 4 datasets : rmse=2.7516+/-0.1716, mae=2.0235+/-0.0783,r2=0.8656+/-0.0199
INFO:__main__:Number of active components  is 9.0000+/-1.2247 out of 28

INFO:__main__:Number of active components  is 9 out of 28

INFO:__main__:Dataset 4, rmse=3.1640, mae=2.2682, r2=0.8654
INFO:__main__:
Results over 5 datasets : rmse=2.8341+/-0.2253, mae=2.0724+/-0.1204,r2=0.8655+/-0.0178
INFO:__main__:Number of active components  is 9.0000+/-1.0954 out of 28

INFO:__main__:Dataset of dimension  = (392, 7)
INFO:__main__:Number of components to be estimated=28 corresponding to 7 main effects and 21 interaction effects

INFO:__main__:Number of active components  is 10 out of 28

INFO:__main__:Dataset 0, rmse=2.7794, mae=2.1181, r2=0.8792
INFO:__main__:
Results over 1 datasets : rmse=2.7794+/-0.0000, mae=2.1181+/-0.0000,r2=0.8792+/-0.0000
INFO:__main__:Number of active components  is 10.0000+/-0.0000 out of 28

INFO:__main__:Number of active components  is 10 out of 28

INFO:__main__:Dataset 1, rmse=2.5540, mae=1.9004, r2=0.8800
INFO:__main__:
Results over 2 datasets : rmse=2.6667+/-0.1127, mae=2.0092+/-0.1088,r2=0.8796+/-0.0004
INFO:__main__:Number of active components  is 10.0000+/-0.0000 out of 28

INFO:__main__:Number of active components  is 9 out of 28

INFO:__main__:Dataset 2, rmse=2.6584, mae=2.0334, r2=0.8715
INFO:__main__:
Results over 3 datasets : rmse=2.6639+/-0.0921, mae=2.0173+/-0.0896,r2=0.8769+/-0.0038
INFO:__main__:Number of active components  is 9.6667+/-0.4714 out of 28

INFO:__main__:Number of active components  is 7 out of 28

INFO:__main__:Dataset 3, rmse=3.0147, mae=2.0421, r2=0.8315
INFO:__main__:
Results over 4 datasets : rmse=2.7516+/-0.1716, mae=2.0235+/-0.0783,r2=0.8656+/-0.0199
INFO:__main__:Number of active components  is 9.0000+/-1.2247 out of 28

INFO:__main__:Number of active components  is 9 out of 28

INFO:__main__:Dataset 4, rmse=3.1640, mae=2.2682, r2=0.8654
INFO:__main__:
Results over 5 datasets : rmse=2.8341+/-0.2253, mae=2.0724+/-0.1204,r2=0.8655+/-0.0178
INFO:__main__:Number of active components  is 9.0000+/-1.0954 out of 28

INFO:__main__:Dataset of dimension  = (392, 7)
INFO:__main__:Number of components to be estimated=28 corresponding to 7 main effects and 21 interaction effects

INFO:__main__:Number of active components  is 9 out of 28

INFO:__main__:Dataset 0, rmse=2.9037, mae=2.2027, r2=0.8681
INFO:__main__:
Results over 1 datasets : rmse=2.9037+/-0.0000, mae=2.2027+/-0.0000,r2=0.8681+/-0.0000
INFO:__main__:Number of active components  is 9.0000+/-0.0000 out of 28

INFO:__main__:Number of active components  is 9 out of 28

INFO:__main__:Dataset 1, rmse=2.4810, mae=1.7794, r2=0.8868
INFO:__main__:
Results over 2 datasets : rmse=2.6924+/-0.2113, mae=1.9911+/-0.2116,r2=0.8774+/-0.0093
INFO:__main__:Number of active components  is 9.0000+/-0.0000 out of 28

INFO:__main__:Number of active components  is 7 out of 28

INFO:__main__:Dataset 2, rmse=2.8739, mae=2.1110, r2=0.8498
INFO:__main__:
Results over 3 datasets : rmse=2.7529+/-0.1926, mae=2.0310+/-0.1818,r2=0.8682+/-0.0151
INFO:__main__:Number of active components  is 8.3333+/-0.9428 out of 28

INFO:__main__:Number of active components  is 8 out of 28

INFO:__main__:Dataset 3, rmse=3.0110, mae=2.0947, r2=0.8320
INFO:__main__:
Results over 4 datasets : rmse=2.8174+/-0.2008, mae=2.0470+/-0.1598,r2=0.8592+/-0.0204
INFO:__main__:Number of active components  is 8.2500+/-0.8292 out of 28

INFO:__main__:Number of active components  is 11 out of 28

INFO:__main__:Dataset 4, rmse=2.9872, mae=2.1254, r2=0.8800
INFO:__main__:
Results over 5 datasets : rmse=2.8514+/-0.1920, mae=2.0626+/-0.1464,r2=0.8633+/-0.0201
INFO:__main__:Number of active components  is 8.8000+/-1.3266 out of 28

