INFO:__main__:Method lgbayescos_opt running...

INFO:__main__:Dataset autompg of dimension  = (392, 7)
INFO:__main__:Number of components to be estimated=28 corresponding to 7 main effects and 21 interaction effects

INFO:__main__:Fold 0, rmse=2.6068, mae=1.9109, r2=0.8937, coverage mean +/- 2.std =0.9747, coverage equal tailed 0.9 interval = 0.9747 
INFO:__main__:Number of active components (giving 99% of the energy) is 17 out of 28

INFO:__main__:
Results over 1 folds : rmse=2.6068+/-0.0000, mae=1.9109+/-0.0000, r2=0.8937+/-0.0000, Coverage1=0.9747+/-0.0000, Coverage2=0.9747+/-0.0000
INFO:__main__:Fold 1, rmse=2.4191, mae=1.6954, r2=0.8923, coverage mean +/- 2.std =0.9747, coverage equal tailed 0.9 interval = 0.9747 
INFO:__main__:Number of active components (giving 99% of the energy) is 17 out of 28

INFO:__main__:
Results over 2 folds : rmse=2.5130+/-0.0939, mae=1.8031+/-0.1078, r2=0.8930+/-0.0007, Coverage1=0.9747+/-0.0000, Coverage2=0.9747+/-0.0000
INFO:__main__:Fold 2, rmse=2.3515, mae=1.8488, r2=0.8995, coverage mean +/- 2.std =0.9872, coverage equal tailed 0.9 interval = 0.9872 
INFO:__main__:Number of active components (giving 99% of the energy) is 17 out of 28

INFO:__main__:
Results over 3 folds : rmse=2.4591+/-0.1080, mae=1.8184+/-0.0906, r2=0.8952+/-0.0031, Coverage1=0.9788+/-0.0059, Coverage2=0.9788+/-0.0059
INFO:__main__:Fold 3, rmse=2.8481, mae=1.9088, r2=0.8496, coverage mean +/- 2.std =0.9872, coverage equal tailed 0.9 interval = 0.9872 
INFO:__main__:Number of active components (giving 99% of the energy) is 18 out of 28

INFO:__main__:
Results over 4 folds : rmse=2.5564+/-0.1927, mae=1.8410+/-0.0877, r2=0.8838+/-0.0199, Coverage1=0.9809+/-0.0062, Coverage2=0.9809+/-0.0062
INFO:__main__:Fold 4, rmse=3.1134, mae=2.1949, r2=0.8697, coverage mean +/- 2.std =0.9231, coverage equal tailed 0.9 interval = 0.9231 
INFO:__main__:Number of active components (giving 99% of the energy) is 17 out of 28

INFO:__main__:
Results over 5 folds : rmse=2.6678+/-0.2817, mae=1.9118+/-0.1619, r2=0.8810+/-0.0187, Coverage1=0.9694+/-0.0238, Coverage2=0.9694+/-0.0238
INFO:__main__:
Results : rmse=2.6678+/-0.2817, mae=1.9118+/-0.1619, r2=0.8810+/-0.0187, Coverage1=0.9694+/-0.0238, Coverage2=0.9694+/-0.0238, active=17.2000+/-0.4000
INFO:__main__:Method lgbayescos_opt running...

INFO:__main__:Dataset autompg of dimension  = (392, 7)
INFO:__main__:Number of components to be estimated=28 corresponding to 7 main effects and 21 interaction effects

INFO:__main__:Fold 0, rmse=2.7382, mae=2.0087, r2=0.8827, coverage mean +/- 2.std =0.9241, coverage equal tailed 0.9 interval = 0.9241 
INFO:__main__:Number of active components (giving 99% of the energy) is 9 out of 28

INFO:__main__:
Results over 1 folds : rmse=2.7382+/-0.0000, mae=2.0087+/-0.0000, r2=0.8827+/-0.0000, Coverage1=0.9241+/-0.0000, Coverage2=0.9241+/-0.0000
INFO:__main__:Fold 1, rmse=2.5009, mae=1.7394, r2=0.8849, coverage mean +/- 2.std =0.9494, coverage equal tailed 0.9 interval = 0.9494 
INFO:__main__:Number of active components (giving 99% of the energy) is 8 out of 28

INFO:__main__:
Results over 2 folds : rmse=2.6196+/-0.1187, mae=1.8741+/-0.1347, r2=0.8838+/-0.0011, Coverage1=0.9367+/-0.0127, Coverage2=0.9367+/-0.0127
INFO:__main__:Fold 2, rmse=2.3024, mae=1.8037, r2=0.9036, coverage mean +/- 2.std =0.9744, coverage equal tailed 0.9 interval = 0.9744 
INFO:__main__:Number of active components (giving 99% of the energy) is 11 out of 28

INFO:__main__:
Results over 3 folds : rmse=2.5138+/-0.1782, mae=1.8506+/-0.1149, r2=0.8904+/-0.0094, Coverage1=0.9493+/-0.0205, Coverage2=0.9493+/-0.0205
INFO:__main__:Fold 3, rmse=3.0136, mae=2.1079, r2=0.8317, coverage mean +/- 2.std =0.9359, coverage equal tailed 0.9 interval = 0.9359 
INFO:__main__:Number of active components (giving 99% of the energy) is 7 out of 28

INFO:__main__:
Results over 4 folds : rmse=2.6388+/-0.2658, mae=1.9149+/-0.1493, r2=0.8757+/-0.0267, Coverage1=0.9459+/-0.0187, Coverage2=0.9459+/-0.0187
INFO:__main__:Fold 4, rmse=3.0802, mae=2.1758, r2=0.8724, coverage mean +/- 2.std =0.8974, coverage equal tailed 0.9 interval = 0.8974 
INFO:__main__:Number of active components (giving 99% of the energy) is 8 out of 28

INFO:__main__:
Results over 5 folds : rmse=2.7270+/-0.2961, mae=1.9671+/-0.1695, r2=0.8751+/-0.0239, Coverage1=0.9362+/-0.0256, Coverage2=0.9362+/-0.0256
INFO:__main__:
Results : rmse=2.7270+/-0.2961, mae=1.9671+/-0.1695, r2=0.8751+/-0.0239, Coverage1=0.9362+/-0.0256, Coverage2=0.9362+/-0.0256, active=8.6000+/-1.3565
