INFO:__main__:Method lgbayescos_opt running...

INFO:__main__:Dataset autompg of dimension  = (392, 7)
INFO:__main__:Number of components to be estimated=28 corresponding to 7 main effects and 21 interaction effects

INFO:__main__:Fold 0, rmse=2.6068, mae=1.9109, r2=0.8937, coverage mean +/- 2.std =0.9747, coverage equal tailed 0.9 interval = 0.9747 
INFO:__main__:Number of active components (giving 99% of the energy) is 17 out of 28

INFO:__main__:
Results over 1 folds : rmse=2.6068+/-0.0000, mae=1.9109+/-0.0000, r2=0.8937+/-0.0000, Coverage1=0.9747+/-0.0000, Coverage2=0.9747+/-0.0000
INFO:__main__:Fold 1, rmse=2.4191, mae=1.6954, r2=0.8923, coverage mean +/- 2.std =0.9747, coverage equal tailed 0.9 interval = 0.9747 
INFO:__main__:Number of active components (giving 99% of the energy) is 17 out of 28

INFO:__main__:
Results over 2 folds : rmse=2.5130+/-0.0939, mae=1.8031+/-0.1078, r2=0.8930+/-0.0007, Coverage1=0.9747+/-0.0000, Coverage2=0.9747+/-0.0000
INFO:__main__:Fold 2, rmse=2.3515, mae=1.8488, r2=0.8995, coverage mean +/- 2.std =0.9872, coverage equal tailed 0.9 interval = 0.9872 
INFO:__main__:Number of active components (giving 99% of the energy) is 17 out of 28

INFO:__main__:
Results over 3 folds : rmse=2.4591+/-0.1080, mae=1.8184+/-0.0906, r2=0.8952+/-0.0031, Coverage1=0.9788+/-0.0059, Coverage2=0.9788+/-0.0059
INFO:__main__:Fold 3, rmse=2.8481, mae=1.9088, r2=0.8496, coverage mean +/- 2.std =0.9872, coverage equal tailed 0.9 interval = 0.9872 
INFO:__main__:Number of active components (giving 99% of the energy) is 18 out of 28

INFO:__main__:
Results over 4 folds : rmse=2.5564+/-0.1927, mae=1.8410+/-0.0877, r2=0.8838+/-0.0199, Coverage1=0.9809+/-0.0062, Coverage2=0.9809+/-0.0062
INFO:__main__:Fold 4, rmse=3.1134, mae=2.1949, r2=0.8697, coverage mean +/- 2.std =0.9231, coverage equal tailed 0.9 interval = 0.9231 
INFO:__main__:Number of active components (giving 99% of the energy) is 17 out of 28

INFO:__main__:
Results over 5 folds : rmse=2.6678+/-0.2817, mae=1.9118+/-0.1619, r2=0.8810+/-0.0187, Coverage1=0.9694+/-0.0238, Coverage2=0.9694+/-0.0238
INFO:__main__:
Results : rmse=2.6678+/-0.2817, mae=1.9118+/-0.1619, r2=0.8810+/-0.0187, Coverage1=0.9694+/-0.0238, Coverage2=0.9694+/-0.0238, active=17.2000+/-0.4000
INFO:__main__:Method lgbayescos_opt running...

INFO:__main__:Dataset autompg of dimension  = (392, 7)
INFO:__main__:Number of components to be estimated=28 corresponding to 7 main effects and 21 interaction effects

INFO:__main__:Fold 0, rmse=2.6967, mae=1.8961, r2=0.8862, coverage mean +/- 2.std =0.9241, coverage equal tailed 0.9 interval = 0.9241 
INFO:__main__:Number of active components (giving 99% of the energy) is 7 out of 28

INFO:__main__:
Results over 1 folds : rmse=2.6967+/-0.0000, mae=1.8961+/-0.0000, r2=0.8862+/-0.0000, Coverage1=0.9241+/-0.0000, Coverage2=0.9241+/-0.0000
INFO:__main__:Fold 1, rmse=2.3566, mae=1.6972, r2=0.8978, coverage mean +/- 2.std =0.9620, coverage equal tailed 0.9 interval = 0.9620 
INFO:__main__:Number of active components (giving 99% of the energy) is 7 out of 28

INFO:__main__:
Results over 2 folds : rmse=2.5267+/-0.1701, mae=1.7967+/-0.0994, r2=0.8920+/-0.0058, Coverage1=0.9430+/-0.0190, Coverage2=0.9430+/-0.0190
INFO:__main__:Fold 2, rmse=2.2972, mae=1.7975, r2=0.9041, coverage mean +/- 2.std =0.9744, coverage equal tailed 0.9 interval = 0.9744 
INFO:__main__:Number of active components (giving 99% of the energy) is 6 out of 28

INFO:__main__:
Results over 3 folds : rmse=2.4502+/-0.1760, mae=1.7970+/-0.0812, r2=0.8960+/-0.0074, Coverage1=0.9535+/-0.0214, Coverage2=0.9535+/-0.0214
INFO:__main__:Fold 3, rmse=2.9444, mae=1.9947, r2=0.8393, coverage mean +/- 2.std =0.9487, coverage equal tailed 0.9 interval = 0.9487 
INFO:__main__:Number of active components (giving 99% of the energy) is 8 out of 28

INFO:__main__:
Results over 4 folds : rmse=2.5737+/-0.2628, mae=1.8464+/-0.1108, r2=0.8819+/-0.0254, Coverage1=0.9523+/-0.0187, Coverage2=0.9523+/-0.0187
INFO:__main__:Fold 4, rmse=3.0234, mae=2.1554, r2=0.8771, coverage mean +/- 2.std =0.8974, coverage equal tailed 0.9 interval = 0.8974 
INFO:__main__:Number of active components (giving 99% of the energy) is 7 out of 28

INFO:__main__:
Results over 5 folds : rmse=2.6637+/-0.2959, mae=1.9082+/-0.1584, r2=0.8809+/-0.0228, Coverage1=0.9413+/-0.0276, Coverage2=0.9413+/-0.0276
INFO:__main__:
Results : rmse=2.6637+/-0.2959, mae=1.9082+/-0.1584, r2=0.8809+/-0.0228, Coverage1=0.9413+/-0.0276, Coverage2=0.9413+/-0.0276, active=7.0000+/-0.6325
