INFO:__main__:Method lgbayescos_opt running...

INFO:__main__:Dataset energy of dimension  = (768, 8)
INFO:__main__:Number of components to be estimated=36 corresponding to 8 main effects and 28 interaction effects

INFO:__main__:Fold 0, rmse=0.7034, mae=0.4775, r2=0.9954, coverage mean +/- 2.std =1.0000, coverage equal tailed 0.9 interval = 1.0000 
INFO:__main__:Number of active components (giving 99% of the energy) is 10 out of 36

INFO:__main__:
Results over 1 folds : rmse=0.7034+/-0.0000, mae=0.4775+/-0.0000, r2=0.9954+/-0.0000, Coverage1=1.0000+/-0.0000, Coverage2=1.0000+/-0.0000
INFO:__main__:Fold 1, rmse=0.5757, mae=0.4141, r2=0.9968, coverage mean +/- 2.std =1.0000, coverage equal tailed 0.9 interval = 1.0000 
INFO:__main__:Number of active components (giving 99% of the energy) is 9 out of 36

INFO:__main__:
Results over 2 folds : rmse=0.6395+/-0.0639, mae=0.4458+/-0.0317, r2=0.9961+/-0.0007, Coverage1=1.0000+/-0.0000, Coverage2=1.0000+/-0.0000
INFO:__main__:Fold 2, rmse=0.5873, mae=0.4137, r2=0.9966, coverage mean +/- 2.std =1.0000, coverage equal tailed 0.9 interval = 1.0000 
INFO:__main__:Number of active components (giving 99% of the energy) is 9 out of 36

INFO:__main__:
Results over 3 folds : rmse=0.6221+/-0.0577, mae=0.4351+/-0.0300, r2=0.9963+/-0.0006, Coverage1=1.0000+/-0.0000, Coverage2=1.0000+/-0.0000
INFO:__main__:Fold 3, rmse=0.5943, mae=0.4078, r2=0.9960, coverage mean +/- 2.std =1.0000, coverage equal tailed 0.9 interval = 1.0000 
INFO:__main__:Number of active components (giving 99% of the energy) is 9 out of 36

INFO:__main__:
Results over 4 folds : rmse=0.6152+/-0.0514, mae=0.4283+/-0.0285, r2=0.9962+/-0.0006, Coverage1=1.0000+/-0.0000, Coverage2=1.0000+/-0.0000
INFO:__main__:Fold 4, rmse=0.6037, mae=0.4035, r2=0.9966, coverage mean +/- 2.std =1.0000, coverage equal tailed 0.9 interval = 1.0000 
INFO:__main__:Number of active components (giving 99% of the energy) is 9 out of 36

INFO:__main__:
Results over 5 folds : rmse=0.6129+/-0.0462, mae=0.4233+/-0.0274, r2=0.9963+/-0.0005, Coverage1=1.0000+/-0.0000, Coverage2=1.0000+/-0.0000
INFO:__main__:
Results : rmse=0.6129+/-0.0462, mae=0.4233+/-0.0274, r2=0.9963+/-0.0005, Coverage1=1.0000+/-0.0000, Coverage2=1.0000+/-0.0000, active=9.2000+/-0.4000
INFO:__main__:Method lgbayescos_opt running...

INFO:__main__:Dataset energy of dimension  = (768, 8)
INFO:__main__:Number of components to be estimated=36 corresponding to 8 main effects and 28 interaction effects

INFO:__main__:Fold 0, rmse=0.5077, mae=0.3428, r2=0.9976, coverage mean +/- 2.std =0.9286, coverage equal tailed 0.9 interval = 0.9286 
INFO:__main__:Number of active components (giving 99% of the energy) is 5 out of 36

INFO:__main__:
Results over 1 folds : rmse=0.5077+/-0.0000, mae=0.3428+/-0.0000, r2=0.9976+/-0.0000, Coverage1=0.9286+/-0.0000, Coverage2=0.9286+/-0.0000
INFO:__main__:Fold 1, rmse=0.4411, mae=0.3333, r2=0.9981, coverage mean +/- 2.std =0.9610, coverage equal tailed 0.9 interval = 0.9610 
INFO:__main__:Number of active components (giving 99% of the energy) is 5 out of 36

INFO:__main__:
Results over 2 folds : rmse=0.4744+/-0.0333, mae=0.3381+/-0.0048, r2=0.9978+/-0.0003, Coverage1=0.9448+/-0.0162, Coverage2=0.9448+/-0.0162
INFO:__main__:Fold 2, rmse=0.4407, mae=0.3376, r2=0.9981, coverage mean +/- 2.std =0.9481, coverage equal tailed 0.9 interval = 0.9481 
INFO:__main__:Number of active components (giving 99% of the energy) is 5 out of 36

INFO:__main__:
Results over 3 folds : rmse=0.4631+/-0.0315, mae=0.3379+/-0.0039, r2=0.9979+/-0.0002, Coverage1=0.9459+/-0.0133, Coverage2=0.9459+/-0.0133
INFO:__main__:Fold 3, rmse=0.4410, mae=0.3426, r2=0.9978, coverage mean +/- 2.std =0.9608, coverage equal tailed 0.9 interval = 0.9608 
INFO:__main__:Number of active components (giving 99% of the energy) is 5 out of 36

INFO:__main__:
Results over 4 folds : rmse=0.4576+/-0.0289, mae=0.3391+/-0.0039, r2=0.9979+/-0.0002, Coverage1=0.9496+/-0.0132, Coverage2=0.9496+/-0.0132
INFO:__main__:Fold 4, rmse=0.4036, mae=0.2963, r2=0.9985, coverage mean +/- 2.std =0.9673, coverage equal tailed 0.9 interval = 0.9673 
INFO:__main__:Number of active components (giving 99% of the energy) is 4 out of 36

INFO:__main__:
Results over 5 folds : rmse=0.4468+/-0.0337, mae=0.3305+/-0.0175, r2=0.9980+/-0.0003, Coverage1=0.9532+/-0.0138, Coverage2=0.9532+/-0.0138
INFO:__main__:
Results : rmse=0.4468+/-0.0337, mae=0.3305+/-0.0175, r2=0.9980+/-0.0003, Coverage1=0.9532+/-0.0138, Coverage2=0.9532+/-0.0138, active=4.8000+/-0.4000
