INFO:__main__:Method ss running...

INFO:__main__:Dataset concrete of dimension  = (1000, 8)
INFO:__main__:Number of components to be estimated=36 corresponding to 8 main effects and 28 interaction effects

INFO:__main__:Fold 0, rmse=8.3410, mae=6.7224, r2=0.7506, coverage mean +/- 2.std =0.0000, coverage equal tailed 0.9 interval = 0.0000 
INFO:__main__:Best results for alpha=1.0000000116860974e-07 giving error=0.20048250257968903
INFO:__main__:Number of active components (giving 99% of the energy) is 21 out of 36

INFO:__main__:
Results over 1 folds : rmse=8.3410+/-0.0000, mae=6.7224+/-0.0000, r2=0.7506+/-0.0000, Coverage1=0.0000+/-0.0000, Coverage2=0.0000+/-0.0000
INFO:__main__:Fold 1, rmse=7.7905, mae=6.3605, r2=0.7791, coverage mean +/- 2.std =0.0000, coverage equal tailed 0.9 interval = 0.0000 
INFO:__main__:Best results for alpha=7.742635830254585e-07 giving error=0.2064705640077591
INFO:__main__:Number of active components (giving 99% of the energy) is 21 out of 36

INFO:__main__:
Results over 2 folds : rmse=8.0658+/-0.2752, mae=6.5414+/-0.1810, r2=0.7649+/-0.0142, Coverage1=0.0000+/-0.0000, Coverage2=0.0000+/-0.0000
INFO:__main__:Fold 2, rmse=7.6033, mae=5.9584, r2=0.8101, coverage mean +/- 2.std =0.0000, coverage equal tailed 0.9 interval = 0.0000 
INFO:__main__:Best results for alpha=5.994841103529325e-06 giving error=0.21094778180122375
INFO:__main__:Number of active components (giving 99% of the energy) is 22 out of 36

INFO:__main__:
Results over 3 folds : rmse=7.9116+/-0.3131, mae=6.3471+/-0.3121, r2=0.7799+/-0.0243, Coverage1=0.0000+/-0.0000, Coverage2=0.0000+/-0.0000
INFO:__main__:Fold 3, rmse=7.7229, mae=6.0570, r2=0.7764, coverage mean +/- 2.std =0.0000, coverage equal tailed 0.9 interval = 0.0000 
INFO:__main__:Best results for alpha=4.6415872930083424e-05 giving error=0.20599830150604248
INFO:__main__:Number of active components (giving 99% of the energy) is 21 out of 36

INFO:__main__:
Results over 4 folds : rmse=7.8644+/-0.2832, mae=6.2746+/-0.2980, r2=0.7791+/-0.0211, Coverage1=0.0000+/-0.0000, Coverage2=0.0000+/-0.0000
INFO:__main__:Fold 4, rmse=8.4536, mae=6.5849, r2=0.7458, coverage mean +/- 2.std =0.0000, coverage equal tailed 0.9 interval = 0.0000 
INFO:__main__:Best results for alpha=7.742635830254585e-07 giving error=0.1988610178232193
INFO:__main__:Number of active components (giving 99% of the energy) is 21 out of 36

INFO:__main__:
Results over 5 folds : rmse=7.9823+/-0.3460, mae=6.3366+/-0.2940, r2=0.7724+/-0.0231, Coverage1=0.0000+/-0.0000, Coverage2=0.0000+/-0.0000
INFO:__main__:
Results : rmse=7.9823+/-0.3460, mae=6.3366+/-0.2940, r2=0.7724+/-0.0231, Coverage1=0.0000+/-0.0000, Coverage2=0.0000+/-0.0000, active=21.2000+/-0.4000
