INFO:__main__:Method lgbayescos running...

INFO:__main__:Dataset energy of dimension  = (768, 8)
INFO:__main__:Number of components to be estimated=36 corresponding to 8 main effects and 28 interaction effects

INFO:__main__:Fold 0, rmse=0.5140, mae=0.3445, r2=0.9975, coverage mean +/- 2.std =0.8571, coverage equal tailed 0.9 interval = 0.8442 
INFO:__main__:Number of active components (giving 99% of the energy) is 5 out of 36

INFO:__main__:
Results over 1 folds : rmse=0.5140+/-0.0000, mae=0.3445+/-0.0000, r2=0.9975+/-0.0000, Coverage1=0.8571+/-0.0000, Coverage2=0.8442+/-0.0000
INFO:__main__:Fold 1, rmse=0.4274, mae=0.3270, r2=0.9982, coverage mean +/- 2.std =0.9545, coverage equal tailed 0.9 interval = 0.9481 
INFO:__main__:Number of active components (giving 99% of the energy) is 5 out of 36

INFO:__main__:
Results over 2 folds : rmse=0.4707+/-0.0433, mae=0.3358+/-0.0087, r2=0.9979+/-0.0003, Coverage1=0.9058+/-0.0487, Coverage2=0.8961+/-0.0519
INFO:__main__:
Some covergence issues for fold2
INFO:__main__:Fold 3, rmse=0.4328, mae=0.3273, r2=0.9979, coverage mean +/- 2.std =0.8889, coverage equal tailed 0.9 interval = 0.8693 
INFO:__main__:Number of active components (giving 99% of the energy) is 4 out of 36

INFO:__main__:
Results over 4 folds : rmse=0.4581+/-0.0396, mae=0.3329+/-0.0082, r2=0.9979+/-0.0003, Coverage1=0.9002+/-0.0406, Coverage2=0.8872+/-0.0443
INFO:__main__:Fold 4, rmse=0.3924, mae=0.2961, r2=0.9986, coverage mean +/- 2.std =0.9281, coverage equal tailed 0.9 interval = 0.9281 
INFO:__main__:Number of active components (giving 99% of the energy) is 5 out of 36

INFO:__main__:
Results over 5 folds : rmse=0.4416+/-0.0446, mae=0.3237+/-0.0174, r2=0.9980+/-0.0004, Coverage1=0.9072+/-0.0371, Coverage2=0.8974+/-0.0422
INFO:__main__:
Results : rmse=0.4416+/-0.0446, mae=0.3237+/-0.0174, r2=0.9980+/-0.0004, Coverage1=0.9072+/-0.0371, Coverage2=0.8974+/-0.0422, active=4.7500+/-0.4330
