INFO:__main__:Method ss running...

INFO:__main__:Dataset of dimension  = (100, 55)
INFO:__main__:Number of components to be estimated=1540 corresponding to 55 main effects and 1485 interaction effects

INFO:__main__:Dataset 0, rmse=3.2538, mae=2.7056, r2=0.2512, coverage mean +/- 2.std =0.0000, coverage equal tailed 0.9 interval = 0.0000 
INFO:__main__:Best results for alpha=1.6297501126416591e-09 giving error=4.101741313934326
INFO:__main__:Number of active components (giving 99% of the energy) is 48 out of 55

INFO:__main__:TP: 4.00000, TN : 7.00000, FP : 44.00000, FN : 0.00000

INFO:__main__:
Results over 0 datasets : rmse=3.2538+/-0.0000, mae=2.7056+/-0.0000,                  r2=0.2512+/-0.0000, Coverage1=0.0000+/-0.0000,                      Coverage2=0.0000+/-0.0000,                      TP=4.0000+/-0.0000, TN=7.0000+/-0.0000,                           FP=44.0000+/-0.0000, FN=0.0000+/-0.0000
INFO:__main__:Dataset 1, rmse=3.3777, mae=2.7152, r2=0.3889, coverage mean +/- 2.std =0.0000, coverage equal tailed 0.9 interval = 0.0000 
INFO:__main__:Best results for alpha=0.005336702335625887 giving error=5.6116790771484375
INFO:__main__:Number of active components (giving 99% of the energy) is 48 out of 55

INFO:__main__:TP: 4.00000, TN : 7.00000, FP : 44.00000, FN : 0.00000

INFO:__main__:
Results over 1 datasets : rmse=3.3158+/-0.0620, mae=2.7104+/-0.0048,                  r2=0.3201+/-0.0689, Coverage1=0.0000+/-0.0000,                      Coverage2=0.0000+/-0.0000,                      TP=4.0000+/-0.0000, TN=7.0000+/-0.0000,                           FP=44.0000+/-0.0000, FN=0.0000+/-0.0000
INFO:__main__:Dataset 2, rmse=3.4745, mae=2.7520, r2=0.1470, coverage mean +/- 2.std =0.0000, coverage equal tailed 0.9 interval = 0.0000 
INFO:__main__:Best results for alpha=0.0013219407992437482 giving error=4.086164474487305
INFO:__main__:Number of active components (giving 99% of the energy) is 48 out of 55

INFO:__main__:TP: 4.00000, TN : 7.00000, FP : 44.00000, FN : 0.00000

INFO:__main__:
Results over 2 datasets : rmse=3.3687+/-0.0903, mae=2.7243+/-0.0200,                  r2=0.2624+/-0.0991, Coverage1=0.0000+/-0.0000,                      Coverage2=0.0000+/-0.0000,                      TP=4.0000+/-0.0000, TN=7.0000+/-0.0000,                           FP=44.0000+/-0.0000, FN=0.0000+/-0.0000
INFO:__main__:Dataset 3, rmse=3.2996, mae=2.5506, r2=0.1880, coverage mean +/- 2.std =0.0000, coverage equal tailed 0.9 interval = 0.0000 
INFO:__main__:Best results for alpha=0.0009326034341938794 giving error=5.273384094238281
INFO:__main__:Number of active components (giving 99% of the energy) is 49 out of 55

INFO:__main__:TP: 4.00000, TN : 6.00000, FP : 45.00000, FN : 0.00000

INFO:__main__:
Results over 3 datasets : rmse=3.3514+/-0.0837, mae=2.6809+/-0.0772,                  r2=0.2438+/-0.0916, Coverage1=0.0000+/-0.0000,                      Coverage2=0.0000+/-0.0000,                      TP=4.0000+/-0.0000, TN=6.7500+/-0.4330,                           FP=44.2500+/-0.4330, FN=0.0000+/-0.0000
INFO:__main__:Dataset 4, rmse=3.6767, mae=3.0990, r2=0.3800, coverage mean +/- 2.std =0.0000, coverage equal tailed 0.9 interval = 0.0000 
INFO:__main__:Best results for alpha=0.0018738183425739408 giving error=4.821753025054932
INFO:__main__:Number of active components (giving 99% of the energy) is 49 out of 55

INFO:__main__:TP: 4.00000, TN : 6.00000, FP : 45.00000, FN : 0.00000

INFO:__main__:
Results over 4 datasets : rmse=3.4165+/-0.1501, mae=2.7645+/-0.1809,                  r2=0.2711+/-0.0984, Coverage1=0.0000+/-0.0000,                      Coverage2=0.0000+/-0.0000,                      TP=4.0000+/-0.0000, TN=6.6000+/-0.4899,                           FP=44.4000+/-0.4899, FN=0.0000+/-0.0000
INFO:__main__:Dataset 5, rmse=3.4928, mae=2.8636, r2=0.3339, coverage mean +/- 2.std =0.0000, coverage equal tailed 0.9 interval = 0.0000 
INFO:__main__:Best results for alpha=0.01072267722338438 giving error=5.694307804107666
INFO:__main__:Number of active components (giving 99% of the energy) is 46 out of 55

INFO:__main__:TP: 4.00000, TN : 9.00000, FP : 42.00000, FN : 0.00000

INFO:__main__:
Results over 5 datasets : rmse=3.4292+/-0.1400, mae=2.7810+/-0.1693,                  r2=0.2815+/-0.0929, Coverage1=0.0000+/-0.0000,                      Coverage2=0.0000+/-0.0000,                      TP=4.0000+/-0.0000, TN=7.0000+/-1.0000,                           FP=44.0000+/-1.0000, FN=0.0000+/-0.0000
INFO:__main__:Dataset 6, rmse=3.5292, mae=2.7737, r2=0.3923, coverage mean +/- 2.std =0.0000, coverage equal tailed 0.9 interval = 0.0000 
INFO:__main__:Best results for alpha=0.005336702335625887 giving error=4.150101661682129
INFO:__main__:Number of active components (giving 99% of the energy) is 48 out of 55

INFO:__main__:TP: 4.00000, TN : 7.00000, FP : 44.00000, FN : 0.00000

INFO:__main__:
Results over 6 datasets : rmse=3.4435+/-0.1342, mae=2.7800+/-0.1567,                  r2=0.2973+/-0.0943, Coverage1=0.0000+/-0.0000,                      Coverage2=0.0000+/-0.0000,                      TP=4.0000+/-0.0000, TN=7.0000+/-0.9258,                           FP=44.0000+/-0.9258, FN=0.0000+/-0.0000
INFO:__main__:Dataset 7, rmse=3.2779, mae=2.5833, r2=0.2941, coverage mean +/- 2.std =0.0000, coverage equal tailed 0.9 interval = 0.0000 
INFO:__main__:Best results for alpha=0.005336702335625887 giving error=6.244513034820557
INFO:__main__:Number of active components (giving 99% of the energy) is 50 out of 55

INFO:__main__:TP: 4.00000, TN : 5.00000, FP : 46.00000, FN : 0.00000

INFO:__main__:
Results over 7 datasets : rmse=3.4228+/-0.1370, mae=2.7554+/-0.1604,                  r2=0.2969+/-0.0882, Coverage1=0.0000+/-0.0000,                      Coverage2=0.0000+/-0.0000,                      TP=4.0000+/-0.0000, TN=6.7500+/-1.0897,                           FP=44.2500+/-1.0897, FN=0.0000+/-0.0000
INFO:__main__:Dataset 8, rmse=3.7935, mae=2.9711, r2=-0.3160, coverage mean +/- 2.std =0.0000, coverage equal tailed 0.9 interval = 0.0000 
INFO:__main__:Best results for alpha=0.0002310129057150334 giving error=5.164139747619629
INFO:__main__:Number of active components (giving 99% of the energy) is 46 out of 55

INFO:__main__:TP: 4.00000, TN : 9.00000, FP : 42.00000, FN : 0.00000

INFO:__main__:
Results over 8 datasets : rmse=3.4640+/-0.1739, mae=2.7794+/-0.1657,                  r2=0.2288+/-0.2098, Coverage1=0.0000+/-0.0000,                      Coverage2=0.0000+/-0.0000,                      TP=4.0000+/-0.0000, TN=7.0000+/-1.2472,                           FP=44.0000+/-1.2472, FN=0.0000+/-0.0000
INFO:__main__:Dataset 9, rmse=3.2198, mae=2.6783, r2=0.3818, coverage mean +/- 2.std =0.0000, coverage equal tailed 0.9 interval = 0.0000 
INFO:__main__:Best results for alpha=0.005336702335625887 giving error=4.268528461456299
INFO:__main__:Number of active components (giving 99% of the energy) is 48 out of 55

INFO:__main__:TP: 4.00000, TN : 7.00000, FP : 44.00000, FN : 0.00000

INFO:__main__:
Results over 9 datasets : rmse=3.4396+/-0.1805, mae=2.7692+/-0.1601,                  r2=0.2441+/-0.2043, Coverage1=0.0000+/-0.0000,                      Coverage2=0.0000+/-0.0000,                      TP=4.0000+/-0.0000, TN=7.0000+/-1.1832,                           FP=44.0000+/-1.1832, FN=0.0000+/-0.0000
