INFO:__main__:Method lgbayescos_opt running...

INFO:__main__:Dataset housing of dimension  = (506, 13)
INFO:__main__:Number of components to be estimated=91 corresponding to 13 main effects and 78 interaction effects

INFO:__main__:Fold 0, rmse=3.4566, mae=2.1649, r2=0.8661, coverage mean +/- 2.std =0.9902, coverage equal tailed 0.9 interval = 0.9902 
INFO:__main__:Number of active components (giving 99% of the energy) is 70 out of 91

INFO:__main__:
Results over 1 folds : rmse=3.4566+/-0.0000, mae=2.1649+/-0.0000, r2=0.8661+/-0.0000, Coverage1=0.9902+/-0.0000, Coverage2=0.9902+/-0.0000
INFO:__main__:Fold 1, rmse=3.3067, mae=2.2119, r2=0.8540, coverage mean +/- 2.std =0.9901, coverage equal tailed 0.9 interval = 0.9901 
INFO:__main__:Number of active components (giving 99% of the energy) is 69 out of 91

INFO:__main__:
Results over 2 folds : rmse=3.3816+/-0.0750, mae=2.1884+/-0.0235, r2=0.8600+/-0.0061, Coverage1=0.9901+/-0.0000, Coverage2=0.9901+/-0.0000
INFO:__main__:Fold 2, rmse=2.7716, mae=2.0566, r2=0.9291, coverage mean +/- 2.std =0.9901, coverage equal tailed 0.9 interval = 0.9901 
INFO:__main__:Number of active components (giving 99% of the energy) is 70 out of 91

INFO:__main__:
Results over 3 folds : rmse=3.1783+/-0.2940, mae=2.1445+/-0.0650, r2=0.8831+/-0.0330, Coverage1=0.9901+/-0.0000, Coverage2=0.9901+/-0.0000
INFO:__main__:Fold 3, rmse=3.3064, mae=1.9948, r2=0.8525, coverage mean +/- 2.std =0.9802, coverage equal tailed 0.9 interval = 0.9802 
INFO:__main__:Number of active components (giving 99% of the energy) is 72 out of 91

INFO:__main__:
Results over 4 folds : rmse=3.2103+/-0.2606, mae=2.1071+/-0.0858, r2=0.8754+/-0.0315, Coverage1=0.9876+/-0.0043, Coverage2=0.9876+/-0.0043
INFO:__main__:Fold 4, rmse=2.6124, mae=1.9675, r2=0.9076, coverage mean +/- 2.std =1.0000, coverage equal tailed 0.9 interval = 1.0000 
INFO:__main__:Number of active components (giving 99% of the energy) is 70 out of 91

INFO:__main__:
Results over 5 folds : rmse=3.0907+/-0.3340, mae=2.0791+/-0.0949, r2=0.8819+/-0.0309, Coverage1=0.9901+/-0.0063, Coverage2=0.9901+/-0.0063
INFO:__main__:
Results : rmse=3.0907+/-0.3340, mae=2.0791+/-0.0949, r2=0.8819+/-0.0309, Coverage1=0.9901+/-0.0063, Coverage2=0.9901+/-0.0063, active=70.2000+/-0.9798
INFO:__main__:Method lgbayescos_opt running...

INFO:__main__:Dataset housing of dimension  = (506, 13)
INFO:__main__:Number of components to be estimated=91 corresponding to 13 main effects and 78 interaction effects

INFO:__main__:Fold 0, rmse=3.5131, mae=2.3889, r2=0.8617, coverage mean +/- 2.std =0.9216, coverage equal tailed 0.9 interval = 0.9216 
INFO:__main__:Number of active components (giving 99% of the energy) is 22 out of 91

INFO:__main__:
Results over 1 folds : rmse=3.5131+/-0.0000, mae=2.3889+/-0.0000, r2=0.8617+/-0.0000, Coverage1=0.9216+/-0.0000, Coverage2=0.9216+/-0.0000
INFO:__main__:Fold 1, rmse=3.7426, mae=2.2828, r2=0.8129, coverage mean +/- 2.std =0.9406, coverage equal tailed 0.9 interval = 0.9406 
INFO:__main__:Number of active components (giving 99% of the energy) is 23 out of 91

INFO:__main__:
Results over 2 folds : rmse=3.6279+/-0.1147, mae=2.3358+/-0.0531, r2=0.8373+/-0.0244, Coverage1=0.9311+/-0.0095, Coverage2=0.9311+/-0.0095
INFO:__main__:Fold 2, rmse=2.6885, mae=2.0755, r2=0.9333, coverage mean +/- 2.std =0.9505, coverage equal tailed 0.9 interval = 0.9505 
INFO:__main__:Number of active components (giving 99% of the energy) is 25 out of 91

INFO:__main__:
Results over 3 folds : rmse=3.3147+/-0.4526, mae=2.2490+/-0.1302, r2=0.8693+/-0.0495, Coverage1=0.9376+/-0.0120, Coverage2=0.9376+/-0.0120
INFO:__main__:Fold 3, rmse=3.2379, mae=1.9785, r2=0.8586, coverage mean +/- 2.std =0.9604, coverage equal tailed 0.9 interval = 0.9604 
INFO:__main__:Number of active components (giving 99% of the energy) is 25 out of 91

INFO:__main__:
Results over 4 folds : rmse=3.2955+/-0.3934, mae=2.1814+/-0.1626, r2=0.8666+/-0.0431, Coverage1=0.9433+/-0.0143, Coverage2=0.9433+/-0.0143
INFO:__main__:Fold 4, rmse=2.6776, mae=1.8944, r2=0.9029, coverage mean +/- 2.std =0.9604, coverage equal tailed 0.9 interval = 0.9604 
INFO:__main__:Number of active components (giving 99% of the energy) is 23 out of 91

INFO:__main__:
Results over 5 folds : rmse=3.1720+/-0.4300, mae=2.1240+/-0.1853, r2=0.8739+/-0.0412, Coverage1=0.9467+/-0.0145, Coverage2=0.9467+/-0.0145
INFO:__main__:
Results : rmse=3.1720+/-0.4300, mae=2.1240+/-0.1853, r2=0.8739+/-0.0412, Coverage1=0.9467+/-0.0145, Coverage2=0.9467+/-0.0145, active=23.6000+/-1.2000
