INFO:__main__:Method ss running...

INFO:__main__:Dataset yacht of dimension  = (306, 6)
INFO:__main__:Number of components to be estimated=21 corresponding to 6 main effects and 15 interaction effects

INFO:__main__:Fold 0, rmse=1.8500, mae=1.1566, r2=0.9864, coverage mean +/- 2.std =0.0000, coverage equal tailed 0.9 interval = 0.0000 
INFO:__main__:Best results for alpha=1.0000000116860974e-07 giving error=0.007072299253195524
INFO:__main__:Number of active components (giving 99% of the energy) is 0 out of 21

INFO:__main__:
Results over 1 folds : rmse=1.8500+/-0.0000, mae=1.1566+/-0.0000, r2=0.9864+/-0.0000, Coverage1=0.0000+/-0.0000, Coverage2=0.0000+/-0.0000
INFO:__main__:Fold 1, rmse=1.7962, mae=0.9321, r2=0.9836, coverage mean +/- 2.std =0.0000, coverage equal tailed 0.9 interval = 0.0000 
INFO:__main__:Best results for alpha=1.0000000116860974e-07 giving error=0.012318814173340797
INFO:__main__:Number of active components (giving 99% of the energy) is 0 out of 21

INFO:__main__:
Results over 2 folds : rmse=1.8231+/-0.0269, mae=1.0443+/-0.1122, r2=0.9850+/-0.0014, Coverage1=0.0000+/-0.0000, Coverage2=0.0000+/-0.0000
INFO:__main__:Fold 2, rmse=1.2679, mae=0.7258, r2=0.9915, coverage mean +/- 2.std =0.0000, coverage equal tailed 0.9 interval = 0.0000 
INFO:__main__:Best results for alpha=1.0000000116860974e-07 giving error=0.01933678239583969
INFO:__main__:Number of active components (giving 99% of the energy) is 0 out of 21

INFO:__main__:
Results over 3 folds : rmse=1.6380+/-0.2627, mae=0.9381+/-0.1759, r2=0.9872+/-0.0033, Coverage1=0.0000+/-0.0000, Coverage2=0.0000+/-0.0000
INFO:__main__:Fold 3, rmse=0.9784, mae=0.6680, r2=0.9929, coverage mean +/- 2.std =0.0000, coverage equal tailed 0.9 interval = 0.0000 
INFO:__main__:Best results for alpha=1.0000000116860974e-07 giving error=0.016802847385406494
INFO:__main__:Number of active components (giving 99% of the energy) is 1 out of 21

INFO:__main__:
Results over 4 folds : rmse=1.4731+/-0.3651, mae=0.8706+/-0.1921, r2=0.9886+/-0.0038, Coverage1=0.0000+/-0.0000, Coverage2=0.0000+/-0.0000
INFO:__main__:Fold 4, rmse=3.3870, mae=1.8376, r2=0.9660, coverage mean +/- 2.std =0.0000, coverage equal tailed 0.9 interval = 0.0000 
INFO:__main__:Best results for alpha=1.0000000116860974e-07 giving error=0.024677183479070663
INFO:__main__:Number of active components (giving 99% of the energy) is 0 out of 21

INFO:__main__:
Results over 5 folds : rmse=1.8559+/-0.8323, mae=1.0640+/-0.4232, r2=0.9841+/-0.0096, Coverage1=0.0000+/-0.0000, Coverage2=0.0000+/-0.0000
INFO:__main__:
Results : rmse=1.8559+/-0.8323, mae=1.0640+/-0.4232, r2=0.9841+/-0.0096, Coverage1=0.0000+/-0.0000, Coverage2=0.0000+/-0.0000, active=0.2000+/-0.4000
