INFO:__main__:Dataset of dimension  = (15, 2)
INFO:__main__:Number of components to be estimated=3 corresponding to 2 main effects and 1 interaction effects

INFO:__main__:Number of active components  is 0 out of 3

INFO:__main__:Dataset 0, rmse=0.1374, mae=0.1222, r2=-1.1250
INFO:__main__:
Results over 1 datasets : rmse=0.1374+/-0.0000, mae=0.1222+/-0.0000,r2=-1.1250+/-0.0000
INFO:__main__:Number of active components  is 0.0000+/-0.0000 out of 3

INFO:__main__:Number of active components  is 0 out of 3

INFO:__main__:Dataset 1, rmse=0.1893, mae=0.1833, r2=-0.0078
INFO:__main__:
Results over 2 datasets : rmse=0.1634+/-0.0259, mae=0.1528+/-0.0306,r2=-0.5664+/-0.5586
INFO:__main__:Number of active components  is 0.0000+/-0.0000 out of 3

INFO:__main__:Number of active components  is 0 out of 3

INFO:__main__:Dataset 2, rmse=0.1374, mae=0.1222, r2=-1.1250
INFO:__main__:
Results over 3 datasets : rmse=0.1547+/-0.0244, mae=0.1426+/-0.0288,r2=-0.7526+/-0.5266
INFO:__main__:Number of active components  is 0.0000+/-0.0000 out of 3

INFO:__main__:Number of active components  is 0 out of 3

INFO:__main__:Dataset 3, rmse=0.1772, mae=0.1500, r2=-2.5313
INFO:__main__:
Results over 4 datasets : rmse=0.1603+/-0.0233, mae=0.1444+/-0.0252,r2=-1.1973+/-0.8951
INFO:__main__:Number of active components  is 0.0000+/-0.0000 out of 3

INFO:__main__:Number of active components  is 0 out of 3

INFO:__main__:Dataset 4, rmse=0.0667, mae=0.0667, r2=-inf
INFO:__main__:
Results over 5 datasets : rmse=0.1416+/-0.0429, mae=0.1289+/-0.0384,r2=-inf+/-nan
INFO:__main__:Number of active components  is 0.0000+/-0.0000 out of 3

INFO:__main__:Dataset of dimension  = (15, 2)
INFO:__main__:Number of components to be estimated=3 corresponding to 2 main effects and 1 interaction effects

INFO:__main__:Number of active components  is 0 out of 3

INFO:__main__:Dataset 0, rmse=0.1374, mae=0.1222, r2=-1.1250
INFO:__main__:
Results over 1 datasets : rmse=0.1374+/-0.0000, mae=0.1222+/-0.0000,r2=-1.1250+/-0.0000
INFO:__main__:Number of active components  is 0.0000+/-0.0000 out of 3

INFO:__main__:Number of active components  is 0 out of 3

INFO:__main__:Dataset 1, rmse=0.1893, mae=0.1833, r2=-0.0078
INFO:__main__:
Results over 2 datasets : rmse=0.1634+/-0.0259, mae=0.1528+/-0.0306,r2=-0.5664+/-0.5586
INFO:__main__:Number of active components  is 0.0000+/-0.0000 out of 3

INFO:__main__:Number of active components  is 0 out of 3

INFO:__main__:Dataset 2, rmse=0.1374, mae=0.1222, r2=-1.1250
INFO:__main__:
Results over 3 datasets : rmse=0.1547+/-0.0244, mae=0.1426+/-0.0288,r2=-0.7526+/-0.5266
INFO:__main__:Number of active components  is 0.0000+/-0.0000 out of 3

INFO:__main__:Number of active components  is 0 out of 3

INFO:__main__:Dataset 3, rmse=0.1772, mae=0.1500, r2=-2.5312
INFO:__main__:
Results over 4 datasets : rmse=0.1603+/-0.0233, mae=0.1444+/-0.0252,r2=-1.1973+/-0.8951
INFO:__main__:Number of active components  is 0.0000+/-0.0000 out of 3

INFO:__main__:Number of active components  is 0 out of 3

INFO:__main__:Dataset 4, rmse=0.0667, mae=0.0667, r2=-inf
INFO:__main__:
Results over 5 datasets : rmse=0.1416+/-0.0429, mae=0.1289+/-0.0384,r2=-inf+/-nan
INFO:__main__:Number of active components  is 0.0000+/-0.0000 out of 3

INFO:__main__:Dataset of dimension  = (15, 2)
INFO:__main__:Number of components to be estimated=3 corresponding to 2 main effects and 1 interaction effects

INFO:__main__:Number of active components  is 0 out of 3

INFO:__main__:Dataset 0, rmse=0.1374, mae=0.1222, r2=-1.1250
INFO:__main__:
Results over 1 datasets : rmse=0.1374+/-0.0000, mae=0.1222+/-0.0000,r2=-1.1250+/-0.0000
INFO:__main__:Number of active components  is 0.0000+/-0.0000 out of 3

INFO:__main__:Number of active components  is 0 out of 3

INFO:__main__:Dataset 1, rmse=0.1893, mae=0.1833, r2=-0.0078
INFO:__main__:
Results over 2 datasets : rmse=0.1634+/-0.0259, mae=0.1528+/-0.0306,r2=-0.5664+/-0.5586
INFO:__main__:Number of active components  is 0.0000+/-0.0000 out of 3

INFO:__main__:Number of active components  is 0 out of 3

INFO:__main__:Dataset 2, rmse=0.1374, mae=0.1222, r2=-1.1250
INFO:__main__:
Results over 3 datasets : rmse=0.1547+/-0.0244, mae=0.1426+/-0.0288,r2=-0.7526+/-0.5266
INFO:__main__:Number of active components  is 0.0000+/-0.0000 out of 3

INFO:__main__:Number of active components  is 0 out of 3

INFO:__main__:Dataset 3, rmse=0.1772, mae=0.1500, r2=-2.5312
INFO:__main__:
Results over 4 datasets : rmse=0.1603+/-0.0233, mae=0.1444+/-0.0252,r2=-1.1973+/-0.8951
INFO:__main__:Number of active components  is 0.0000+/-0.0000 out of 3

INFO:__main__:Number of active components  is 0 out of 3

INFO:__main__:Dataset 4, rmse=0.0667, mae=0.0667, r2=-inf
INFO:__main__:
Results over 5 datasets : rmse=0.1416+/-0.0429, mae=0.1289+/-0.0384,r2=-inf+/-nan
INFO:__main__:Number of active components  is 0.0000+/-0.0000 out of 3

INFO:__main__:Dataset of dimension  = (1000, 8)
INFO:__main__:Number of components to be estimated=36 corresponding to 8 main effects and 28 interaction effects

INFO:__main__:Number of active components  is 17 out of 36

INFO:__main__:Dataset 0, rmse=22.9807, mae=18.2475, r2=-0.9094
INFO:__main__:
Results over 1 datasets : rmse=22.9807+/-0.0000, mae=18.2475+/-0.0000,r2=-0.9094+/-0.0000
INFO:__main__:Number of active components  is 17.0000+/-0.0000 out of 36

INFO:__main__:Number of active components  is 19 out of 36

INFO:__main__:Dataset 1, rmse=22.4770, mae=17.8745, r2=-0.8398
INFO:__main__:
Results over 2 datasets : rmse=22.7288+/-0.2518, mae=18.0610+/-0.1865,r2=-0.8746+/-0.0348
INFO:__main__:Number of active components  is 18.0000+/-1.0000 out of 36

INFO:__main__:Number of active components  is 19 out of 36

INFO:__main__:Dataset 2, rmse=22.6088, mae=18.1042, r2=-0.7934
INFO:__main__:
Results over 3 datasets : rmse=22.6888+/-0.2133, mae=18.0754+/-0.1536,r2=-0.8476+/-0.0477
INFO:__main__:Number of active components  is 18.3333+/-0.9428 out of 36

INFO:__main__:Number of active components  is 19 out of 36

INFO:__main__:Dataset 3, rmse=23.5439, mae=18.8595, r2=-0.8342
INFO:__main__:
Results over 4 datasets : rmse=22.9026+/-0.4137, mae=18.2714+/-0.3647,r2=-0.8442+/-0.0417
INFO:__main__:Number of active components  is 18.5000+/-0.8660 out of 36

INFO:__main__:Number of active components  is 19 out of 36

INFO:__main__:Dataset 4, rmse=24.7160, mae=17.9240, r2=-1.3203
INFO:__main__:
Results over 5 datasets : rmse=23.2653+/-0.8143, mae=18.2020+/-0.3545,r2=-0.9394+/-0.1940
INFO:__main__:Number of active components  is 18.6000+/-0.8000 out of 36

INFO:__main__:Dataset of dimension  = (1000, 8)
INFO:__main__:Number of components to be estimated=36 corresponding to 8 main effects and 28 interaction effects

INFO:__main__:Number of active components  is 21 out of 36

INFO:__main__:Dataset 0, rmse=6.9479, mae=5.3272, r2=0.8255
INFO:__main__:
Results over 1 datasets : rmse=6.9479+/-0.0000, mae=5.3272+/-0.0000,r2=0.8255+/-0.0000
INFO:__main__:Number of active components  is 21.0000+/-0.0000 out of 36

INFO:__main__:Number of active components  is 16 out of 36

INFO:__main__:Dataset 1, rmse=8.4158, mae=6.3965, r2=0.7421
INFO:__main__:
Results over 2 datasets : rmse=7.6819+/-0.7339, mae=5.8618+/-0.5346,r2=0.7838+/-0.0417
INFO:__main__:Number of active components  is 18.5000+/-2.5000 out of 36

INFO:__main__:Number of active components  is 24 out of 36

INFO:__main__:Dataset 2, rmse=8.1652, mae=6.3037, r2=0.7661
INFO:__main__:
Results over 3 datasets : rmse=7.8430+/-0.6411, mae=6.0091+/-0.4837,r2=0.7779+/-0.0350
INFO:__main__:Number of active components  is 20.3333+/-3.2998 out of 36

INFO:__main__:Number of active components  is 21 out of 36

INFO:__main__:Dataset 3, rmse=6.9936, mae=5.4221, r2=0.8382
INFO:__main__:
Results over 4 datasets : rmse=7.6306+/-0.6660, mae=5.8624+/-0.4900,r2=0.7929+/-0.0400
INFO:__main__:Number of active components  is 20.5000+/-2.8723 out of 36

INFO:__main__:Number of active components  is 22 out of 36

INFO:__main__:Dataset 4, rmse=13.6713, mae=6.3909, r2=0.2901
INFO:__main__:
Results over 5 datasets : rmse=8.8388+/-2.4886, mae=5.9681+/-0.4866,r2=0.6924+/-0.2043
INFO:__main__:Number of active components  is 20.8000+/-2.6382 out of 36

INFO:__main__:Dataset of dimension  = (1000, 8)
INFO:__main__:Number of components to be estimated=36 corresponding to 8 main effects and 28 interaction effects

INFO:__main__:Number of active components  is 17 out of 36

INFO:__main__:Dataset 0, rmse=7.2887, mae=5.7101, r2=0.8079
INFO:__main__:
Results over 1 datasets : rmse=7.2887+/-0.0000, mae=5.7101+/-0.0000,r2=0.8079+/-0.0000
INFO:__main__:Number of active components  is 17.0000+/-0.0000 out of 36

INFO:__main__:Number of active components  is 19 out of 36

INFO:__main__:Dataset 1, rmse=8.2040, mae=6.2705, r2=0.7549
INFO:__main__:
Results over 2 datasets : rmse=7.7464+/-0.4577, mae=5.9903+/-0.2802,r2=0.7814+/-0.0265
INFO:__main__:Number of active components  is 18.0000+/-1.0000 out of 36

INFO:__main__:Number of active components  is 19 out of 36

INFO:__main__:Dataset 2, rmse=8.0714, mae=6.1861, r2=0.7714
INFO:__main__:
Results over 3 datasets : rmse=7.8547+/-0.4039, mae=6.0556+/-0.2467,r2=0.7781+/-0.0222
INFO:__main__:Number of active components  is 18.3333+/-0.9428 out of 36

INFO:__main__:Number of active components  is 19 out of 36

INFO:__main__:Dataset 3, rmse=7.2472, mae=5.7054, r2=0.8262
INFO:__main__:
Results over 4 datasets : rmse=7.7028+/-0.4377, mae=5.9680+/-0.2620,r2=0.7901+/-0.0283
INFO:__main__:Number of active components  is 18.5000+/-0.8660 out of 36

INFO:__main__:Number of active components  is 19 out of 36

INFO:__main__:Dataset 4, rmse=13.7280, mae=6.7283, r2=0.2842
INFO:__main__:
Results over 5 datasets : rmse=8.9079+/-2.4417, mae=6.1201+/-0.3839,r2=0.6889+/-0.2040
INFO:__main__:Number of active components  is 18.6000+/-0.8000 out of 36

