INFO:__main__:Method ss running...

INFO:__main__:Dataset stock of dimension  = (536, 8)
INFO:__main__:Number of components to be estimated=36 corresponding to 8 main effects and 28 interaction effects

INFO:__main__:Fold 0, rmse=0.0055, mae=0.0042, r2=0.7075, coverage mean +/- 2.std =0.0000, coverage equal tailed 0.9 interval = 0.0000 
INFO:__main__:Best results for alpha=1.0000000116860974e-07 giving error=0.17686226963996887
INFO:__main__:Number of active components (giving 99% of the energy) is 7 out of 36

INFO:__main__:
Results over 1 folds : rmse=0.0055+/-0.0000, mae=0.0042+/-0.0000, r2=0.7075+/-0.0000, Coverage1=0.0000+/-0.0000, Coverage2=0.0000+/-0.0000
INFO:__main__:Fold 1, rmse=0.0052, mae=0.0039, r2=0.7672, coverage mean +/- 2.std =0.0000, coverage equal tailed 0.9 interval = 0.0000 
INFO:__main__:Best results for alpha=1.0000000116860974e-07 giving error=0.1696677953004837
INFO:__main__:Number of active components (giving 99% of the energy) is 8 out of 36

INFO:__main__:
Results over 2 folds : rmse=0.0053+/-0.0002, mae=0.0041+/-0.0001, r2=0.7373+/-0.0299, Coverage1=0.0000+/-0.0000, Coverage2=0.0000+/-0.0000
INFO:__main__:Fold 2, rmse=0.0051, mae=0.0039, r2=0.6886, coverage mean +/- 2.std =0.0000, coverage equal tailed 0.9 interval = 0.0000 
INFO:__main__:Best results for alpha=1.0000000116860974e-07 giving error=0.15791825950145721
INFO:__main__:Number of active components (giving 99% of the energy) is 9 out of 36

INFO:__main__:
Results over 3 folds : rmse=0.0052+/-0.0002, mae=0.0040+/-0.0001, r2=0.7211+/-0.0335, Coverage1=0.0000+/-0.0000, Coverage2=0.0000+/-0.0000
INFO:__main__:Fold 3, rmse=0.0053, mae=0.0038, r2=0.7952, coverage mean +/- 2.std =0.0000, coverage equal tailed 0.9 interval = 0.0000 
INFO:__main__:Best results for alpha=1.0000000116860974e-07 giving error=0.19083473086357117
INFO:__main__:Number of active components (giving 99% of the energy) is 8 out of 36

INFO:__main__:
Results over 4 folds : rmse=0.0053+/-0.0001, mae=0.0039+/-0.0001, r2=0.7396+/-0.0433, Coverage1=0.0000+/-0.0000, Coverage2=0.0000+/-0.0000
INFO:__main__:Fold 4, rmse=0.0051, mae=0.0039, r2=0.7558, coverage mean +/- 2.std =0.0000, coverage equal tailed 0.9 interval = 0.0000 
INFO:__main__:Best results for alpha=1.0000000116860974e-07 giving error=0.15895608067512512
INFO:__main__:Number of active components (giving 99% of the energy) is 9 out of 36

INFO:__main__:
Results over 5 folds : rmse=0.0052+/-0.0001, mae=0.0039+/-0.0001, r2=0.7429+/-0.0392, Coverage1=0.0000+/-0.0000, Coverage2=0.0000+/-0.0000
INFO:__main__:
Results : rmse=0.0052+/-0.0001, mae=0.0039+/-0.0001, r2=0.7429+/-0.0392, Coverage1=0.0000+/-0.0000, Coverage2=0.0000+/-0.0000, active=8.2000+/-0.7483
