INFO:__main__:Method lgbayescos_opt running...

INFO:__main__:Dataset demand of dimension  = (60, 12)
INFO:__main__:Number of components to be estimated=78 corresponding to 12 main effects and 66 interaction effects

INFO:__main__:Fold 0, rmse=56.1949, mae=25.5886, r2=0.7005, coverage mean +/- 2.std =1.0000, coverage equal tailed 0.9 interval = 1.0000 
INFO:__main__:Number of active components (giving 99% of the energy) is 47 out of 78

INFO:__main__:
Results over 1 folds : rmse=56.1949+/-0.0000, mae=25.5886+/-0.0000, r2=0.7005+/-0.0000, Coverage1=1.0000+/-0.0000, Coverage2=1.0000+/-0.0000
INFO:__main__:Fold 1, rmse=58.4999, mae=41.1960, r2=0.5866, coverage mean +/- 2.std =1.0000, coverage equal tailed 0.9 interval = 1.0000 
INFO:__main__:Number of active components (giving 99% of the energy) is 41 out of 78

INFO:__main__:
Results over 2 folds : rmse=57.3474+/-1.1525, mae=33.3923+/-7.8037, r2=0.6436+/-0.0570, Coverage1=1.0000+/-0.0000, Coverage2=1.0000+/-0.0000
INFO:__main__:Fold 2, rmse=38.5567, mae=19.7605, r2=0.8110, coverage mean +/- 2.std =1.0000, coverage equal tailed 0.9 interval = 1.0000 
INFO:__main__:Number of active components (giving 99% of the energy) is 40 out of 78

INFO:__main__:
Results over 3 folds : rmse=51.0838+/-8.9079, mae=28.8484+/-9.0495, r2=0.6994+/-0.0916, Coverage1=1.0000+/-0.0000, Coverage2=1.0000+/-0.0000
INFO:__main__:Fold 3, rmse=44.0624, mae=22.0406, r2=0.7172, coverage mean +/- 2.std =1.0000, coverage equal tailed 0.9 interval = 1.0000 
INFO:__main__:Number of active components (giving 99% of the energy) is 45 out of 78

INFO:__main__:
Results over 4 folds : rmse=49.3285+/-8.2919, mae=27.1464+/-8.3731, r2=0.7038+/-0.0797, Coverage1=1.0000+/-0.0000, Coverage2=1.0000+/-0.0000
INFO:__main__:Fold 4, rmse=28.7369, mae=19.3897, r2=0.7549, coverage mean +/- 2.std =1.0000, coverage equal tailed 0.9 interval = 1.0000 
INFO:__main__:Number of active components (giving 99% of the energy) is 45 out of 78

INFO:__main__:
Results over 5 folds : rmse=45.2102+/-11.0837, mae=25.5951+/-8.1064, r2=0.7140+/-0.0742, Coverage1=1.0000+/-0.0000, Coverage2=1.0000+/-0.0000
INFO:__main__:
Results : rmse=45.2102+/-11.0837, mae=25.5951+/-8.1064, r2=0.7140+/-0.0742, Coverage1=1.0000+/-0.0000, Coverage2=1.0000+/-0.0000, active=43.6000+/-2.6533
INFO:__main__:Method lgbayescos_opt running...

INFO:__main__:Dataset demand of dimension  = (60, 12)
INFO:__main__:Number of components to be estimated=78 corresponding to 12 main effects and 66 interaction effects

INFO:__main__:Fold 0, rmse=5.5331, mae=2.1246, r2=0.9971, coverage mean +/- 2.std =1.0000, coverage equal tailed 0.9 interval = 1.0000 
INFO:__main__:Number of active components (giving 99% of the energy) is 2 out of 78

INFO:__main__:
Results over 1 folds : rmse=5.5331+/-0.0000, mae=2.1246+/-0.0000, r2=0.9971+/-0.0000, Coverage1=1.0000+/-0.0000, Coverage2=1.0000+/-0.0000
INFO:__main__:Fold 1, rmse=47.8645, mae=20.8930, r2=0.7232, coverage mean +/- 2.std =0.9167, coverage equal tailed 0.9 interval = 0.9167 
INFO:__main__:Number of active components (giving 99% of the energy) is 1 out of 78

INFO:__main__:
Results over 2 folds : rmse=26.6988+/-21.1657, mae=11.5088+/-9.3842, r2=0.8602+/-0.1369, Coverage1=0.9583+/-0.0417, Coverage2=0.9583+/-0.0417
INFO:__main__:Fold 2, rmse=9.5699, mae=3.2449, r2=0.9884, coverage mean +/- 2.std =1.0000, coverage equal tailed 0.9 interval = 1.0000 
INFO:__main__:Number of active components (giving 99% of the energy) is 2 out of 78

INFO:__main__:
Results over 3 folds : rmse=20.9892+/-19.0751, mae=8.7542+/-8.5956, r2=0.9029+/-0.1271, Coverage1=0.9722+/-0.0393, Coverage2=0.9722+/-0.0393
INFO:__main__:Fold 3, rmse=6.7432, mae=2.6413, r2=0.9934, coverage mean +/- 2.std =1.0000, coverage equal tailed 0.9 interval = 1.0000 
INFO:__main__:Number of active components (giving 99% of the energy) is 2 out of 78

INFO:__main__:
Results over 4 folds : rmse=17.4277+/-17.6337, mae=7.2260+/-7.9006, r2=0.9255+/-0.1168, Coverage1=0.9792+/-0.0361, Coverage2=0.9792+/-0.0361
INFO:__main__:Fold 4, rmse=9.1218, mae=3.2049, r2=0.9753, coverage mean +/- 2.std =0.9167, coverage equal tailed 0.9 interval = 0.9167 
INFO:__main__:Number of active components (giving 99% of the energy) is 2 out of 78

INFO:__main__:
Results over 5 folds : rmse=15.7665+/-16.1182, mae=6.4217+/-7.2473, r2=0.9355+/-0.1064, Coverage1=0.9667+/-0.0408, Coverage2=0.9667+/-0.0408
INFO:__main__:
Results : rmse=15.7665+/-16.1182, mae=6.4217+/-7.2473, r2=0.9355+/-0.1064, Coverage1=0.9667+/-0.0408, Coverage2=0.9667+/-0.0408, active=1.8000+/-0.4000
