INFO:__main__:Method cosso running...

INFO:__main__:Dataset housing of dimension  = (506, 13)
INFO:__main__:Number of components to be estimated=91 corresponding to 13 main effects and 78 interaction effects

INFO:__main__:Fold 0, rmse=3.2977, mae=2.1887, r2=0.8781, coverage mean +/- 2.std =0.0000, coverage equal tailed 0.9 interval = 0.0000 
INFO:__main__:Best results for M=4.6415872930083424e-05 giving error=0.08474215865135193
INFO:__main__:Number of active components (giving 99% of the energy) is 42 out of 91

INFO:__main__:
Results over 1 folds : rmse=3.2977+/-0.0000, mae=2.1887+/-0.0000, r2=0.8781+/-0.0000, Coverage1=0.0000+/-0.0000, Coverage2=0.0000+/-0.0000
INFO:__main__:Fold 1, rmse=3.6119, mae=2.3714, r2=0.8258, coverage mean +/- 2.std =0.0000, coverage equal tailed 0.9 interval = 0.0000 
INFO:__main__:Best results for M=5.994841103529325e-06 giving error=0.05365892872214317
INFO:__main__:Number of active components (giving 99% of the energy) is 57 out of 91

INFO:__main__:
Results over 2 folds : rmse=3.4548+/-0.1571, mae=2.2801+/-0.0913, r2=0.8519+/-0.0262, Coverage1=0.0000+/-0.0000, Coverage2=0.0000+/-0.0000
INFO:__main__:Fold 2, rmse=2.5711, mae=1.9581, r2=0.9390, coverage mean +/- 2.std =0.0000, coverage equal tailed 0.9 interval = 0.0000 
INFO:__main__:Best results for M=4.6415872930083424e-05 giving error=0.07886147499084473
INFO:__main__:Number of active components (giving 99% of the energy) is 46 out of 91

INFO:__main__:
Results over 3 folds : rmse=3.1602+/-0.4359, mae=2.1727+/-0.1691, r2=0.8810+/-0.0463, Coverage1=0.0000+/-0.0000, Coverage2=0.0000+/-0.0000
INFO:__main__:Fold 3, rmse=2.9585, mae=1.9458, r2=0.8819, coverage mean +/- 2.std =0.0000, coverage equal tailed 0.9 interval = 0.0000 
INFO:__main__:Best results for M=4.6415872930083424e-05 giving error=0.07602135837078094
INFO:__main__:Number of active components (giving 99% of the energy) is 41 out of 91

INFO:__main__:
Results over 4 folds : rmse=3.1098+/-0.3874, mae=2.1160+/-0.1764, r2=0.8812+/-0.0401, Coverage1=0.0000+/-0.0000, Coverage2=0.0000+/-0.0000
INFO:__main__:Fold 4, rmse=2.5303, mae=1.8395, r2=0.9133, coverage mean +/- 2.std =0.0000, coverage equal tailed 0.9 interval = 0.0000 
INFO:__main__:Best results for M=4.6415872930083424e-05 giving error=0.07997976243495941
INFO:__main__:Number of active components (giving 99% of the energy) is 40 out of 91

INFO:__main__:
Results over 5 folds : rmse=2.9939+/-0.4169, mae=2.0607+/-0.1927, r2=0.8876+/-0.0381, Coverage1=0.0000+/-0.0000, Coverage2=0.0000+/-0.0000
INFO:__main__:
Results : rmse=2.9939+/-0.4169, mae=2.0607+/-0.1927, r2=0.8876+/-0.0381, Coverage1=0.0000+/-0.0000, Coverage2=0.0000+/-0.0000, active=45.2000+/-6.2418
