INFO:__main__:Method ss running...

INFO:__main__:Dataset of dimension  = (100, 10)
INFO:__main__:Number of components to be estimated=55 corresponding to 10 main effects and 45 interaction effects

INFO:__main__:Dataset 0, rmse=2.6488, mae=2.2244, r2=0.6480, coverage mean +/- 2.std =0.0000, coverage equal tailed 0.9 interval = 0.0000 
INFO:__main__:Best results for alpha=0.0018738183425739408 giving error=3.311474561691284
INFO:__main__:Number of active components (giving 99% of the energy) is 32 out of 55

INFO:__main__:TP: 6.00000, TN : 22.00000, FP : 26.00000, FN : 1.00000

INFO:__main__:
Results over 0 datasets : rmse=2.6488+/-0.0000, mae=2.2244+/-0.0000,                  r2=0.6480+/-0.0000, Coverage1=0.0000+/-0.0000,                      Coverage2=0.0000+/-0.0000,                      TP=6.0000+/-0.0000, TN=22.0000+/-0.0000,                           FP=26.0000+/-0.0000, FN=1.0000+/-0.0000
INFO:__main__:Dataset 1, rmse=2.4723, mae=1.9865, r2=0.6575, coverage mean +/- 2.std =0.0000, coverage equal tailed 0.9 interval = 0.0000 
INFO:__main__:Best results for alpha=2.6560881494219757e-08 giving error=2.040283203125
INFO:__main__:Number of active components (giving 99% of the energy) is 35 out of 55

INFO:__main__:TP: 7.00000, TN : 20.00000, FP : 28.00000, FN : 0.00000

INFO:__main__:
Results over 1 datasets : rmse=2.5605+/-0.0882, mae=2.1054+/-0.1189,                  r2=0.6528+/-0.0047, Coverage1=0.0000+/-0.0000,                      Coverage2=0.0000+/-0.0000,                      TP=6.5000+/-0.5000, TN=21.0000+/-1.0000,                           FP=27.0000+/-1.0000, FN=0.5000+/-0.5000
INFO:__main__:Dataset 2, rmse=2.0756, mae=1.7473, r2=0.7790, coverage mean +/- 2.std =0.0000, coverage equal tailed 0.9 interval = 0.0000 
INFO:__main__:Best results for alpha=0.000464158714748919 giving error=2.3162410259246826
INFO:__main__:Number of active components (giving 99% of the energy) is 31 out of 55

INFO:__main__:TP: 6.00000, TN : 23.00000, FP : 25.00000, FN : 1.00000

INFO:__main__:
Results over 2 datasets : rmse=2.3989+/-0.2397, mae=1.9861+/-0.1948,                  r2=0.6948+/-0.0596, Coverage1=0.0000+/-0.0000,                      Coverage2=0.0000+/-0.0000,                      TP=6.3333+/-0.4714, TN=21.6667+/-1.2472,                           FP=26.3333+/-1.2472, FN=0.6667+/-0.4714
INFO:__main__:Dataset 3, rmse=2.0986, mae=1.7910, r2=0.7023, coverage mean +/- 2.std =0.0000, coverage equal tailed 0.9 interval = 0.0000 
INFO:__main__:Best results for alpha=8.111310307867825e-05 giving error=3.7357661724090576
INFO:__main__:Number of active components (giving 99% of the energy) is 35 out of 55

INFO:__main__:TP: 7.00000, TN : 20.00000, FP : 28.00000, FN : 0.00000

INFO:__main__:
Results over 3 datasets : rmse=2.3238+/-0.2449, mae=1.9373+/-0.1886,                  r2=0.6967+/-0.0517, Coverage1=0.0000+/-0.0000,                      Coverage2=0.0000+/-0.0000,                      TP=6.5000+/-0.5000, TN=21.2500+/-1.2990,                           FP=26.7500+/-1.2990, FN=0.5000+/-0.5000
INFO:__main__:Dataset 4, rmse=2.3219, mae=1.8594, r2=0.6117, coverage mean +/- 2.std =0.0000, coverage equal tailed 0.9 interval = 0.0000 
INFO:__main__:Best results for alpha=3.0538555506609555e-07 giving error=3.090137243270874
INFO:__main__:Number of active components (giving 99% of the energy) is 35 out of 55

INFO:__main__:TP: 7.00000, TN : 20.00000, FP : 28.00000, FN : 0.00000

INFO:__main__:
Results over 4 datasets : rmse=2.3235+/-0.2191, mae=1.9217+/-0.1716,                  r2=0.6797+/-0.0574, Coverage1=0.0000+/-0.0000,                      Coverage2=0.0000+/-0.0000,                      TP=6.6000+/-0.4899, TN=21.0000+/-1.2649,                           FP=27.0000+/-1.2649, FN=0.4000+/-0.4899
INFO:__main__:Dataset 5, rmse=1.9533, mae=1.6252, r2=0.7817, coverage mean +/- 2.std =0.0000, coverage equal tailed 0.9 interval = 0.0000 
INFO:__main__:Best results for alpha=0.0018738183425739408 giving error=2.6153924465179443
INFO:__main__:Number of active components (giving 99% of the energy) is 34 out of 55

INFO:__main__:TP: 7.00000, TN : 21.00000, FP : 27.00000, FN : 0.00000

INFO:__main__:
Results over 5 datasets : rmse=2.2618+/-0.2429, mae=1.8723+/-0.1917,                  r2=0.6967+/-0.0648, Coverage1=0.0000+/-0.0000,                      Coverage2=0.0000+/-0.0000,                      TP=6.6667+/-0.4714, TN=21.0000+/-1.1547,                           FP=27.0000+/-1.1547, FN=0.3333+/-0.4714
INFO:__main__:Dataset 6, rmse=2.5660, mae=2.0559, r2=0.6069, coverage mean +/- 2.std =0.0000, coverage equal tailed 0.9 interval = 0.0000 
INFO:__main__:Best results for alpha=0.0018738183425739408 giving error=3.951955556869507
INFO:__main__:Number of active components (giving 99% of the energy) is 32 out of 55

INFO:__main__:TP: 7.00000, TN : 23.00000, FP : 25.00000, FN : 0.00000

INFO:__main__:
Results over 6 datasets : rmse=2.3052+/-0.2488, mae=1.8985+/-0.1887,                  r2=0.6839+/-0.0677, Coverage1=0.0000+/-0.0000,                      Coverage2=0.0000+/-0.0000,                      TP=6.7143+/-0.4518, TN=21.2857+/-1.2778,                           FP=26.7143+/-1.2778, FN=0.2857+/-0.4518
INFO:__main__:Dataset 7, rmse=2.3128, mae=1.8952, r2=0.7036, coverage mean +/- 2.std =0.0000, coverage equal tailed 0.9 interval = 0.0000 
INFO:__main__:Best results for alpha=0.0013219407992437482 giving error=5.138665676116943
INFO:__main__:Number of active components (giving 99% of the energy) is 31 out of 55

INFO:__main__:TP: 6.00000, TN : 23.00000, FP : 25.00000, FN : 1.00000

INFO:__main__:
Results over 7 datasets : rmse=2.3062+/-0.2328, mae=1.8981+/-0.1766,                  r2=0.6863+/-0.0636, Coverage1=0.0000+/-0.0000,                      Coverage2=0.0000+/-0.0000,                      TP=6.6250+/-0.4841, TN=21.5000+/-1.3229,                           FP=26.5000+/-1.3229, FN=0.3750+/-0.4841
INFO:__main__:Dataset 8, rmse=2.2185, mae=1.5447, r2=0.6443, coverage mean +/- 2.std =0.0000, coverage equal tailed 0.9 interval = 0.0000 
INFO:__main__:Best results for alpha=0.000464158714748919 giving error=2.622859477996826
INFO:__main__:Number of active components (giving 99% of the energy) is 34 out of 55

INFO:__main__:TP: 6.00000, TN : 20.00000, FP : 28.00000, FN : 1.00000

INFO:__main__:
Results over 8 datasets : rmse=2.2964+/-0.2212, mae=1.8588+/-0.2001,                  r2=0.6817+/-0.0614, Coverage1=0.0000+/-0.0000,                      Coverage2=0.0000+/-0.0000,                      TP=6.5556+/-0.4969, TN=21.3333+/-1.3333,                           FP=26.6667+/-1.3333, FN=0.4444+/-0.4969
INFO:__main__:Dataset 9, rmse=2.5490, mae=1.8460, r2=0.6516, coverage mean +/- 2.std =0.0000, coverage equal tailed 0.9 interval = 0.0000 
INFO:__main__:Best results for alpha=0.000464158714748919 giving error=2.841172218322754
INFO:__main__:Number of active components (giving 99% of the energy) is 33 out of 55

INFO:__main__:TP: 6.00000, TN : 21.00000, FP : 27.00000, FN : 1.00000

INFO:__main__:
Results over 9 datasets : rmse=2.3217+/-0.2231, mae=1.8576+/-0.1899,                  r2=0.6787+/-0.0590, Coverage1=0.0000+/-0.0000,                      Coverage2=0.0000+/-0.0000,                      TP=6.5000+/-0.5000, TN=21.3000+/-1.2689,                           FP=26.7000+/-1.2689, FN=0.5000+/-0.5000
