INFO:__main__:Method cosso running...

INFO:__main__:Dataset of dimension  = (100, 10)
INFO:__main__:Number of components to be estimated=55 corresponding to 10 main effects and 45 interaction effects

INFO:__main__:Dataset 0, rmse=1.9639, mae=1.6345, r2=0.7967, coverage mean +/- 2.std =0.0000, coverage equal tailed 0.9 interval = 0.0000 
INFO:__main__:Best results for M=0.24770766496658325 giving error=3.402327060699463
INFO:__main__:Number of active components (giving 99% of the energy) is 9 out of 55

INFO:__main__:TP: 4.00000, TN : 43.00000, FP : 5.00000, FN : 3.00000

INFO:__main__:
Results over 0 datasets : rmse=1.9639+/-0.0000, mae=1.6345+/-0.0000,                  r2=0.7967+/-0.0000, Coverage1=0.0000+/-0.0000,                      Coverage2=0.0000+/-0.0000,                      TP=4.0000+/-0.0000, TN=43.0000+/-0.0000,                           FP=5.0000+/-0.0000, FN=3.0000+/-0.0000
INFO:__main__:Dataset 1, rmse=2.6267, mae=1.9123, r2=0.5591, coverage mean +/- 2.std =0.0000, coverage equal tailed 0.9 interval = 0.0000 
INFO:__main__:Best results for M=2.310127866778089e-09 giving error=2.0226545333862305
INFO:__main__:Number of active components (giving 99% of the energy) is 38 out of 55

INFO:__main__:TP: 7.00000, TN : 17.00000, FP : 31.00000, FN : 0.00000

INFO:__main__:
Results over 1 datasets : rmse=2.2953+/-0.3314, mae=1.7734+/-0.1389,                  r2=0.6779+/-0.1188, Coverage1=0.0000+/-0.0000,                      Coverage2=0.0000+/-0.0000,                      TP=5.5000+/-1.5000, TN=30.0000+/-13.0000,                           FP=18.0000+/-13.0000, FN=1.5000+/-1.5000
INFO:__main__:Dataset 2, rmse=2.1649, mae=1.6356, r2=0.5794, coverage mean +/- 2.std =0.0000, coverage equal tailed 0.9 interval = 0.0000 
INFO:__main__:Best results for M=1.2328478078416083e-06 giving error=3.9950308799743652
INFO:__main__:Number of active components (giving 99% of the energy) is 40 out of 55

INFO:__main__:TP: 7.00000, TN : 15.00000, FP : 33.00000, FN : 0.00000

INFO:__main__:
Results over 2 datasets : rmse=2.2518+/-0.2775, mae=1.7275+/-0.1307,                  r2=0.6451+/-0.1075, Coverage1=0.0000+/-0.0000,                      Coverage2=0.0000+/-0.0000,                      TP=6.0000+/-1.4142, TN=25.0000+/-12.7541,                           FP=23.0000+/-12.7541, FN=1.0000+/-1.4142
INFO:__main__:Dataset 3, rmse=2.0276, mae=1.4915, r2=0.7318, coverage mean +/- 2.std =0.0000, coverage equal tailed 0.9 interval = 0.0000 
INFO:__main__:Best results for M=0.03053855523467064 giving error=3.3666505813598633
INFO:__main__:Number of active components (giving 99% of the energy) is 25 out of 55

INFO:__main__:TP: 7.00000, TN : 30.00000, FP : 18.00000, FN : 0.00000

INFO:__main__:
Results over 3 datasets : rmse=2.1958+/-0.2592, mae=1.6685+/-0.1525,                  r2=0.6668+/-0.1004, Coverage1=0.0000+/-0.0000,                      Coverage2=0.0000+/-0.0000,                      TP=6.2500+/-1.2990, TN=26.2500+/-11.2556,                           FP=21.7500+/-11.2556, FN=0.7500+/-1.2990
INFO:__main__:Dataset 4, rmse=2.5017, mae=2.0584, r2=0.7123, coverage mean +/- 2.std =0.0000, coverage equal tailed 0.9 interval = 0.0000 
INFO:__main__:Best results for M=2.4770797608653083e-06 giving error=2.837780237197876
INFO:__main__:Number of active components (giving 99% of the energy) is 41 out of 55

INFO:__main__:TP: 6.00000, TN : 13.00000, FP : 35.00000, FN : 1.00000

INFO:__main__:
Results over 4 datasets : rmse=2.2570+/-0.2622, mae=1.7465+/-0.2072,                  r2=0.6759+/-0.0916, Coverage1=0.0000+/-0.0000,                      Coverage2=0.0000+/-0.0000,                      TP=6.2000+/-1.1662, TN=23.6000+/-11.3772,                           FP=24.4000+/-11.3772, FN=0.8000+/-1.1662
INFO:__main__:Dataset 5, rmse=3.2037, mae=2.6448, r2=0.4955, coverage mean +/- 2.std =0.0000, coverage equal tailed 0.9 interval = 0.0000 
INFO:__main__:Best results for M=0.0018738183425739408 giving error=3.768113613128662
INFO:__main__:Number of active components (giving 99% of the energy) is 38 out of 55

INFO:__main__:TP: 7.00000, TN : 17.00000, FP : 31.00000, FN : 0.00000

INFO:__main__:
Results over 5 datasets : rmse=2.4147+/-0.4263, mae=1.8962+/-0.3845,                  r2=0.6458+/-0.1073, Coverage1=0.0000+/-0.0000,                      Coverage2=0.0000+/-0.0000,                      TP=6.3333+/-1.1055, TN=22.5000+/-10.6732,                           FP=25.5000+/-10.6732, FN=0.6667+/-1.1055
INFO:__main__:Dataset 6, rmse=1.9077, mae=1.4849, r2=0.7155, coverage mean +/- 2.std =0.0000, coverage equal tailed 0.9 interval = 0.0000 
INFO:__main__:Best results for M=0.08697491139173508 giving error=1.7978508472442627
INFO:__main__:Number of active components (giving 99% of the energy) is 12 out of 55

INFO:__main__:TP: 6.00000, TN : 42.00000, FP : 6.00000, FN : 1.00000

INFO:__main__:
Results over 6 datasets : rmse=2.3423+/-0.4327, mae=1.8374+/-0.3840,                  r2=0.6558+/-0.1023, Coverage1=0.0000+/-0.0000,                      Coverage2=0.0000+/-0.0000,                      TP=6.2857+/-1.0302, TN=25.2857+/-12.0085,                           FP=22.7143+/-12.0085, FN=0.7143+/-1.0302
INFO:__main__:Dataset 7, rmse=2.3995, mae=1.7623, r2=0.6847, coverage mean +/- 2.std =0.0000, coverage equal tailed 0.9 interval = 0.0000 
INFO:__main__:Best results for M=7.564635495782568e-08 giving error=2.953789710998535
INFO:__main__:Number of active components (giving 99% of the energy) is 41 out of 55

INFO:__main__:TP: 7.00000, TN : 14.00000, FP : 34.00000, FN : 0.00000

INFO:__main__:
Results over 7 datasets : rmse=2.3495+/-0.4052, mae=1.8280+/-0.3600,                  r2=0.6594+/-0.0962, Coverage1=0.0000+/-0.0000,                      Coverage2=0.0000+/-0.0000,                      TP=6.3750+/-0.9922, TN=23.8750+/-11.8368,                           FP=24.1250+/-11.8368, FN=0.6250+/-0.9922
INFO:__main__:Dataset 8, rmse=2.5084, mae=1.9459, r2=0.6646, coverage mean +/- 2.std =0.0000, coverage equal tailed 0.9 interval = 0.0000 
INFO:__main__:Best results for M=3.5111952456645668e-06 giving error=2.5858821868896484
INFO:__main__:Number of active components (giving 99% of the energy) is 42 out of 55

INFO:__main__:TP: 7.00000, TN : 13.00000, FP : 35.00000, FN : 0.00000

INFO:__main__:
Results over 8 datasets : rmse=2.3671+/-0.3853, mae=1.8411+/-0.3415,                  r2=0.6600+/-0.0907, Coverage1=0.0000+/-0.0000,                      Coverage2=0.0000+/-0.0000,                      TP=6.4444+/-0.9558, TN=22.6667+/-11.6714,                           FP=25.3333+/-11.6714, FN=0.5556+/-0.9558
INFO:__main__:Dataset 9, rmse=1.5270, mae=1.2417, r2=0.8721, coverage mean +/- 2.std =0.0000, coverage equal tailed 0.9 interval = 0.0000 
INFO:__main__:Best results for M=0.12328468263149261 giving error=2.775130033493042
INFO:__main__:Number of active components (giving 99% of the energy) is 12 out of 55

INFO:__main__:TP: 5.00000, TN : 41.00000, FP : 7.00000, FN : 2.00000

INFO:__main__:
Results over 9 datasets : rmse=2.2831+/-0.4440, mae=1.7812+/-0.3705,                  r2=0.6812+/-0.1070, Coverage1=0.0000+/-0.0000,                      Coverage2=0.0000+/-0.0000,                      TP=6.3000+/-1.0050, TN=24.5000+/-12.3633,                           FP=23.5000+/-12.3633, FN=0.7000+/-1.0050
