INFO:__main__:Method ss running...

INFO:__main__:Dataset housing of dimension  = (506, 13)
INFO:__main__:Number of components to be estimated=91 corresponding to 13 main effects and 78 interaction effects

INFO:__main__:Fold 0, rmse=3.2638, mae=2.1245, r2=0.8806, coverage mean +/- 2.std =0.0000, coverage equal tailed 0.9 interval = 0.0000 
INFO:__main__:Best results for alpha=7.742635830254585e-07 giving error=0.0876622349023819
INFO:__main__:Number of active components (giving 99% of the energy) is 71 out of 91

INFO:__main__:
Results over 1 folds : rmse=3.2638+/-0.0000, mae=2.1245+/-0.0000, r2=0.8806+/-0.0000, Coverage1=0.0000+/-0.0000, Coverage2=0.0000+/-0.0000
INFO:__main__:Fold 1, rmse=3.4098, mae=2.2616, r2=0.8447, coverage mean +/- 2.std =0.0000, coverage equal tailed 0.9 interval = 0.0000 
INFO:__main__:Best results for alpha=1.0000000116860974e-07 giving error=0.0602148100733757
INFO:__main__:Number of active components (giving 99% of the energy) is 69 out of 91

INFO:__main__:
Results over 2 folds : rmse=3.3368+/-0.0730, mae=2.1931+/-0.0685, r2=0.8627+/-0.0180, Coverage1=0.0000+/-0.0000, Coverage2=0.0000+/-0.0000
INFO:__main__:Fold 2, rmse=2.6718, mae=2.0372, r2=0.9342, coverage mean +/- 2.std =0.0000, coverage equal tailed 0.9 interval = 0.0000 
INFO:__main__:Best results for alpha=7.742635830254585e-07 giving error=0.08699820190668106
INFO:__main__:Number of active components (giving 99% of the energy) is 70 out of 91

INFO:__main__:
Results over 3 folds : rmse=3.1151+/-0.3191, mae=2.1411+/-0.0924, r2=0.8865+/-0.0368, Coverage1=0.0000+/-0.0000, Coverage2=0.0000+/-0.0000
INFO:__main__:Fold 3, rmse=3.0577, mae=1.9530, r2=0.8739, coverage mean +/- 2.std =0.0000, coverage equal tailed 0.9 interval = 0.0000 
INFO:__main__:Best results for alpha=1.0000000116860974e-07 giving error=0.08303990960121155
INFO:__main__:Number of active components (giving 99% of the energy) is 71 out of 91

INFO:__main__:
Results over 4 folds : rmse=3.1008+/-0.2775, mae=2.0941+/-0.1142, r2=0.8833+/-0.0323, Coverage1=0.0000+/-0.0000, Coverage2=0.0000+/-0.0000
INFO:__main__:Fold 4, rmse=2.5199, mae=1.8529, r2=0.9140, coverage mean +/- 2.std =0.0000, coverage equal tailed 0.9 interval = 0.0000 
INFO:__main__:Best results for alpha=7.742635830254585e-07 giving error=0.10016193985939026
INFO:__main__:Number of active components (giving 99% of the energy) is 70 out of 91

INFO:__main__:
Results over 5 folds : rmse=2.9846+/-0.3400, mae=2.0458+/-0.1405, r2=0.8895+/-0.0314, Coverage1=0.0000+/-0.0000, Coverage2=0.0000+/-0.0000
INFO:__main__:
Results : rmse=2.9846+/-0.3400, mae=2.0458+/-0.1405, r2=0.8895+/-0.0314, Coverage1=0.0000+/-0.0000, Coverage2=0.0000+/-0.0000, active=70.2000+/-0.7483
