INFO:__main__:Method ss running...

INFO:__main__:Dataset of dimension  = (100, 55)
INFO:__main__:Number of components to be estimated=1540 corresponding to 55 main effects and 1485 interaction effects

INFO:__main__:Dataset 0, rmse=2.9509, mae=2.4006, r2=0.3456, coverage mean +/- 2.std =0.0000, coverage equal tailed 0.9 interval = 0.0000 
INFO:__main__:Best results for alpha=0.0037649371661245823 giving error=4.057738304138184
INFO:__main__:Number of active components (giving 99% of the energy) is 47 out of 55

INFO:__main__:TP: 4.00000, TN : 8.00000, FP : 43.00000, FN : 0.00000

INFO:__main__:
Results over 0 datasets : rmse=2.9509+/-0.0000, mae=2.4006+/-0.0000,                  r2=0.3456+/-0.0000, Coverage1=0.0000+/-0.0000,                      Coverage2=0.0000+/-0.0000,                      TP=4.0000+/-0.0000, TN=8.0000+/-0.0000,                           FP=43.0000+/-0.0000, FN=0.0000+/-0.0000
INFO:__main__:Dataset 1, rmse=3.0695, mae=2.3909, r2=0.2608, coverage mean +/- 2.std =0.0000, coverage equal tailed 0.9 interval = 0.0000 
INFO:__main__:Best results for alpha=0.0002310129057150334 giving error=3.5899131298065186
INFO:__main__:Number of active components (giving 99% of the energy) is 49 out of 55

INFO:__main__:TP: 4.00000, TN : 6.00000, FP : 45.00000, FN : 0.00000

INFO:__main__:
Results over 1 datasets : rmse=3.0102+/-0.0593, mae=2.3957+/-0.0049,                  r2=0.3032+/-0.0424, Coverage1=0.0000+/-0.0000,                      Coverage2=0.0000+/-0.0000,                      TP=4.0000+/-0.0000, TN=7.0000+/-1.0000,                           FP=44.0000+/-1.0000, FN=0.0000+/-0.0000
INFO:__main__:Dataset 2, rmse=2.8065, mae=2.2692, r2=0.4748, coverage mean +/- 2.std =0.0000, coverage equal tailed 0.9 interval = 0.0000 
INFO:__main__:Best results for alpha=0.00032745490898378193 giving error=4.463120460510254
INFO:__main__:Number of active components (giving 99% of the energy) is 45 out of 55

INFO:__main__:TP: 4.00000, TN : 10.00000, FP : 41.00000, FN : 0.00000

INFO:__main__:
Results over 2 datasets : rmse=2.9423+/-0.1075, mae=2.3535+/-0.0598,                  r2=0.3604+/-0.0880, Coverage1=0.0000+/-0.0000,                      Coverage2=0.0000+/-0.0000,                      TP=4.0000+/-0.0000, TN=8.0000+/-1.6330,                           FP=43.0000+/-1.6330, FN=0.0000+/-0.0000
INFO:__main__:Dataset 3, rmse=2.7734, mae=2.2264, r2=0.5513, coverage mean +/- 2.std =0.0000, coverage equal tailed 0.9 interval = 0.0000 
INFO:__main__:Best results for alpha=0.0026560896076261997 giving error=4.602734565734863
INFO:__main__:Number of active components (giving 99% of the energy) is 45 out of 55

INFO:__main__:TP: 4.00000, TN : 10.00000, FP : 41.00000, FN : 0.00000

INFO:__main__:
Results over 3 datasets : rmse=2.9001+/-0.1184, mae=2.3218+/-0.0756,                  r2=0.4081+/-0.1124, Coverage1=0.0000+/-0.0000,                      Coverage2=0.0000+/-0.0000,                      TP=4.0000+/-0.0000, TN=8.5000+/-1.6583,                           FP=42.5000+/-1.6583, FN=0.0000+/-0.0000
INFO:__main__:Dataset 4, rmse=3.5452, mae=2.9558, r2=0.2294, coverage mean +/- 2.std =0.0000, coverage equal tailed 0.9 interval = 0.0000 
INFO:__main__:Best results for alpha=0.005336702335625887 giving error=3.719191312789917
INFO:__main__:Number of active components (giving 99% of the energy) is 49 out of 55

INFO:__main__:TP: 4.00000, TN : 6.00000, FP : 45.00000, FN : 0.00000

INFO:__main__:
Results over 4 datasets : rmse=3.0291+/-0.2789, mae=2.4486+/-0.2625,                  r2=0.3724+/-0.1234, Coverage1=0.0000+/-0.0000,                      Coverage2=0.0000+/-0.0000,                      TP=4.0000+/-0.0000, TN=8.0000+/-1.7889,                           FP=43.0000+/-1.7889, FN=0.0000+/-0.0000
INFO:__main__:Dataset 5, rmse=2.8246, mae=2.3608, r2=0.5701, coverage mean +/- 2.std =0.0000, coverage equal tailed 0.9 interval = 0.0000 
INFO:__main__:Best results for alpha=0.0018738183425739408 giving error=3.0193238258361816
INFO:__main__:Number of active components (giving 99% of the energy) is 46 out of 55

INFO:__main__:TP: 4.00000, TN : 9.00000, FP : 42.00000, FN : 0.00000

INFO:__main__:
Results over 5 datasets : rmse=2.9950+/-0.2658, mae=2.4339+/-0.2418,                  r2=0.4053+/-0.1346, Coverage1=0.0000+/-0.0000,                      Coverage2=0.0000+/-0.0000,                      TP=4.0000+/-0.0000, TN=8.1667+/-1.6750,                           FP=42.8333+/-1.6750, FN=0.0000+/-0.0000
INFO:__main__:Dataset 6, rmse=3.7656, mae=2.9014, r2=0.2332, coverage mean +/- 2.std =0.0000, coverage equal tailed 0.9 interval = 0.0000 
INFO:__main__:Best results for alpha=0.0075646354816854 giving error=2.7160589694976807
INFO:__main__:Number of active components (giving 99% of the energy) is 47 out of 55

INFO:__main__:TP: 4.00000, TN : 8.00000, FP : 43.00000, FN : 0.00000

INFO:__main__:
Results over 6 datasets : rmse=3.1051+/-0.3650, mae=2.5007+/-0.2773,                  r2=0.3807+/-0.1384, Coverage1=0.0000+/-0.0000,                      Coverage2=0.0000+/-0.0000,                      TP=4.0000+/-0.0000, TN=8.1429+/-1.5518,                           FP=42.8571+/-1.5518, FN=0.0000+/-0.0000
INFO:__main__:Dataset 7, rmse=2.6116, mae=2.2673, r2=0.6053, coverage mean +/- 2.std =0.0000, coverage equal tailed 0.9 interval = 0.0000 
INFO:__main__:Best results for alpha=0.01072267722338438 giving error=5.1552839279174805
INFO:__main__:Number of active components (giving 99% of the energy) is 46 out of 55

INFO:__main__:TP: 4.00000, TN : 9.00000, FP : 42.00000, FN : 0.00000

INFO:__main__:
Results over 7 datasets : rmse=3.0434+/-0.3785, mae=2.4715+/-0.2706,                  r2=0.4088+/-0.1493, Coverage1=0.0000+/-0.0000,                      Coverage2=0.0000+/-0.0000,                      TP=4.0000+/-0.0000, TN=8.2500+/-1.4790,                           FP=42.7500+/-1.4790, FN=0.0000+/-0.0000
INFO:__main__:Dataset 8, rmse=2.8566, mae=2.3811, r2=0.4799, coverage mean +/- 2.std =0.0000, coverage equal tailed 0.9 interval = 0.0000 
INFO:__main__:Best results for alpha=0.0037649371661245823 giving error=4.332882404327393
INFO:__main__:Number of active components (giving 99% of the energy) is 46 out of 55

INFO:__main__:TP: 4.00000, TN : 9.00000, FP : 42.00000, FN : 0.00000

INFO:__main__:
Results over 8 datasets : rmse=3.0227+/-0.3616, mae=2.4615+/-0.2567,                  r2=0.4167+/-0.1425, Coverage1=0.0000+/-0.0000,                      Coverage2=0.0000+/-0.0000,                      TP=4.0000+/-0.0000, TN=8.3333+/-1.4142,                           FP=42.6667+/-1.4142, FN=0.0000+/-0.0000
INFO:__main__:Dataset 9, rmse=2.9064, mae=2.3362, r2=0.4562, coverage mean +/- 2.std =0.0000, coverage equal tailed 0.9 interval = 0.0000 
INFO:__main__:Best results for alpha=0.0037649371661245823 giving error=3.725761890411377
INFO:__main__:Number of active components (giving 99% of the energy) is 47 out of 55

INFO:__main__:TP: 4.00000, TN : 8.00000, FP : 43.00000, FN : 0.00000

INFO:__main__:
Results over 9 datasets : rmse=3.0111+/-0.3448, mae=2.4490+/-0.2464,                  r2=0.4207+/-0.1357, Coverage1=0.0000+/-0.0000,                      Coverage2=0.0000+/-0.0000,                      TP=4.0000+/-0.0000, TN=8.3000+/-1.3454,                           FP=42.7000+/-1.3454, FN=0.0000+/-0.0000
