INFO:__main__:Dataset of dimension  = (100, 10)
INFO:__main__:Number of components to be estimated=55 corresponding to 10 main effects and 45 interaction effects

INFO:__main__:Number of active components  is 14 out of 55

INFO:__main__:Dataset 0, rmse=1.3370, mae=1.0662, r2=0.9103
INFO:__main__:TP: 7.00000, TN : 41.00000, FP : 7.00000, FN : 0.00000

INFO:__main__:
Results over 0 datasets : rmse=1.3370+/-0.0000, mae=1.0662+/-0.0000,r2=0.9103+/-0.0000,TP=7.0000+/-0.0000,TN=41.0000+/-0.0000, FP=7.0000+/-0.0000,FN=0.0000+/-0.0000
INFO:__main__:Number of active components  is 12 out of 55

INFO:__main__:Dataset 1, rmse=2.2497, mae=1.8845, r2=0.7164
INFO:__main__:TP: 6.00000, TN : 42.00000, FP : 6.00000, FN : 1.00000

INFO:__main__:
Results over 1 datasets : rmse=1.7934+/-0.4563, mae=1.4753+/-0.4091,r2=0.8134+/-0.0970,TP=6.5000+/-0.5000,TN=41.5000+/-0.5000, FP=6.5000+/-0.5000,FN=0.5000+/-0.5000
INFO:__main__:Number of active components  is 8 out of 55

INFO:__main__:Dataset 2, rmse=1.0326, mae=0.8245, r2=0.9453
INFO:__main__:TP: 7.00000, TN : 47.00000, FP : 1.00000, FN : 0.00000

INFO:__main__:
Results over 2 datasets : rmse=1.5398+/-0.5171, mae=1.2584+/-0.4536,r2=0.8573+/-0.1007,TP=6.6667+/-0.4714,TN=43.3333+/-2.6247, FP=4.6667+/-2.6247,FN=0.3333+/-0.4714
INFO:__main__:Number of active components  is 12 out of 55

INFO:__main__:Dataset 3, rmse=2.2750, mae=1.8431, r2=0.6502
INFO:__main__:TP: 6.00000, TN : 42.00000, FP : 6.00000, FN : 1.00000

INFO:__main__:
Results over 3 datasets : rmse=1.7236+/-0.5495, mae=1.4046+/-0.4673,r2=0.8056+/-0.1251,TP=6.5000+/-0.5000,TN=43.0000+/-2.3452, FP=5.0000+/-2.3452,FN=0.5000+/-0.5000
INFO:__main__:Number of active components  is 12 out of 55

INFO:__main__:Dataset 4, rmse=1.6034, mae=1.3206, r2=0.8148
INFO:__main__:TP: 7.00000, TN : 43.00000, FP : 5.00000, FN : 0.00000

INFO:__main__:
Results over 4 datasets : rmse=1.6995+/-0.4938, mae=1.3878+/-0.4193,r2=0.8074+/-0.1119,TP=6.6000+/-0.4899,TN=43.0000+/-2.0976, FP=5.0000+/-2.0976,FN=0.4000+/-0.4899
INFO:__main__:Number of active components  is 12 out of 55

INFO:__main__:Dataset 5, rmse=1.1642, mae=0.9303, r2=0.9225
INFO:__main__:TP: 7.00000, TN : 43.00000, FP : 5.00000, FN : 0.00000

INFO:__main__:
Results over 5 datasets : rmse=1.6103+/-0.4930, mae=1.3115+/-0.4190,r2=0.8266+/-0.1108,TP=6.6667+/-0.4714,TN=43.0000+/-1.9149, FP=5.0000+/-1.9149,FN=0.3333+/-0.4714
INFO:__main__:Number of active components  is 10 out of 55

INFO:__main__:Dataset 6, rmse=1.9910, mae=1.5726, r2=0.7634
INFO:__main__:TP: 6.00000, TN : 44.00000, FP : 4.00000, FN : 1.00000

INFO:__main__:
Results over 6 datasets : rmse=1.6647+/-0.4754, mae=1.3488+/-0.3986,r2=0.8176+/-0.1050,TP=6.5714+/-0.4949,TN=43.1429+/-1.8070, FP=4.8571+/-1.8070,FN=0.4286+/-0.4949
INFO:__main__:Number of active components  is 8 out of 55

INFO:__main__:Dataset 7, rmse=1.4038, mae=1.1664, r2=0.8908
INFO:__main__:TP: 7.00000, TN : 47.00000, FP : 1.00000, FN : 0.00000

INFO:__main__:
Results over 7 datasets : rmse=1.6321+/-0.4530, mae=1.3260+/-0.3777,r2=0.8267+/-0.1011,TP=6.6250+/-0.4841,TN=43.6250+/-2.1176, FP=4.3750+/-2.1176,FN=0.3750+/-0.4841
INFO:__main__:Number of active components  is 8 out of 55

INFO:__main__:Dataset 8, rmse=1.3081, mae=1.0170, r2=0.8763
INFO:__main__:TP: 7.00000, TN : 47.00000, FP : 1.00000, FN : 0.00000

INFO:__main__:
Results over 8 datasets : rmse=1.5961+/-0.4391, mae=1.2917+/-0.3691,r2=0.8322+/-0.0966,TP=6.6667+/-0.4714,TN=44.0000+/-2.2608, FP=4.0000+/-2.2608,FN=0.3333+/-0.4714
INFO:__main__:Number of active components  is 12 out of 55

INFO:__main__:Dataset 9, rmse=1.4233, mae=1.0667, r2=0.8914
INFO:__main__:TP: 7.00000, TN : 43.00000, FP : 5.00000, FN : 0.00000

INFO:__main__:
Results over 9 datasets : rmse=1.5788+/-0.4198, mae=1.2692+/-0.3566,r2=0.8381+/-0.0934,TP=6.7000+/-0.4583,TN=43.9000+/-2.1656, FP=4.1000+/-2.1656,FN=0.3000+/-0.4583
