INFO:__main__:Method lgbayescos running...

INFO:__main__:Dataset demand of dimension  = (60, 12)
INFO:__main__:Number of components to be estimated=78 corresponding to 12 main effects and 66 interaction effects

INFO:__main__:Fold 0, rmse=10.5775, mae=4.6482, r2=0.9894, coverage mean +/- 2.std =1.0000, coverage equal tailed 0.9 interval = 1.0000 
INFO:__main__:Number of active components (giving 99% of the energy) is 4 out of 78

INFO:__main__:
Results over 1 folds : rmse=10.5775+/-0.0000, mae=4.6482+/-0.0000, r2=0.9894+/-0.0000, Coverage1=1.0000+/-0.0000, Coverage2=1.0000+/-0.0000
INFO:__main__:Fold 1, rmse=26.9851, mae=12.0322, r2=0.9120, coverage mean +/- 2.std =0.9167, coverage equal tailed 0.9 interval = 0.9167 
INFO:__main__:Number of active components (giving 99% of the energy) is 3 out of 78

INFO:__main__:
Results over 2 folds : rmse=18.7813+/-8.2038, mae=8.3402+/-3.6920, r2=0.9507+/-0.0387, Coverage1=0.9583+/-0.0417, Coverage2=0.9583+/-0.0417
INFO:__main__:Fold 2, rmse=19.9873, mae=9.2255, r2=0.9492, coverage mean +/- 2.std =0.9167, coverage equal tailed 0.9 interval = 0.9167 
INFO:__main__:Number of active components (giving 99% of the energy) is 10 out of 78

INFO:__main__:
Results over 3 folds : rmse=19.1833+/-6.7224, mae=8.6353+/-3.0433, r2=0.9502+/-0.0316, Coverage1=0.9444+/-0.0393, Coverage2=0.9444+/-0.0393
INFO:__main__:Fold 3, rmse=14.0560, mae=10.1901, r2=0.9712, coverage mean +/- 2.std =1.0000, coverage equal tailed 0.9 interval = 1.0000 
INFO:__main__:Number of active components (giving 99% of the energy) is 4 out of 78

INFO:__main__:
Results over 4 folds : rmse=17.9014+/-6.2308, mae=9.0240+/-2.7202, r2=0.9555+/-0.0288, Coverage1=0.9583+/-0.0417, Coverage2=0.9583+/-0.0417
INFO:__main__:Fold 4, rmse=16.4085, mae=10.6298, r2=0.9201, coverage mean +/- 2.std =0.9167, coverage equal tailed 0.9 interval = 0.9167 
INFO:__main__:Number of active components (giving 99% of the energy) is 7 out of 78

INFO:__main__:
Results over 5 folds : rmse=17.6029+/-5.6049, mae=9.3452+/-2.5164, r2=0.9484+/-0.0294, Coverage1=0.9500+/-0.0408, Coverage2=0.9500+/-0.0408
INFO:__main__:
Results : rmse=17.6029+/-5.6049, mae=9.3452+/-2.5164, r2=0.9484+/-0.0294, Coverage1=0.9500+/-0.0408, Coverage2=0.9500+/-0.0408, active=5.6000+/-2.5768
