INFO:__main__:Dataset of dimension  = (306, 6)
INFO:__main__:Number of components to be estimated=21 corresponding to 6 main effects and 15 interaction effects

INFO:__main__:Number of active components  is 1 out of 21

INFO:__main__:Dataset 0, rmse=22.8016, mae=16.8004, r2=-0.7952
INFO:__main__:
Results over 1 datasets : rmse=22.8016+/-0.0000, mae=16.8004+/-0.0000,r2=-0.7952+/-0.0000
INFO:__main__:Number of active components  is 1.0000+/-0.0000 out of 21

INFO:__main__:Number of active components  is 3 out of 21

INFO:__main__:Dataset 1, rmse=21.7423, mae=15.7169, r2=-0.8343
INFO:__main__:
Results over 2 datasets : rmse=22.2719+/-0.5297, mae=16.2586+/-0.5418,r2=-0.8147+/-0.0195
INFO:__main__:Number of active components  is 2.0000+/-1.0000 out of 21

INFO:__main__:Number of active components  is 3 out of 21

INFO:__main__:Dataset 2, rmse=20.0396, mae=14.8630, r2=-1.0971
INFO:__main__:
Results over 3 datasets : rmse=21.5278+/-1.1377, mae=15.7934+/-0.7928,r2=-0.9088+/-0.1341
INFO:__main__:Number of active components  is 2.3333+/-0.9428 out of 21

INFO:__main__:Number of active components  is 3 out of 21

INFO:__main__:Dataset 3, rmse=15.1915, mae=10.3399, r2=-1.2505
INFO:__main__:
Results over 4 datasets : rmse=19.9437+/-2.9153, mae=14.4300+/-2.4592,r2=-0.9943+/-0.1881
INFO:__main__:Number of active components  is 2.5000+/-0.8660 out of 21

INFO:__main__:Number of active components  is 3 out of 21

INFO:__main__:Dataset 4, rmse=22.2555, mae=15.5904, r2=-0.8635
INFO:__main__:
Results over 5 datasets : rmse=20.4061+/-2.7666, mae=14.6621+/-2.2480,r2=-0.9681+/-0.1762
INFO:__main__:Number of active components  is 2.6000+/-0.8000 out of 21

INFO:__main__:Dataset of dimension  = (306, 6)
INFO:__main__:Number of components to be estimated=21 corresponding to 6 main effects and 15 interaction effects

INFO:__main__:Number of active components  is 1 out of 21

INFO:__main__:Dataset 0, rmse=22.8016, mae=16.8004, r2=-0.7952
INFO:__main__:
Results over 1 datasets : rmse=22.8016+/-0.0000, mae=16.8004+/-0.0000,r2=-0.7952+/-0.0000
INFO:__main__:Number of active components  is 1.0000+/-0.0000 out of 21

INFO:__main__:Number of active components  is 3 out of 21

INFO:__main__:Dataset 1, rmse=21.7423, mae=15.7169, r2=-0.8343
INFO:__main__:
Results over 2 datasets : rmse=22.2719+/-0.5297, mae=16.2586+/-0.5418,r2=-0.8147+/-0.0195
INFO:__main__:Number of active components  is 2.0000+/-1.0000 out of 21

INFO:__main__:Number of active components  is 3 out of 21

INFO:__main__:Dataset 2, rmse=20.0396, mae=14.8630, r2=-1.0971
INFO:__main__:
Results over 3 datasets : rmse=21.5278+/-1.1377, mae=15.7934+/-0.7928,r2=-0.9088+/-0.1341
INFO:__main__:Number of active components  is 2.3333+/-0.9428 out of 21

INFO:__main__:Number of active components  is 3 out of 21

INFO:__main__:Dataset 3, rmse=15.1915, mae=10.3399, r2=-1.2505
INFO:__main__:
Results over 4 datasets : rmse=19.9437+/-2.9153, mae=14.4300+/-2.4592,r2=-0.9943+/-0.1881
INFO:__main__:Number of active components  is 2.5000+/-0.8660 out of 21

INFO:__main__:Number of active components  is 3 out of 21

INFO:__main__:Dataset 4, rmse=22.2555, mae=15.5904, r2=-0.8635
INFO:__main__:
Results over 5 datasets : rmse=20.4061+/-2.7666, mae=14.6621+/-2.2480,r2=-0.9681+/-0.1762
INFO:__main__:Number of active components  is 2.6000+/-0.8000 out of 21

INFO:__main__:Dataset of dimension  = (306, 6)
INFO:__main__:Number of components to be estimated=21 corresponding to 6 main effects and 15 interaction effects

INFO:__main__:Number of active components  is 1 out of 21

INFO:__main__:Dataset 0, rmse=22.8016, mae=16.8004, r2=-0.7952
INFO:__main__:
Results over 1 datasets : rmse=22.8016+/-0.0000, mae=16.8004+/-0.0000,r2=-0.7952+/-0.0000
INFO:__main__:Number of active components  is 1.0000+/-0.0000 out of 21

INFO:__main__:Number of active components  is 3 out of 21

INFO:__main__:Dataset 1, rmse=21.7122, mae=15.7013, r2=-0.8292
INFO:__main__:
Results over 2 datasets : rmse=22.2569+/-0.5447, mae=16.2508+/-0.5495,r2=-0.8122+/-0.0170
INFO:__main__:Number of active components  is 2.0000+/-1.0000 out of 21

INFO:__main__:Number of active components  is 3 out of 21

INFO:__main__:Dataset 2, rmse=20.0703, mae=14.8862, r2=-1.1035
INFO:__main__:
Results over 3 datasets : rmse=21.5280+/-1.1226, mae=15.7959+/-0.7843,r2=-0.9093+/-0.1380
INFO:__main__:Number of active components  is 2.3333+/-0.9428 out of 21

INFO:__main__:Number of active components  is 3 out of 21

INFO:__main__:Dataset 3, rmse=15.1749, mae=10.3233, r2=-1.2456
INFO:__main__:
Results over 4 datasets : rmse=19.9397+/-2.9177, mae=14.4278+/-2.4651,r2=-0.9934+/-0.1884
INFO:__main__:Number of active components  is 2.5000+/-0.8660 out of 21

INFO:__main__:Number of active components  is 3 out of 21

INFO:__main__:Dataset 4, rmse=22.3066, mae=15.6256, r2=-0.8720
INFO:__main__:
Results over 5 datasets : rmse=20.4131+/-2.7761, mae=14.6674+/-2.2563,r2=-0.9691+/-0.1754
INFO:__main__:Number of active components  is 2.6000+/-0.8000 out of 21

INFO:__main__:Dataset of dimension  = (166, 4)
INFO:__main__:Number of components to be estimated=10 corresponding to 4 main effects and 6 interaction effects

INFO:__main__:Number of active components  is 7 out of 10

INFO:__main__:Dataset 0, rmse=0.9875, mae=0.6516, r2=0.6684
INFO:__main__:
Results over 1 datasets : rmse=0.9875+/-0.0000, mae=0.6516+/-0.0000,r2=0.6684+/-0.0000
INFO:__main__:Number of active components  is 7.0000+/-0.0000 out of 10

INFO:__main__:Number of active components  is 6 out of 10

INFO:__main__:Dataset 1, rmse=1.0104, mae=0.7228, r2=0.6704
INFO:__main__:
Results over 2 datasets : rmse=0.9990+/-0.0115, mae=0.6872+/-0.0356,r2=0.6694+/-0.0010
INFO:__main__:Number of active components  is 6.5000+/-0.5000 out of 10

INFO:__main__:Number of active components  is 7 out of 10

INFO:__main__:Dataset 2, rmse=0.6375, mae=0.5024, r2=0.7975
INFO:__main__:
Results over 3 datasets : rmse=0.8785+/-0.1707, mae=0.6256+/-0.0918,r2=0.7121+/-0.0604
INFO:__main__:Number of active components  is 6.6667+/-0.4714 out of 10

INFO:__main__:Number of active components  is 8 out of 10

INFO:__main__:Dataset 3, rmse=0.6337, mae=0.5011, r2=0.7953
INFO:__main__:
Results over 4 datasets : rmse=0.8173+/-0.1819, mae=0.5945+/-0.0961,r2=0.7329+/-0.0635
INFO:__main__:Number of active components  is 7.0000+/-0.7071 out of 10

INFO:__main__:Number of active components  is 7 out of 10

INFO:__main__:Dataset 4, rmse=0.6588, mae=0.5366, r2=0.7787
INFO:__main__:
Results over 5 datasets : rmse=0.7856+/-0.1746, mae=0.5829+/-0.0890,r2=0.7420+/-0.0597
INFO:__main__:Number of active components  is 7.0000+/-0.6325 out of 10

INFO:__main__:Dataset of dimension  = (166, 4)
INFO:__main__:Number of components to be estimated=10 corresponding to 4 main effects and 6 interaction effects

INFO:__main__:Number of active components  is 7 out of 10

INFO:__main__:Dataset 0, rmse=0.9875, mae=0.6516, r2=0.6684
INFO:__main__:
Results over 1 datasets : rmse=0.9875+/-0.0000, mae=0.6516+/-0.0000,r2=0.6684+/-0.0000
INFO:__main__:Number of active components  is 7.0000+/-0.0000 out of 10

INFO:__main__:Number of active components  is 6 out of 10

INFO:__main__:Dataset 1, rmse=1.0077, mae=0.7312, r2=0.6722
INFO:__main__:
Results over 2 datasets : rmse=0.9976+/-0.0101, mae=0.6914+/-0.0398,r2=0.6703+/-0.0019
INFO:__main__:Number of active components  is 6.5000+/-0.5000 out of 10

INFO:__main__:Number of active components  is 7 out of 10

INFO:__main__:Dataset 2, rmse=0.6375, mae=0.5024, r2=0.7975
INFO:__main__:
Results over 3 datasets : rmse=0.8776+/-0.1700, mae=0.6284+/-0.0948,r2=0.7127+/-0.0600
INFO:__main__:Number of active components  is 6.6667+/-0.4714 out of 10

INFO:__main__:Number of active components  is 8 out of 10

INFO:__main__:Dataset 3, rmse=0.6337, mae=0.5011, r2=0.7953
INFO:__main__:
Results over 4 datasets : rmse=0.8166+/-0.1812, mae=0.5966+/-0.0989,r2=0.7333+/-0.0631
INFO:__main__:Number of active components  is 7.0000+/-0.7071 out of 10

INFO:__main__:Number of active components  is 7 out of 10

INFO:__main__:Dataset 4, rmse=0.6059, mae=0.4922, r2=0.8128
INFO:__main__:
Results over 5 datasets : rmse=0.7745+/-0.1826, mae=0.5757+/-0.0978,r2=0.7492+/-0.0647
INFO:__main__:Number of active components  is 7.0000+/-0.6325 out of 10

