INFO:__main__:Method lgbayescos_opt running...

INFO:__main__:Dataset autompg of dimension  = (392, 7)
INFO:__main__:Number of components to be estimated=28 corresponding to 7 main effects and 21 interaction effects

INFO:__main__:Fold 0, rmse=2.6068, mae=1.9109, r2=0.8937, coverage mean +/- 2.std =0.9747, coverage equal tailed 0.9 interval = 0.9747 
INFO:__main__:Number of active components (giving 99% of the energy) is 17 out of 28

INFO:__main__:
Results over 1 folds : rmse=2.6068+/-0.0000, mae=1.9109+/-0.0000, r2=0.8937+/-0.0000, Coverage1=0.9747+/-0.0000, Coverage2=0.9747+/-0.0000
INFO:__main__:Fold 1, rmse=2.4191, mae=1.6954, r2=0.8923, coverage mean +/- 2.std =0.9747, coverage equal tailed 0.9 interval = 0.9747 
INFO:__main__:Number of active components (giving 99% of the energy) is 17 out of 28

INFO:__main__:
Results over 2 folds : rmse=2.5130+/-0.0939, mae=1.8031+/-0.1078, r2=0.8930+/-0.0007, Coverage1=0.9747+/-0.0000, Coverage2=0.9747+/-0.0000
INFO:__main__:Fold 2, rmse=2.3515, mae=1.8488, r2=0.8995, coverage mean +/- 2.std =0.9872, coverage equal tailed 0.9 interval = 0.9872 
INFO:__main__:Number of active components (giving 99% of the energy) is 17 out of 28

INFO:__main__:
Results over 3 folds : rmse=2.4591+/-0.1080, mae=1.8184+/-0.0906, r2=0.8952+/-0.0031, Coverage1=0.9788+/-0.0059, Coverage2=0.9788+/-0.0059
INFO:__main__:Fold 3, rmse=2.8481, mae=1.9088, r2=0.8496, coverage mean +/- 2.std =0.9872, coverage equal tailed 0.9 interval = 0.9872 
INFO:__main__:Number of active components (giving 99% of the energy) is 18 out of 28

INFO:__main__:
Results over 4 folds : rmse=2.5564+/-0.1927, mae=1.8410+/-0.0877, r2=0.8838+/-0.0199, Coverage1=0.9809+/-0.0062, Coverage2=0.9809+/-0.0062
INFO:__main__:Fold 4, rmse=3.1134, mae=2.1949, r2=0.8697, coverage mean +/- 2.std =0.9231, coverage equal tailed 0.9 interval = 0.9231 
INFO:__main__:Number of active components (giving 99% of the energy) is 17 out of 28

INFO:__main__:
Results over 5 folds : rmse=2.6678+/-0.2817, mae=1.9118+/-0.1619, r2=0.8810+/-0.0187, Coverage1=0.9694+/-0.0238, Coverage2=0.9694+/-0.0238
INFO:__main__:
Results : rmse=2.6678+/-0.2817, mae=1.9118+/-0.1619, r2=0.8810+/-0.0187, Coverage1=0.9694+/-0.0238, Coverage2=0.9694+/-0.0238, active=17.2000+/-0.4000
INFO:__main__:Method lgbayescos_opt running...

INFO:__main__:Dataset autompg of dimension  = (392, 7)
INFO:__main__:Number of components to be estimated=28 corresponding to 7 main effects and 21 interaction effects

INFO:__main__:Fold 0, rmse=2.5800, mae=1.8925, r2=0.8959, coverage mean +/- 2.std =0.9494, coverage equal tailed 0.9 interval = 0.9494 
INFO:__main__:Number of active components (giving 99% of the energy) is 8 out of 28

INFO:__main__:
Results over 1 folds : rmse=2.5800+/-0.0000, mae=1.8925+/-0.0000, r2=0.8959+/-0.0000, Coverage1=0.9494+/-0.0000, Coverage2=0.9494+/-0.0000
INFO:__main__:Fold 1, rmse=2.5045, mae=1.8244, r2=0.8846, coverage mean +/- 2.std =0.9367, coverage equal tailed 0.9 interval = 0.9367 
INFO:__main__:Number of active components (giving 99% of the energy) is 7 out of 28

INFO:__main__:
Results over 2 folds : rmse=2.5423+/-0.0378, mae=1.8584+/-0.0340, r2=0.8902+/-0.0056, Coverage1=0.9430+/-0.0063, Coverage2=0.9430+/-0.0063
INFO:__main__:Fold 2, rmse=2.2827, mae=1.8227, r2=0.9053, coverage mean +/- 2.std =0.9744, coverage equal tailed 0.9 interval = 0.9744 
INFO:__main__:Number of active components (giving 99% of the energy) is 8 out of 28

INFO:__main__:
Results over 3 folds : rmse=2.4557+/-0.1262, mae=1.8465+/-0.0325, r2=0.8953+/-0.0084, Coverage1=0.9535+/-0.0156, Coverage2=0.9535+/-0.0156
INFO:__main__:Fold 3, rmse=3.0202, mae=2.0299, r2=0.8309, coverage mean +/- 2.std =0.9359, coverage equal tailed 0.9 interval = 0.9359 
INFO:__main__:Number of active components (giving 99% of the energy) is 7 out of 28

INFO:__main__:
Results over 4 folds : rmse=2.5969+/-0.2677, mae=1.8924+/-0.0843, r2=0.8792+/-0.0288, Coverage1=0.9491+/-0.0155, Coverage2=0.9491+/-0.0155
INFO:__main__:Fold 4, rmse=3.2066, mae=2.2723, r2=0.8618, coverage mean +/- 2.std =0.8846, coverage equal tailed 0.9 interval = 0.8846 
INFO:__main__:Number of active components (giving 99% of the energy) is 4 out of 28

INFO:__main__:
Results over 5 folds : rmse=2.7188+/-0.3418, mae=1.9683+/-0.1696, r2=0.8757+/-0.0267, Coverage1=0.9362+/-0.0293, Coverage2=0.9362+/-0.0293
INFO:__main__:
Results : rmse=2.7188+/-0.3418, mae=1.9683+/-0.1696, r2=0.8757+/-0.0267, Coverage1=0.9362+/-0.0293, Coverage2=0.9362+/-0.0293, active=6.8000+/-1.4697
