INFO:__main__:Dataset of dimension  = (1000, 8)
INFO:__main__:Number of components to be estimated=36 corresponding to 8 main effects and 28 interaction effects

INFO:__main__:Number of active components  is 17 out of 36

INFO:__main__:Dataset 0, rmse=22.9807, mae=18.2475, r2=-0.9094
INFO:__main__:
Results over 1 datasets : rmse=22.9807+/-0.0000, mae=18.2475+/-0.0000,r2=-0.9094+/-0.0000
INFO:__main__:Number of active components  is 17.0000+/-0.0000 out of 36

INFO:__main__:Number of active components  is 20 out of 36

INFO:__main__:Dataset 1, rmse=22.5083, mae=17.8778, r2=-0.8450
INFO:__main__:
Results over 2 datasets : rmse=22.7445+/-0.2362, mae=18.0626+/-0.1848,r2=-0.8772+/-0.0322
INFO:__main__:Number of active components  is 18.5000+/-1.5000 out of 36

INFO:__main__:Dataset of dimension  = (1000, 8)
INFO:__main__:Number of components to be estimated=36 corresponding to 8 main effects and 28 interaction effects

INFO:__main__:Number of active components  is 17 out of 36

INFO:__main__:Dataset 0, rmse=22.9807, mae=18.2475, r2=-0.9094
INFO:__main__:
Results over 1 datasets : rmse=22.9807+/-0.0000, mae=18.2475+/-0.0000,r2=-0.9094+/-0.0000
INFO:__main__:Number of active components  is 17.0000+/-0.0000 out of 36

INFO:__main__:Number of active components  is 20 out of 36

INFO:__main__:Dataset 1, rmse=22.5083, mae=17.8778, r2=-0.8450
INFO:__main__:
Results over 2 datasets : rmse=22.7445+/-0.2362, mae=18.0626+/-0.1848,r2=-0.8772+/-0.0322
INFO:__main__:Number of active components  is 18.5000+/-1.5000 out of 36

INFO:__main__:Number of active components  is 25 out of 36

INFO:__main__:Dataset 2, rmse=22.6766, mae=18.1670, r2=-0.8042
INFO:__main__:
Results over 3 datasets : rmse=22.7218+/-0.1955, mae=18.0974+/-0.1587,r2=-0.8529+/-0.0433
INFO:__main__:Number of active components  is 20.6667+/-3.2998 out of 36

INFO:__main__:Number of active components  is 19 out of 36

INFO:__main__:Dataset 3, rmse=23.7441, mae=19.0687, r2=-0.8656
INFO:__main__:
Results over 4 datasets : rmse=22.9774+/-0.4739, mae=18.3403+/-0.4425,r2=-0.8560+/-0.0379
INFO:__main__:Number of active components  is 20.2500+/-2.9475 out of 36

INFO:__main__:Number of active components  is 19 out of 36

INFO:__main__:Dataset 4, rmse=24.6415, mae=17.8732, r2=-1.3063
INFO:__main__:
Results over 5 datasets : rmse=23.3102+/-0.7891, mae=18.2468+/-0.4377,r2=-0.9461+/-0.1833
INFO:__main__:Number of active components  is 20.0000+/-2.6833 out of 36

INFO:__main__:Dataset of dimension  = (1000, 8)
INFO:__main__:Number of components to be estimated=36 corresponding to 8 main effects and 28 interaction effects

INFO:__main__:Number of active components  is 17 out of 36

INFO:__main__:Dataset 0, rmse=22.9773, mae=18.2453, r2=-0.9089
INFO:__main__:
Results over 1 datasets : rmse=22.9773+/-0.0000, mae=18.2453+/-0.0000,r2=-0.9089+/-0.0000
INFO:__main__:Number of active components  is 17.0000+/-0.0000 out of 36

INFO:__main__:Number of active components  is 20 out of 36

INFO:__main__:Dataset 1, rmse=22.5083, mae=17.8778, r2=-0.8450
INFO:__main__:
Results over 2 datasets : rmse=22.7428+/-0.2345, mae=18.0615+/-0.1838,r2=-0.8769+/-0.0320
INFO:__main__:Number of active components  is 18.5000+/-1.5000 out of 36

INFO:__main__:Number of active components  is 23 out of 36

INFO:__main__:Dataset 2, rmse=22.6570, mae=18.1524, r2=-0.8010
INFO:__main__:
Results over 3 datasets : rmse=22.7142+/-0.1957, mae=18.0918+/-0.1560,r2=-0.8516+/-0.0443
INFO:__main__:Number of active components  is 20.0000+/-2.4495 out of 36

INFO:__main__:Number of active components  is 19 out of 36

INFO:__main__:Dataset 3, rmse=23.7145, mae=19.0308, r2=-0.8609
INFO:__main__:
Results over 4 datasets : rmse=22.9643+/-0.4651, mae=18.3266+/-0.4284,r2=-0.8540+/-0.0386
INFO:__main__:Number of active components  is 19.7500+/-2.1651 out of 36

INFO:__main__:Number of active components  is 19 out of 36

INFO:__main__:Dataset 4, rmse=24.7006, mae=17.9069, r2=-1.3174
INFO:__main__:
Results over 5 datasets : rmse=23.3115+/-0.8096, mae=18.2426+/-0.4184,r2=-0.9466+/-0.1886
INFO:__main__:Number of active components  is 19.6000+/-1.9596 out of 36

INFO:__main__:Dataset of dimension  = (1000, 8)
INFO:__main__:Number of components to be estimated=36 corresponding to 8 main effects and 28 interaction effects

INFO:__main__:Number of active components  is 21 out of 36

INFO:__main__:Dataset 0, rmse=22.7703, mae=18.1311, r2=-0.8746
INFO:__main__:
Results over 1 datasets : rmse=22.7703+/-0.0000, mae=18.1311+/-0.0000,r2=-0.8746+/-0.0000
INFO:__main__:Number of active components  is 21.0000+/-0.0000 out of 36

INFO:__main__:Number of active components  is 17 out of 36

INFO:__main__:Dataset 1, rmse=22.4185, mae=17.8583, r2=-0.8303
INFO:__main__:
Results over 2 datasets : rmse=22.5944+/-0.1759, mae=17.9947+/-0.1364,r2=-0.8525+/-0.0222
INFO:__main__:Number of active components  is 19.0000+/-2.0000 out of 36

INFO:__main__:Number of active components  is 23 out of 36

INFO:__main__:Dataset 2, rmse=22.7485, mae=18.2297, r2=-0.8156
INFO:__main__:
Results over 3 datasets : rmse=22.6458+/-0.1609, mae=18.0730+/-0.1571,r2=-0.8402+/-0.0251
INFO:__main__:Number of active components  is 20.3333+/-2.4944 out of 36

INFO:__main__:Number of active components  is 21 out of 36

INFO:__main__:Dataset 3, rmse=23.5135, mae=18.8419, r2=-0.8295
INFO:__main__:
Results over 4 datasets : rmse=22.8627+/-0.4008, mae=18.2652+/-0.3596,r2=-0.8375+/-0.0222
INFO:__main__:Number of active components  is 20.5000+/-2.1794 out of 36

INFO:__main__:Number of active components  is 22 out of 36

INFO:__main__:Dataset 4, rmse=24.7504, mae=17.8882, r2=-1.3268
INFO:__main__:
Results over 5 datasets : rmse=23.2403+/-0.8358, mae=18.1898+/-0.3553,r2=-0.9354+/-0.1967
INFO:__main__:Number of active components  is 20.8000+/-2.0396 out of 36

INFO:__main__:Dataset of dimension  = (768, 8)
INFO:__main__:Number of components to be estimated=36 corresponding to 8 main effects and 28 interaction effects

INFO:__main__:Number of active components  is 7 out of 36

INFO:__main__:Dataset 0, rmse=2.3933, mae=1.7200, r2=0.9380
INFO:__main__:
Results over 1 datasets : rmse=2.3933+/-0.0000, mae=1.7200+/-0.0000,r2=0.9380+/-0.0000
INFO:__main__:Number of active components  is 7.0000+/-0.0000 out of 36

INFO:__main__:Number of active components  is 8 out of 36

INFO:__main__:Dataset 1, rmse=2.7056, mae=1.9720, r2=0.9304
INFO:__main__:
Results over 2 datasets : rmse=2.5495+/-0.1561, mae=1.8460+/-0.1260,r2=0.9342+/-0.0038
INFO:__main__:Number of active components  is 7.5000+/-0.5000 out of 36

INFO:__main__:Number of active components  is 14 out of 36

INFO:__main__:Dataset 2, rmse=0.9587, mae=0.7423, r2=0.9910
INFO:__main__:
Results over 3 datasets : rmse=2.0192+/-0.7606, mae=1.4781+/-0.5304,r2=0.9531+/-0.0269
INFO:__main__:Number of active components  is 9.6667+/-3.0912 out of 36

INFO:__main__:Number of active components  is 15 out of 36

INFO:__main__:Dataset 3, rmse=0.9298, mae=0.7707, r2=0.9912
INFO:__main__:
Results over 4 datasets : rmse=1.7469+/-0.8102, mae=1.3012+/-0.5521,r2=0.9626+/-0.0286
INFO:__main__:Number of active components  is 11.0000+/-3.5355 out of 36

INFO:__main__:Number of active components  is 14 out of 36

INFO:__main__:Dataset 4, rmse=2.2373, mae=1.6984, r2=0.9544
INFO:__main__:
Results over 5 datasets : rmse=1.8450+/-0.7508, mae=1.3807+/-0.5187,r2=0.9610+/-0.0258
INFO:__main__:Number of active components  is 11.6000+/-3.3823 out of 36

INFO:__main__:Dataset of dimension  = (768, 8)
INFO:__main__:Number of components to be estimated=36 corresponding to 8 main effects and 28 interaction effects

INFO:__main__:Number of active components  is 12 out of 36

INFO:__main__:Dataset 0, rmse=1.6514, mae=1.2346, r2=0.9705
INFO:__main__:
Results over 1 datasets : rmse=1.6514+/-0.0000, mae=1.2346+/-0.0000,r2=0.9705+/-0.0000
INFO:__main__:Number of active components  is 12.0000+/-0.0000 out of 36

INFO:__main__:Number of active components  is 12 out of 36

INFO:__main__:Dataset 1, rmse=1.6337, mae=1.2275, r2=0.9746
INFO:__main__:
Results over 2 datasets : rmse=1.6425+/-0.0089, mae=1.2311+/-0.0035,r2=0.9726+/-0.0021
INFO:__main__:Number of active components  is 12.0000+/-0.0000 out of 36

INFO:__main__:Number of active components  is 14 out of 36

INFO:__main__:Dataset 2, rmse=1.4052, mae=1.0786, r2=0.9806
INFO:__main__:
Results over 3 datasets : rmse=1.5634+/-0.1121, mae=1.1803+/-0.0719,r2=0.9752+/-0.0042
INFO:__main__:Number of active components  is 12.6667+/-0.9428 out of 36

INFO:__main__:Number of active components  is 14 out of 36

INFO:__main__:Dataset 3, rmse=1.5052, mae=1.2410, r2=0.9769
INFO:__main__:
Results over 4 datasets : rmse=1.5489+/-0.1003, mae=1.1954+/-0.0676,r2=0.9757+/-0.0037
INFO:__main__:Number of active components  is 13.0000+/-1.0000 out of 36

INFO:__main__:Number of active components  is 8 out of 36

INFO:__main__:Dataset 4, rmse=2.9565, mae=2.0588, r2=0.9204
INFO:__main__:
Results over 5 datasets : rmse=1.8304+/-0.5702, mae=1.3681+/-0.3506,r2=0.9646+/-0.0223
INFO:__main__:Number of active components  is 12.0000+/-2.1909 out of 36

