INFO:__main__:Method lgbayescos_opt running...

INFO:__main__:Dataset housing of dimension  = (506, 13)
INFO:__main__:Number of components to be estimated=91 corresponding to 13 main effects and 78 interaction effects

INFO:__main__:Fold 0, rmse=3.4566, mae=2.1649, r2=0.8661, coverage mean +/- 2.std =0.9902, coverage equal tailed 0.9 interval = 0.9902 
INFO:__main__:Number of active components (giving 99% of the energy) is 70 out of 91

INFO:__main__:
Results over 1 folds : rmse=3.4566+/-0.0000, mae=2.1649+/-0.0000, r2=0.8661+/-0.0000, Coverage1=0.9902+/-0.0000, Coverage2=0.9902+/-0.0000
INFO:__main__:Fold 1, rmse=3.3067, mae=2.2119, r2=0.8540, coverage mean +/- 2.std =0.9901, coverage equal tailed 0.9 interval = 0.9901 
INFO:__main__:Number of active components (giving 99% of the energy) is 69 out of 91

INFO:__main__:
Results over 2 folds : rmse=3.3816+/-0.0750, mae=2.1884+/-0.0235, r2=0.8600+/-0.0061, Coverage1=0.9901+/-0.0000, Coverage2=0.9901+/-0.0000
INFO:__main__:Fold 2, rmse=2.7716, mae=2.0566, r2=0.9291, coverage mean +/- 2.std =0.9901, coverage equal tailed 0.9 interval = 0.9901 
INFO:__main__:Number of active components (giving 99% of the energy) is 70 out of 91

INFO:__main__:
Results over 3 folds : rmse=3.1783+/-0.2940, mae=2.1445+/-0.0650, r2=0.8831+/-0.0330, Coverage1=0.9901+/-0.0000, Coverage2=0.9901+/-0.0000
INFO:__main__:Fold 3, rmse=3.3064, mae=1.9948, r2=0.8525, coverage mean +/- 2.std =0.9802, coverage equal tailed 0.9 interval = 0.9802 
INFO:__main__:Number of active components (giving 99% of the energy) is 72 out of 91

INFO:__main__:
Results over 4 folds : rmse=3.2103+/-0.2606, mae=2.1071+/-0.0858, r2=0.8754+/-0.0315, Coverage1=0.9876+/-0.0043, Coverage2=0.9876+/-0.0043
INFO:__main__:Fold 4, rmse=2.6124, mae=1.9675, r2=0.9076, coverage mean +/- 2.std =1.0000, coverage equal tailed 0.9 interval = 1.0000 
INFO:__main__:Number of active components (giving 99% of the energy) is 70 out of 91

INFO:__main__:
Results over 5 folds : rmse=3.0907+/-0.3340, mae=2.0791+/-0.0949, r2=0.8819+/-0.0309, Coverage1=0.9901+/-0.0063, Coverage2=0.9901+/-0.0063
INFO:__main__:
Results : rmse=3.0907+/-0.3340, mae=2.0791+/-0.0949, r2=0.8819+/-0.0309, Coverage1=0.9901+/-0.0063, Coverage2=0.9901+/-0.0063, active=70.2000+/-0.9798
INFO:__main__:Method lgbayescos_opt running...

INFO:__main__:Dataset housing of dimension  = (506, 13)
INFO:__main__:Number of components to be estimated=91 corresponding to 13 main effects and 78 interaction effects

INFO:__main__:Fold 0, rmse=3.3628, mae=2.2440, r2=0.8733, coverage mean +/- 2.std =0.8922, coverage equal tailed 0.9 interval = 0.8922 
INFO:__main__:Number of active components (giving 99% of the energy) is 19 out of 91

INFO:__main__:
Results over 1 folds : rmse=3.3628+/-0.0000, mae=2.2440+/-0.0000, r2=0.8733+/-0.0000, Coverage1=0.8922+/-0.0000, Coverage2=0.8922+/-0.0000
INFO:__main__:Fold 1, rmse=3.5741, mae=2.2619, r2=0.8294, coverage mean +/- 2.std =0.9010, coverage equal tailed 0.9 interval = 0.9010 
INFO:__main__:Number of active components (giving 99% of the energy) is 23 out of 91

INFO:__main__:
Results over 2 folds : rmse=3.4684+/-0.1057, mae=2.2530+/-0.0089, r2=0.8513+/-0.0220, Coverage1=0.8966+/-0.0044, Coverage2=0.8966+/-0.0044
INFO:__main__:Fold 2, rmse=2.7582, mae=2.0612, r2=0.9298, coverage mean +/- 2.std =0.9307, coverage equal tailed 0.9 interval = 0.9307 
INFO:__main__:Number of active components (giving 99% of the energy) is 20 out of 91

INFO:__main__:
Results over 3 folds : rmse=3.2317+/-0.3458, mae=2.1890+/-0.0907, r2=0.8775+/-0.0411, Coverage1=0.9079+/-0.0165, Coverage2=0.9079+/-0.0165
INFO:__main__:Fold 3, rmse=3.8947, mae=2.1220, r2=0.7954, coverage mean +/- 2.std =0.9406, coverage equal tailed 0.9 interval = 0.9406 
INFO:__main__:Number of active components (giving 99% of the energy) is 19 out of 91

INFO:__main__:
Results over 4 folds : rmse=3.3974+/-0.4148, mae=2.1723+/-0.0837, r2=0.8570+/-0.0503, Coverage1=0.9161+/-0.0201, Coverage2=0.9161+/-0.0201
INFO:__main__:Fold 4, rmse=2.5202, mae=1.8471, r2=0.9140, coverage mean +/- 2.std =0.9307, coverage equal tailed 0.9 interval = 0.9307 
INFO:__main__:Number of active components (giving 99% of the energy) is 19 out of 91

INFO:__main__:
Results over 5 folds : rmse=3.2220+/-0.5107, mae=2.1072+/-0.1501, r2=0.8684+/-0.0505, Coverage1=0.9190+/-0.0189, Coverage2=0.9190+/-0.0189
INFO:__main__:
Results : rmse=3.2220+/-0.5107, mae=2.1072+/-0.1501, r2=0.8684+/-0.0505, Coverage1=0.9190+/-0.0189, Coverage2=0.9190+/-0.0189, active=20.0000+/-1.5492
