INFO:__main__:Method cosso running...

INFO:__main__:Dataset demand of dimension  = (60, 12)
INFO:__main__:Number of components to be estimated=78 corresponding to 12 main effects and 66 interaction effects

INFO:__main__:Fold 0, rmse=34.2795, mae=17.3388, r2=0.8886, coverage mean +/- 2.std =0.0000, coverage equal tailed 0.9 interval = 0.0000 
INFO:__main__:Best results for M=5.994841103529325e-06 giving error=0.0029375171288847923
INFO:__main__:Number of active components (giving 99% of the energy) is 22 out of 78

INFO:__main__:
Results over 1 folds : rmse=34.2795+/-0.0000, mae=17.3388+/-0.0000, r2=0.8886+/-0.0000, Coverage1=0.0000+/-0.0000, Coverage2=0.0000+/-0.0000
INFO:__main__:Fold 1, rmse=26.1104, mae=13.6509, r2=0.9176, coverage mean +/- 2.std =0.0000, coverage equal tailed 0.9 interval = 0.0000 
INFO:__main__:Best results for M=0.00035938137443736196 giving error=0.0041419584304094315
INFO:__main__:Number of active components (giving 99% of the energy) is 11 out of 78

INFO:__main__:
Results over 2 folds : rmse=30.1949+/-4.0846, mae=15.4948+/-1.8439, r2=0.9031+/-0.0145, Coverage1=0.0000+/-0.0000, Coverage2=0.0000+/-0.0000
INFO:__main__:Fold 2, rmse=20.9637, mae=10.6434, r2=0.9441, coverage mean +/- 2.std =0.0000, coverage equal tailed 0.9 interval = 0.0000 
INFO:__main__:Best results for M=4.6415872930083424e-05 giving error=0.007223884575068951
INFO:__main__:Number of active components (giving 99% of the energy) is 15 out of 78

INFO:__main__:
Results over 3 folds : rmse=27.1179+/-5.4827, mae=13.8777+/-2.7381, r2=0.9168+/-0.0227, Coverage1=0.0000+/-0.0000, Coverage2=0.0000+/-0.0000
INFO:__main__:Fold 3, rmse=22.2848, mae=9.6354, r2=0.9277, coverage mean +/- 2.std =0.0000, coverage equal tailed 0.9 interval = 0.0000 
INFO:__main__:Best results for M=0.00035938137443736196 giving error=0.0015323746483772993
INFO:__main__:Number of active components (giving 99% of the energy) is 11 out of 78

INFO:__main__:
Results over 4 folds : rmse=25.9096+/-5.1889, mae=12.8171+/-2.9995, r2=0.9195+/-0.0202, Coverage1=0.0000+/-0.0000, Coverage2=0.0000+/-0.0000
INFO:__main__:Fold 4, rmse=15.3689, mae=9.7595, r2=0.9299, coverage mean +/- 2.std =0.0000, coverage equal tailed 0.9 interval = 0.0000 
INFO:__main__:Best results for M=0.00035938137443736196 giving error=0.0017551977653056383
INFO:__main__:Number of active components (giving 99% of the energy) is 10 out of 78

INFO:__main__:
Results over 5 folds : rmse=23.8014+/-6.2703, mae=12.2056+/-2.9485, r2=0.9216+/-0.0185, Coverage1=0.0000+/-0.0000, Coverage2=0.0000+/-0.0000
INFO:__main__:
Results : rmse=23.8014+/-6.2703, mae=12.2056+/-2.9485, r2=0.9216+/-0.0185, Coverage1=0.0000+/-0.0000, Coverage2=0.0000+/-0.0000, active=13.8000+/-4.4452
INFO:__main__:Method cosso running...

INFO:__main__:Dataset demand of dimension  = (60, 12)
INFO:__main__:Number of components to be estimated=78 corresponding to 12 main effects and 66 interaction effects

INFO:__main__:Fold 0, rmse=34.2802, mae=17.3391, r2=0.8886, coverage mean +/- 2.std =0.0000, coverage equal tailed 0.9 interval = 0.0000 
INFO:__main__:Best results for M=5.994841103529325e-06 giving error=0.002937455428764224
INFO:__main__:Number of active components (giving 99% of the energy) is 22 out of 78

INFO:__main__:
Results over 1 folds : rmse=34.2802+/-0.0000, mae=17.3391+/-0.0000, r2=0.8886+/-0.0000, Coverage1=0.0000+/-0.0000, Coverage2=0.0000+/-0.0000
INFO:__main__:Fold 1, rmse=26.1107, mae=13.6509, r2=0.9176, coverage mean +/- 2.std =0.0000, coverage equal tailed 0.9 interval = 0.0000 
INFO:__main__:Best results for M=0.00035938137443736196 giving error=0.004142245277762413
INFO:__main__:Number of active components (giving 99% of the energy) is 11 out of 78

INFO:__main__:
Results over 2 folds : rmse=30.1954+/-4.0847, mae=15.4950+/-1.8441, r2=0.9031+/-0.0145, Coverage1=0.0000+/-0.0000, Coverage2=0.0000+/-0.0000
INFO:__main__:Fold 2, rmse=20.9639, mae=10.6438, r2=0.9441, coverage mean +/- 2.std =0.0000, coverage equal tailed 0.9 interval = 0.0000 
INFO:__main__:Best results for M=4.641592386178672e-05 giving error=0.007223352324217558
INFO:__main__:Number of active components (giving 99% of the energy) is 15 out of 78

INFO:__main__:
Results over 3 folds : rmse=27.1182+/-5.4828, mae=13.8779+/-2.7380, r2=0.9168+/-0.0227, Coverage1=0.0000+/-0.0000, Coverage2=0.0000+/-0.0000
INFO:__main__:Fold 3, rmse=22.2847, mae=9.6347, r2=0.9277, coverage mean +/- 2.std =0.0000, coverage equal tailed 0.9 interval = 0.0000 
INFO:__main__:Best results for M=0.00035938137443736196 giving error=0.0015323420520871878
INFO:__main__:Number of active components (giving 99% of the energy) is 11 out of 78

INFO:__main__:
Results over 4 folds : rmse=25.9099+/-5.1891, mae=12.8171+/-2.9997, r2=0.9195+/-0.0202, Coverage1=0.0000+/-0.0000, Coverage2=0.0000+/-0.0000
INFO:__main__:Fold 4, rmse=15.3690, mae=9.7594, r2=0.9299, coverage mean +/- 2.std =0.0000, coverage equal tailed 0.9 interval = 0.0000 
INFO:__main__:Best results for M=0.00035938137443736196 giving error=0.0017552415374666452
INFO:__main__:Number of active components (giving 99% of the energy) is 10 out of 78

INFO:__main__:
Results over 5 folds : rmse=23.8017+/-6.2705, mae=12.2056+/-2.9487, r2=0.9216+/-0.0185, Coverage1=0.0000+/-0.0000, Coverage2=0.0000+/-0.0000
INFO:__main__:
Results : rmse=23.8017+/-6.2705, mae=12.2056+/-2.9487, r2=0.9216+/-0.0185, Coverage1=0.0000+/-0.0000, Coverage2=0.0000+/-0.0000, active=13.8000+/-4.4452
