INFO:__main__:Method ss running...

INFO:__main__:Dataset stock2 of dimension  = (63, 6)
INFO:__main__:Number of components to be estimated=21 corresponding to 6 main effects and 15 interaction effects

INFO:__main__:Fold 0, rmse=0.0163, mae=0.0133, r2=0.5788, coverage mean +/- 2.std =0.0000, coverage equal tailed 0.9 interval = 0.0000 
INFO:__main__:Best results for alpha=1.0000000116860974e-07 giving error=0.06586123257875443
INFO:__main__:Number of active components (giving 99% of the energy) is 15 out of 21

INFO:__main__:
Results over 1 folds : rmse=0.0163+/-0.0000, mae=0.0133+/-0.0000, r2=0.5788+/-0.0000, Coverage1=0.0000+/-0.0000, Coverage2=0.0000+/-0.0000
INFO:__main__:Fold 1, rmse=0.0081, mae=0.0068, r2=0.8868, coverage mean +/- 2.std =0.0000, coverage equal tailed 0.9 interval = 0.0000 
INFO:__main__:Best results for alpha=1.0000000116860974e-07 giving error=0.09812411665916443
INFO:__main__:Number of active components (giving 99% of the energy) is 14 out of 21

INFO:__main__:
Results over 2 folds : rmse=0.0122+/-0.0041, mae=0.0100+/-0.0033, r2=0.7328+/-0.1540, Coverage1=0.0000+/-0.0000, Coverage2=0.0000+/-0.0000
INFO:__main__:Fold 2, rmse=0.0137, mae=0.0116, r2=0.4195, coverage mean +/- 2.std =0.0000, coverage equal tailed 0.9 interval = 0.0000 
INFO:__main__:Best results for alpha=1.0000000116860974e-07 giving error=0.06760556250810623
INFO:__main__:Number of active components (giving 99% of the energy) is 17 out of 21

INFO:__main__:
Results over 3 folds : rmse=0.0127+/-0.0034, mae=0.0105+/-0.0028, r2=0.6283+/-0.1940, Coverage1=0.0000+/-0.0000, Coverage2=0.0000+/-0.0000
INFO:__main__:Fold 3, rmse=0.0189, mae=0.0143, r2=0.4974, coverage mean +/- 2.std =0.0000, coverage equal tailed 0.9 interval = 0.0000 
INFO:__main__:Best results for alpha=1.0000000116860974e-07 giving error=0.04662945121526718
INFO:__main__:Number of active components (giving 99% of the energy) is 14 out of 21

INFO:__main__:
Results over 4 folds : rmse=0.0143+/-0.0040, mae=0.0115+/-0.0029, r2=0.5956+/-0.1773, Coverage1=0.0000+/-0.0000, Coverage2=0.0000+/-0.0000
INFO:__main__:Fold 4, rmse=0.0124, mae=0.0085, r2=0.9025, coverage mean +/- 2.std =0.0000, coverage equal tailed 0.9 interval = 0.0000 
INFO:__main__:Best results for alpha=1.0000000116860974e-07 giving error=0.08171071112155914
INFO:__main__:Number of active components (giving 99% of the energy) is 14 out of 21

INFO:__main__:
Results over 5 folds : rmse=0.0139+/-0.0037, mae=0.0109+/-0.0029, r2=0.6570+/-0.2005, Coverage1=0.0000+/-0.0000, Coverage2=0.0000+/-0.0000
INFO:__main__:
Results : rmse=0.0139+/-0.0037, mae=0.0109+/-0.0029, r2=0.6570+/-0.2005, Coverage1=0.0000+/-0.0000, Coverage2=0.0000+/-0.0000, active=14.8000+/-1.1662
