INFO:__main__:Method cosso running...

INFO:__main__:Dataset autompg of dimension  = (392, 7)
INFO:__main__:Number of components to be estimated=28 corresponding to 7 main effects and 21 interaction effects

INFO:__main__:Fold 0, rmse=2.6021, mae=1.9554, r2=0.8941, coverage mean +/- 2.std =0.0000, coverage equal tailed 0.9 interval = 0.0000 
INFO:__main__:Best results for M=7.742635830254585e-07 giving error=0.06828607618808746
INFO:__main__:Number of active components (giving 99% of the energy) is 15 out of 28

INFO:__main__:
Results over 1 folds : rmse=2.6021+/-0.0000, mae=1.9554+/-0.0000, r2=0.8941+/-0.0000, Coverage1=0.0000+/-0.0000, Coverage2=0.0000+/-0.0000
INFO:__main__:Fold 1, rmse=2.3969, mae=1.6839, r2=0.8943, coverage mean +/- 2.std =0.0000, coverage equal tailed 0.9 interval = 0.0000 
INFO:__main__:Best results for M=5.994841103529325e-06 giving error=0.0688963532447815
INFO:__main__:Number of active components (giving 99% of the energy) is 15 out of 28

INFO:__main__:
Results over 2 folds : rmse=2.4995+/-0.1026, mae=1.8196+/-0.1358, r2=0.8942+/-0.0001, Coverage1=0.0000+/-0.0000, Coverage2=0.0000+/-0.0000
INFO:__main__:Fold 2, rmse=2.2698, mae=1.7558, r2=0.9063, coverage mean +/- 2.std =0.0000, coverage equal tailed 0.9 interval = 0.0000 
INFO:__main__:Best results for M=1.0000000116860974e-07 giving error=0.07335631549358368
INFO:__main__:Number of active components (giving 99% of the energy) is 16 out of 28

INFO:__main__:
Results over 3 folds : rmse=2.4229+/-0.1369, mae=1.7984+/-0.1149, r2=0.8982+/-0.0057, Coverage1=0.0000+/-0.0000, Coverage2=0.0000+/-0.0000
INFO:__main__:Fold 3, rmse=2.8823, mae=1.9620, r2=0.8460, coverage mean +/- 2.std =0.0000, coverage equal tailed 0.9 interval = 0.0000 
INFO:__main__:Best results for M=1.0000000116860974e-07 giving error=0.06452605128288269
INFO:__main__:Number of active components (giving 99% of the energy) is 16 out of 28

INFO:__main__:
Results over 4 folds : rmse=2.5378+/-0.2316, mae=1.8393+/-0.1222, r2=0.8852+/-0.0232, Coverage1=0.0000+/-0.0000, Coverage2=0.0000+/-0.0000
INFO:__main__:Fold 4, rmse=3.0046, mae=2.1358, r2=0.8786, coverage mean +/- 2.std =0.0000, coverage equal tailed 0.9 interval = 0.0000 
INFO:__main__:Best results for M=1.0000000116860974e-07 giving error=0.06952130794525146
INFO:__main__:Number of active components (giving 99% of the energy) is 16 out of 28

INFO:__main__:
Results over 5 folds : rmse=2.6311+/-0.2789, mae=1.8986+/-0.1613, r2=0.8839+/-0.0209, Coverage1=0.0000+/-0.0000, Coverage2=0.0000+/-0.0000
INFO:__main__:
Results : rmse=2.6311+/-0.2789, mae=1.8986+/-0.1613, r2=0.8839+/-0.0209, Coverage1=0.0000+/-0.0000, Coverage2=0.0000+/-0.0000, active=15.6000+/-0.4899
