INFO:__main__:Dataset of dimension  = (392, 7)
INFO:__main__:Number of components to be estimated=28 corresponding to 7 main effects and 21 interaction effects

INFO:__main__:Number of active components  is 9 out of 28

INFO:__main__:Dataset of dimension  = (392, 7)
INFO:__main__:Number of components to be estimated=28 corresponding to 7 main effects and 21 interaction effects

INFO:__main__:Number of active components  is 9 out of 28

INFO:__main__:Dataset 0, rmse=11.2211, mae=9.0695, r2=-0.9696
INFO:__main__:
Results over 1 datasets : rmse=11.2211+/-0.0000, mae=9.0695+/-0.0000,r2=-0.9696+/-0.0000
INFO:__main__:Number of active components  is 9.0000+/-0.0000 out of 28

INFO:__main__:Number of active components  is 8 out of 28

INFO:__main__:Dataset 1, rmse=10.2135, mae=8.2309, r2=-0.9190
INFO:__main__:
Results over 2 datasets : rmse=10.7173+/-0.5038, mae=8.6502+/-0.4193,r2=-0.9443+/-0.0253
INFO:__main__:Number of active components  is 8.5000+/-0.5000 out of 28

INFO:__main__:Number of active components  is 7 out of 28

INFO:__main__:Dataset 2, rmse=10.2449, mae=8.3265, r2=-0.9081
INFO:__main__:
Results over 3 datasets : rmse=10.5599+/-0.4678, mae=8.5423+/-0.3748,r2=-0.9322+/-0.0268
INFO:__main__:Number of active components  is 8.0000+/-0.8165 out of 28

INFO:__main__:Number of active components  is 8 out of 28

INFO:__main__:Dataset 3, rmse=10.0536, mae=8.1222, r2=-0.8735
INFO:__main__:
Results over 4 datasets : rmse=10.4333+/-0.4606, mae=8.4373+/-0.3721,r2=-0.9175+/-0.0345
INFO:__main__:Number of active components  is 8.0000+/-0.7071 out of 28

INFO:__main__:Number of active components  is 11 out of 28

INFO:__main__:Dataset 4, rmse=11.5743, mae=9.0728, r2=-0.8012
INFO:__main__:
Results over 5 datasets : rmse=10.6615+/-0.6148, mae=8.5644+/-0.4188,r2=-0.8943+/-0.0558
INFO:__main__:Number of active components  is 8.6000+/-1.3565 out of 28

INFO:__main__:Dataset of dimension  = (392, 7)
INFO:__main__:Number of components to be estimated=28 corresponding to 7 main effects and 21 interaction effects

INFO:__main__:Number of active components  is 9 out of 28

INFO:__main__:Dataset 0, rmse=11.2211, mae=9.0695, r2=-0.9696
INFO:__main__:
Results over 1 datasets : rmse=11.2211+/-0.0000, mae=9.0695+/-0.0000,r2=-0.9696+/-0.0000
INFO:__main__:Number of active components  is 9.0000+/-0.0000 out of 28

INFO:__main__:Number of active components  is 8 out of 28

INFO:__main__:Dataset 1, rmse=10.2135, mae=8.2309, r2=-0.9190
INFO:__main__:
Results over 2 datasets : rmse=10.7173+/-0.5038, mae=8.6502+/-0.4193,r2=-0.9443+/-0.0253
INFO:__main__:Number of active components  is 8.5000+/-0.5000 out of 28

INFO:__main__:Number of active components  is 7 out of 28

INFO:__main__:Dataset 2, rmse=10.2449, mae=8.3265, r2=-0.9081
INFO:__main__:
Results over 3 datasets : rmse=10.5599+/-0.4678, mae=8.5423+/-0.3748,r2=-0.9322+/-0.0268
INFO:__main__:Number of active components  is 8.0000+/-0.8165 out of 28

INFO:__main__:Number of active components  is 8 out of 28

INFO:__main__:Dataset 3, rmse=10.0536, mae=8.1222, r2=-0.8735
INFO:__main__:
Results over 4 datasets : rmse=10.4333+/-0.4606, mae=8.4373+/-0.3721,r2=-0.9175+/-0.0345
INFO:__main__:Number of active components  is 8.0000+/-0.7071 out of 28

INFO:__main__:Number of active components  is 11 out of 28

INFO:__main__:Dataset 4, rmse=11.5743, mae=9.0728, r2=-0.8012
INFO:__main__:
Results over 5 datasets : rmse=10.6615+/-0.6148, mae=8.5644+/-0.4188,r2=-0.8943+/-0.0558
INFO:__main__:Number of active components  is 8.6000+/-1.3565 out of 28

INFO:__main__:Dataset of dimension  = (392, 7)
INFO:__main__:Number of components to be estimated=28 corresponding to 7 main effects and 21 interaction effects

INFO:__main__:Number of active components  is 9 out of 28

INFO:__main__:Dataset 0, rmse=11.2211, mae=9.0695, r2=-0.9696
INFO:__main__:
Results over 1 datasets : rmse=11.2211+/-0.0000, mae=9.0695+/-0.0000,r2=-0.9696+/-0.0000
INFO:__main__:Number of active components  is 9.0000+/-0.0000 out of 28

INFO:__main__:Number of active components  is 8 out of 28

INFO:__main__:Dataset 1, rmse=10.2135, mae=8.2309, r2=-0.9190
INFO:__main__:
Results over 2 datasets : rmse=10.7173+/-0.5038, mae=8.6502+/-0.4193,r2=-0.9443+/-0.0253
INFO:__main__:Number of active components  is 8.5000+/-0.5000 out of 28

INFO:__main__:Number of active components  is 11 out of 28

INFO:__main__:Dataset 2, rmse=29.5239, mae=11.3588, r2=-14.8463
INFO:__main__:
Results over 3 datasets : rmse=16.9862+/-8.8750, mae=9.5530+/-1.3219,r2=-5.5783+/-6.5535
INFO:__main__:Number of active components  is 9.3333+/-1.2472 out of 28

INFO:__main__:Number of active components  is 8 out of 28

INFO:__main__:Dataset 3, rmse=10.0483, mae=8.1190, r2=-0.8715
INFO:__main__:
Results over 4 datasets : rmse=15.2517+/-8.2523, mae=9.1945+/-1.3024,r2=-4.4016+/-6.0304
INFO:__main__:Number of active components  is 9.0000+/-1.2247 out of 28

INFO:__main__:Number of active components  is 11 out of 28

INFO:__main__:Dataset 4, rmse=11.5743, mae=9.0728, r2=-0.8012
INFO:__main__:
Results over 5 datasets : rmse=14.5162+/-7.5262, mae=9.1702+/-1.1659,r2=-3.6815+/-5.5827
INFO:__main__:Number of active components  is 9.4000+/-1.3565 out of 28

INFO:__main__:Dataset of dimension  = (392, 7)
INFO:__main__:Number of components to be estimated=28 corresponding to 7 main effects and 21 interaction effects

INFO:__main__:Dataset of dimension  = (392, 7)
INFO:__main__:Number of components to be estimated=28 corresponding to 7 main effects and 21 interaction effects

INFO:__main__:Dataset of dimension  = (392, 7)
INFO:__main__:Number of components to be estimated=28 corresponding to 7 main effects and 21 interaction effects

INFO:__main__:Dataset of dimension  = (392, 7)
INFO:__main__:Number of components to be estimated=28 corresponding to 7 main effects and 21 interaction effects

INFO:__main__:Number of active components  is 10 out of 28

INFO:__main__:Dataset 0, rmse=11.0672, mae=8.9142, r2=-0.9160
INFO:__main__:
Results over 1 datasets : rmse=11.0672+/-0.0000, mae=8.9142+/-0.0000,r2=-0.9160+/-0.0000
INFO:__main__:Number of active components  is 10.0000+/-0.0000 out of 28

INFO:__main__:Number of active components  is 13 out of 28

INFO:__main__:Dataset 1, rmse=10.2590, mae=8.2528, r2=-0.9361
INFO:__main__:
Results over 2 datasets : rmse=10.6631+/-0.4041, mae=8.5835+/-0.3307,r2=-0.9260+/-0.0101
INFO:__main__:Number of active components  is 11.5000+/-1.5000 out of 28

INFO:__main__:Number of active components  is 9 out of 28

INFO:__main__:Dataset 2, rmse=10.2191, mae=8.2899, r2=-0.8985
INFO:__main__:
Results over 3 datasets : rmse=10.5151+/-0.3907, mae=8.4856+/-0.3034,r2=-0.9169+/-0.0154
INFO:__main__:Number of active components  is 10.6667+/-1.6997 out of 28

INFO:__main__:Number of active components  is 7 out of 28

INFO:__main__:Dataset 3, rmse=9.9382, mae=8.0315, r2=-0.8307
INFO:__main__:
Results over 4 datasets : rmse=10.3709+/-0.4206, mae=8.3721+/-0.3282,r2=-0.8953+/-0.0396
INFO:__main__:Number of active components  is 9.7500+/-2.1651 out of 28

INFO:__main__:Number of active components  is 9 out of 28

INFO:__main__:Dataset 4, rmse=11.5407, mae=9.0735, r2=-0.7908
INFO:__main__:
Results over 5 datasets : rmse=10.6049+/-0.6004, mae=8.5124+/-0.4061,r2=-0.8744+/-0.0548
INFO:__main__:Number of active components  is 9.6000+/-1.9596 out of 28

INFO:__main__:Dataset of dimension  = (506, 13)
INFO:__main__:Number of components to be estimated=91 corresponding to 13 main effects and 78 interaction effects

INFO:__main__:Number of active components  is 19 out of 91

INFO:__main__:Dataset 0, rmse=13.7869, mae=10.2629, r2=-0.9935
INFO:__main__:
Results over 1 datasets : rmse=13.7869+/-0.0000, mae=10.2629+/-0.0000,r2=-0.9935+/-0.0000
INFO:__main__:Number of active components  is 19.0000+/-0.0000 out of 91

INFO:__main__:Number of active components  is 24 out of 91

INFO:__main__:Dataset 1, rmse=11.1866, mae=8.3471, r2=-0.9576
INFO:__main__:
Results over 2 datasets : rmse=12.4868+/-1.3002, mae=9.3050+/-0.9579,r2=-0.9756+/-0.0180
INFO:__main__:Number of active components  is 21.5000+/-2.5000 out of 91

INFO:__main__:Number of active components  is 25 out of 91

INFO:__main__:Dataset 2, rmse=13.8933, mae=10.8471, r2=-0.9567
INFO:__main__:
Results over 3 datasets : rmse=12.9556+/-1.2516, mae=9.8190+/-1.0678,r2=-0.9693+/-0.0172
INFO:__main__:Number of active components  is 22.6667+/-2.6247 out of 91

INFO:__main__:Number of active components  is 27 out of 91

INFO:__main__:Dataset 3, rmse=12.1262, mae=8.7970, r2=-1.0637
INFO:__main__:
Results over 4 datasets : rmse=12.7482+/-1.1419, mae=9.5635+/-1.0252,r2=-0.9929+/-0.0435
INFO:__main__:Number of active components  is 23.7500+/-2.9475 out of 91

INFO:__main__:Number of active components  is 27 out of 91

INFO:__main__:Dataset 4, rmse=12.9387, mae=9.7025, r2=-0.9685
INFO:__main__:
Results over 5 datasets : rmse=12.7863+/-1.0242, mae=9.5913+/-0.9186,r2=-0.9880+/-0.0401
INFO:__main__:Number of active components  is 24.4000+/-2.9394 out of 91

INFO:__main__:Dataset of dimension  = (506, 13)
INFO:__main__:Number of components to be estimated=91 corresponding to 13 main effects and 78 interaction effects

INFO:__main__:Number of active components  is 21 out of 91

INFO:__main__:Dataset 0, rmse=4.1024, mae=2.5880, r2=0.8235
INFO:__main__:
Results over 1 datasets : rmse=4.1024+/-0.0000, mae=2.5880+/-0.0000,r2=0.8235+/-0.0000
INFO:__main__:Number of active components  is 21.0000+/-0.0000 out of 91

INFO:__main__:Number of active components  is 26 out of 91

INFO:__main__:Dataset 1, rmse=2.7857, mae=1.9483, r2=0.8786
INFO:__main__:
Results over 2 datasets : rmse=3.4440+/-0.6583, mae=2.2682+/-0.3198,r2=0.8511+/-0.0276
INFO:__main__:Number of active components  is 23.5000+/-2.5000 out of 91

INFO:__main__:Number of active components  is 26 out of 91

INFO:__main__:Dataset 2, rmse=4.4656, mae=2.8944, r2=0.7979
INFO:__main__:
Results over 3 datasets : rmse=3.7845+/-0.7217, mae=2.4769+/-0.3941,r2=0.8333+/-0.0337
INFO:__main__:Number of active components  is 24.3333+/-2.3570 out of 91

INFO:__main__:Number of active components  is 28 out of 91

INFO:__main__:Dataset 3, rmse=3.4535, mae=2.4335, r2=0.8326
INFO:__main__:
Results over 4 datasets : rmse=3.7018+/-0.6412, mae=2.4661+/-0.3418,r2=0.8331+/-0.0292
INFO:__main__:Number of active components  is 25.2500+/-2.5860 out of 91

INFO:__main__:Number of active components  is 25 out of 91

INFO:__main__:Dataset 4, rmse=5.7781, mae=2.6586, r2=0.6074
INFO:__main__:
Results over 5 datasets : rmse=4.1170+/-1.0093, mae=2.5046+/-0.3153,r2=0.7880+/-0.0940
INFO:__main__:Number of active components  is 25.2000+/-2.3152 out of 91

INFO:__main__:Dataset of dimension  = (506, 13)
INFO:__main__:Number of components to be estimated=91 corresponding to 13 main effects and 78 interaction effects

INFO:__main__:Number of active components  is 19 out of 91

INFO:__main__:Dataset 0, rmse=4.0762, mae=2.6127, r2=0.8257
INFO:__main__:
Results over 1 datasets : rmse=4.0762+/-0.0000, mae=2.6127+/-0.0000,r2=0.8257+/-0.0000
INFO:__main__:Number of active components  is 19.0000+/-0.0000 out of 91

INFO:__main__:Number of active components  is 24 out of 91

INFO:__main__:Dataset 1, rmse=2.8457, mae=1.9641, r2=0.8733
INFO:__main__:
Results over 2 datasets : rmse=3.4609+/-0.6153, mae=2.2884+/-0.3243,r2=0.8495+/-0.0238
INFO:__main__:Number of active components  is 21.5000+/-2.5000 out of 91

INFO:__main__:Number of active components  is 25 out of 91

INFO:__main__:Dataset 2, rmse=3.9924, mae=2.7074, r2=0.8384
INFO:__main__:
Results over 3 datasets : rmse=3.6381+/-0.5614, mae=2.4281+/-0.3303,r2=0.8458+/-0.0201
INFO:__main__:Number of active components  is 22.6667+/-2.6247 out of 91

INFO:__main__:Number of active components  is 27 out of 91

INFO:__main__:Dataset 3, rmse=3.9297, mae=2.4780, r2=0.7833
INFO:__main__:
Results over 4 datasets : rmse=3.7110+/-0.5023, mae=2.4405+/-0.2869,r2=0.8302+/-0.0322
INFO:__main__:Number of active components  is 23.7500+/-2.9475 out of 91

INFO:__main__:Number of active components  is 27 out of 91

INFO:__main__:Dataset 4, rmse=3.5502, mae=2.4684, r2=0.8518
INFO:__main__:
Results over 5 datasets : rmse=3.6788+/-0.4539, mae=2.4461+/-0.2569,r2=0.8345+/-0.0301
INFO:__main__:Number of active components  is 24.4000+/-2.9394 out of 91

