INFO:__main__:Method cosso running...

INFO:__main__:Dataset of dimension  = (100, 55)
INFO:__main__:Number of components to be estimated=1540 corresponding to 55 main effects and 1485 interaction effects

INFO:__main__:Dataset 0, rmse=1.1934, mae=1.0547, r2=0.8930, coverage mean +/- 2.std =0.0000, coverage equal tailed 0.9 interval = 0.0000 
INFO:__main__:Best results for M=1.417473554611206 giving error=2.4678118228912354
INFO:__main__:Number of active components (giving 99% of the energy) is 3 out of 55

INFO:__main__:TP: 3.00000, TN : 51.00000, FP : 0.00000, FN : 1.00000

INFO:__main__:
Results over 0 datasets : rmse=1.1934+/-0.0000, mae=1.0547+/-0.0000,                  r2=0.8930+/-0.0000, Coverage1=0.0000+/-0.0000,                      Coverage2=0.0000+/-0.0000,                      TP=3.0000+/-0.0000, TN=51.0000+/-0.0000,                           FP=0.0000+/-0.0000, FN=1.0000+/-0.0000
INFO:__main__:Dataset 1, rmse=1.1535, mae=0.8683, r2=0.8956, coverage mean +/- 2.std =0.0000, coverage equal tailed 0.9 interval = 0.0000 
INFO:__main__:Best results for M=0.24770766496658325 giving error=2.755012035369873
INFO:__main__:Number of active components (giving 99% of the energy) is 5 out of 55

INFO:__main__:TP: 4.00000, TN : 50.00000, FP : 1.00000, FN : 0.00000

INFO:__main__:
Results over 1 datasets : rmse=1.1735+/-0.0200, mae=0.9615+/-0.0932,                  r2=0.8943+/-0.0013, Coverage1=0.0000+/-0.0000,                      Coverage2=0.0000+/-0.0000,                      TP=3.5000+/-0.5000, TN=50.5000+/-0.5000,                           FP=0.5000+/-0.5000, FN=0.5000+/-0.5000
INFO:__main__:Dataset 2, rmse=1.3305, mae=1.0124, r2=0.8820, coverage mean +/- 2.std =0.0000, coverage equal tailed 0.9 interval = 0.0000 
INFO:__main__:Best results for M=0.3511192202568054 giving error=2.2114505767822266
INFO:__main__:Number of active components (giving 99% of the energy) is 5 out of 55

INFO:__main__:TP: 4.00000, TN : 50.00000, FP : 1.00000, FN : 0.00000

INFO:__main__:
Results over 2 datasets : rmse=1.2258+/-0.0758, mae=0.9785+/-0.0798,                  r2=0.8902+/-0.0059, Coverage1=0.0000+/-0.0000,                      Coverage2=0.0000+/-0.0000,                      TP=3.6667+/-0.4714, TN=50.3333+/-0.4714,                           FP=0.6667+/-0.4714, FN=0.3333+/-0.4714
INFO:__main__:Dataset 3, rmse=1.3194, mae=1.1557, r2=0.8984, coverage mean +/- 2.std =0.0000, coverage equal tailed 0.9 interval = 0.0000 
INFO:__main__:Best results for M=0.7054799199104309 giving error=2.1047182083129883
INFO:__main__:Number of active components (giving 99% of the energy) is 4 out of 55

INFO:__main__:TP: 3.00000, TN : 50.00000, FP : 1.00000, FN : 1.00000

INFO:__main__:
Results over 3 datasets : rmse=1.2492+/-0.0772, mae=1.0228+/-0.1033,                  r2=0.8922+/-0.0062, Coverage1=0.0000+/-0.0000,                      Coverage2=0.0000+/-0.0000,                      TP=3.5000+/-0.5000, TN=50.2500+/-0.4330,                           FP=0.7500+/-0.4330, FN=0.5000+/-0.5000
INFO:__main__:Dataset 4, rmse=1.0771, mae=0.8990, r2=0.9289, coverage mean +/- 2.std =0.0000, coverage equal tailed 0.9 interval = 0.0000 
INFO:__main__:Best results for M=0.7054799199104309 giving error=2.287541389465332
INFO:__main__:Number of active components (giving 99% of the energy) is 3 out of 55

INFO:__main__:TP: 3.00000, TN : 51.00000, FP : 0.00000, FN : 1.00000

INFO:__main__:
Results over 4 datasets : rmse=1.2148+/-0.0975, mae=0.9980+/-0.1048,                  r2=0.8996+/-0.0157, Coverage1=0.0000+/-0.0000,                      Coverage2=0.0000+/-0.0000,                      TP=3.4000+/-0.4899, TN=50.4000+/-0.4899,                           FP=0.6000+/-0.4899, FN=0.6000+/-0.4899
INFO:__main__:Dataset 5, rmse=0.8203, mae=0.6656, r2=0.9637, coverage mean +/- 2.std =0.0000, coverage equal tailed 0.9 interval = 0.0000 
INFO:__main__:Best results for M=0.7054799199104309 giving error=1.3440269231796265
INFO:__main__:Number of active components (giving 99% of the energy) is 4 out of 55

INFO:__main__:TP: 4.00000, TN : 51.00000, FP : 0.00000, FN : 0.00000

INFO:__main__:
Results over 5 datasets : rmse=1.1490+/-0.1718, mae=0.9426+/-0.1565,                  r2=0.9103+/-0.0279, Coverage1=0.0000+/-0.0000,                      Coverage2=0.0000+/-0.0000,                      TP=3.5000+/-0.5000, TN=50.5000+/-0.5000,                           FP=0.5000+/-0.5000, FN=0.5000+/-0.5000
INFO:__main__:Dataset 6, rmse=3.7386, mae=2.8313, r2=0.2442, coverage mean +/- 2.std =0.0000, coverage equal tailed 0.9 interval = 0.0000 
INFO:__main__:Best results for M=2.848036092473194e-05 giving error=3.7936201095581055
INFO:__main__:Number of active components (giving 99% of the energy) is 49 out of 55

INFO:__main__:TP: 4.00000, TN : 6.00000, FP : 45.00000, FN : 0.00000

INFO:__main__:
Results over 6 datasets : rmse=1.5190+/-0.9200, mae=1.2124+/-0.6766,                  r2=0.8151+/-0.2345, Coverage1=0.0000+/-0.0000,                      Coverage2=0.0000+/-0.0000,                      TP=3.5714+/-0.4949, TN=44.1429+/-15.5786,                           FP=6.8571+/-15.5786, FN=0.4286+/-0.4949
INFO:__main__:Dataset 7, rmse=1.1470, mae=0.9433, r2=0.9239, coverage mean +/- 2.std =0.0000, coverage equal tailed 0.9 interval = 0.0000 
INFO:__main__:Best results for M=0.9999995827674866 giving error=3.876779079437256
INFO:__main__:Number of active components (giving 99% of the energy) is 3 out of 55

INFO:__main__:TP: 3.00000, TN : 51.00000, FP : 0.00000, FN : 1.00000

INFO:__main__:
Results over 7 datasets : rmse=1.4725+/-0.8693, mae=1.1788+/-0.6391,                  r2=0.8287+/-0.2223, Coverage1=0.0000+/-0.0000,                      Coverage2=0.0000+/-0.0000,                      TP=3.5000+/-0.5000, TN=45.0000+/-14.7479,                           FP=6.0000+/-14.7479, FN=0.5000+/-0.5000
INFO:__main__:Dataset 8, rmse=1.2090, mae=0.9870, r2=0.9068, coverage mean +/- 2.std =0.0000, coverage equal tailed 0.9 interval = 0.0000 
INFO:__main__:Best results for M=1.417473554611206 giving error=3.5941977500915527
INFO:__main__:Number of active components (giving 99% of the energy) is 3 out of 55

INFO:__main__:TP: 3.00000, TN : 51.00000, FP : 0.00000, FN : 1.00000

INFO:__main__:
Results over 8 datasets : rmse=1.4432+/-0.8238, mae=1.1575+/-0.6056,                  r2=0.8374+/-0.2110, Coverage1=0.0000+/-0.0000,                      Coverage2=0.0000+/-0.0000,                      TP=3.4444+/-0.4969, TN=45.6667+/-14.0317,                           FP=5.3333+/-14.0317, FN=0.5556+/-0.4969
INFO:__main__:Dataset 9, rmse=1.2714, mae=0.9701, r2=0.8959, coverage mean +/- 2.std =0.0000, coverage equal tailed 0.9 interval = 0.0000 
INFO:__main__:Best results for M=0.49770215153694153 giving error=2.957477331161499
INFO:__main__:Number of active components (giving 99% of the energy) is 5 out of 55

INFO:__main__:TP: 4.00000, TN : 50.00000, FP : 1.00000, FN : 0.00000

INFO:__main__:
Results over 9 datasets : rmse=1.4260+/-0.7832, mae=1.1387+/-0.5773,                  r2=0.8432+/-0.2009, Coverage1=0.0000+/-0.0000,                      Coverage2=0.0000+/-0.0000,                      TP=3.5000+/-0.5000, TN=46.1000+/-13.3750,                           FP=4.9000+/-13.3750, FN=0.5000+/-0.5000
