INFO:__main__:Method lgbayescos_opt running...

INFO:__main__:Dataset autompg of dimension  = (392, 7)
INFO:__main__:Number of components to be estimated=28 corresponding to 7 main effects and 21 interaction effects

INFO:__main__:Fold 0, rmse=2.6068, mae=1.9109, r2=0.8937, coverage mean +/- 2.std =0.9747, coverage equal tailed 0.9 interval = 0.9747 
INFO:__main__:Number of active components (giving 99% of the energy) is 17 out of 28

INFO:__main__:
Results over 1 folds : rmse=2.6068+/-0.0000, mae=1.9109+/-0.0000, r2=0.8937+/-0.0000, Coverage1=0.9747+/-0.0000, Coverage2=0.9747+/-0.0000
INFO:__main__:Fold 1, rmse=2.4191, mae=1.6954, r2=0.8923, coverage mean +/- 2.std =0.9747, coverage equal tailed 0.9 interval = 0.9747 
INFO:__main__:Number of active components (giving 99% of the energy) is 17 out of 28

INFO:__main__:
Results over 2 folds : rmse=2.5130+/-0.0939, mae=1.8031+/-0.1078, r2=0.8930+/-0.0007, Coverage1=0.9747+/-0.0000, Coverage2=0.9747+/-0.0000
INFO:__main__:Fold 2, rmse=2.3515, mae=1.8488, r2=0.8995, coverage mean +/- 2.std =0.9872, coverage equal tailed 0.9 interval = 0.9872 
INFO:__main__:Number of active components (giving 99% of the energy) is 17 out of 28

INFO:__main__:
Results over 3 folds : rmse=2.4591+/-0.1080, mae=1.8184+/-0.0906, r2=0.8952+/-0.0031, Coverage1=0.9788+/-0.0059, Coverage2=0.9788+/-0.0059
INFO:__main__:Fold 3, rmse=2.8481, mae=1.9088, r2=0.8496, coverage mean +/- 2.std =0.9872, coverage equal tailed 0.9 interval = 0.9872 
INFO:__main__:Number of active components (giving 99% of the energy) is 18 out of 28

INFO:__main__:
Results over 4 folds : rmse=2.5564+/-0.1927, mae=1.8410+/-0.0877, r2=0.8838+/-0.0199, Coverage1=0.9809+/-0.0062, Coverage2=0.9809+/-0.0062
INFO:__main__:Fold 4, rmse=3.1134, mae=2.1949, r2=0.8697, coverage mean +/- 2.std =0.9231, coverage equal tailed 0.9 interval = 0.9231 
INFO:__main__:Number of active components (giving 99% of the energy) is 17 out of 28

INFO:__main__:
Results over 5 folds : rmse=2.6678+/-0.2817, mae=1.9118+/-0.1619, r2=0.8810+/-0.0187, Coverage1=0.9694+/-0.0238, Coverage2=0.9694+/-0.0238
INFO:__main__:
Results : rmse=2.6678+/-0.2817, mae=1.9118+/-0.1619, r2=0.8810+/-0.0187, Coverage1=0.9694+/-0.0238, Coverage2=0.9694+/-0.0238, active=17.2000+/-0.4000
INFO:__main__:Method lgbayescos_opt running...

INFO:__main__:Dataset autompg of dimension  = (392, 7)
INFO:__main__:Number of components to be estimated=28 corresponding to 7 main effects and 21 interaction effects

INFO:__main__:Fold 0, rmse=2.7211, mae=1.9968, r2=0.8842, coverage mean +/- 2.std =0.9241, coverage equal tailed 0.9 interval = 0.9241 
INFO:__main__:Number of active components (giving 99% of the energy) is 9 out of 28

INFO:__main__:
Results over 1 folds : rmse=2.7211+/-0.0000, mae=1.9968+/-0.0000, r2=0.8842+/-0.0000, Coverage1=0.9241+/-0.0000, Coverage2=0.9241+/-0.0000
INFO:__main__:Fold 1, rmse=2.4880, mae=1.7325, r2=0.8861, coverage mean +/- 2.std =0.9494, coverage equal tailed 0.9 interval = 0.9494 
INFO:__main__:Number of active components (giving 99% of the energy) is 8 out of 28

INFO:__main__:
Results over 2 folds : rmse=2.6046+/-0.1165, mae=1.8646+/-0.1322, r2=0.8852+/-0.0010, Coverage1=0.9367+/-0.0127, Coverage2=0.9367+/-0.0127
INFO:__main__:Fold 2, rmse=2.3037, mae=1.8045, r2=0.9035, coverage mean +/- 2.std =0.9744, coverage equal tailed 0.9 interval = 0.9744 
INFO:__main__:Number of active components (giving 99% of the energy) is 12 out of 28

INFO:__main__:
Results over 3 folds : rmse=2.5043+/-0.1708, mae=1.8446+/-0.1116, r2=0.8913+/-0.0087, Coverage1=0.9493+/-0.0205, Coverage2=0.9493+/-0.0205
INFO:__main__:Fold 3, rmse=2.9381, mae=2.0236, r2=0.8400, coverage mean +/- 2.std =0.9615, coverage equal tailed 0.9 interval = 0.9615 
INFO:__main__:Number of active components (giving 99% of the energy) is 10 out of 28

INFO:__main__:
Results over 4 folds : rmse=2.6127+/-0.2391, mae=1.8893+/-0.1239, r2=0.8785+/-0.0235, Coverage1=0.9523+/-0.0186, Coverage2=0.9523+/-0.0186
INFO:__main__:Fold 4, rmse=3.0731, mae=2.1725, r2=0.8730, coverage mean +/- 2.std =0.9103, coverage equal tailed 0.9 interval = 0.9103 
INFO:__main__:Number of active components (giving 99% of the energy) is 8 out of 28

INFO:__main__:
Results over 5 folds : rmse=2.7048+/-0.2822, mae=1.9460+/-0.1585, r2=0.8774+/-0.0211, Coverage1=0.9439+/-0.0236, Coverage2=0.9439+/-0.0236
INFO:__main__:
Results : rmse=2.7048+/-0.2822, mae=1.9460+/-0.1585, r2=0.8774+/-0.0211, Coverage1=0.9439+/-0.0236, Coverage2=0.9439+/-0.0236, active=9.4000+/-1.4967
