INFO:__main__:Method cosso running...

INFO:__main__:Dataset stock2 of dimension  = (63, 6)
INFO:__main__:Number of components to be estimated=21 corresponding to 6 main effects and 15 interaction effects

INFO:__main__:Fold 0, rmse=0.0155, mae=0.0125, r2=0.6232, coverage mean +/- 2.std =0.0000, coverage equal tailed 0.9 interval = 0.0000 
INFO:__main__:Best results for M=0.0027825592551380396 giving error=0.05875309556722641
INFO:__main__:Number of active components (giving 99% of the energy) is 10 out of 21

INFO:__main__:
Results over 1 folds : rmse=0.0155+/-0.0000, mae=0.0125+/-0.0000, r2=0.6232+/-0.0000, Coverage1=0.0000+/-0.0000, Coverage2=0.0000+/-0.0000
INFO:__main__:Fold 1, rmse=0.0087, mae=0.0069, r2=0.8706, coverage mean +/- 2.std =0.0000, coverage equal tailed 0.9 interval = 0.0000 
INFO:__main__:Best results for M=0.0027825592551380396 giving error=0.06434252858161926
INFO:__main__:Number of active components (giving 99% of the energy) is 13 out of 21

INFO:__main__:
Results over 2 folds : rmse=0.0121+/-0.0034, mae=0.0097+/-0.0028, r2=0.7469+/-0.1237, Coverage1=0.0000+/-0.0000, Coverage2=0.0000+/-0.0000
INFO:__main__:Fold 2, rmse=0.0117, mae=0.0102, r2=0.5797, coverage mean +/- 2.std =0.0000, coverage equal tailed 0.9 interval = 0.0000 
INFO:__main__:Best results for M=0.00035938137443736196 giving error=0.03813162446022034
INFO:__main__:Number of active components (giving 99% of the energy) is 15 out of 21

INFO:__main__:
Results over 3 folds : rmse=0.0120+/-0.0028, mae=0.0098+/-0.0023, r2=0.6911+/-0.1281, Coverage1=0.0000+/-0.0000, Coverage2=0.0000+/-0.0000
INFO:__main__:Fold 3, rmse=0.0191, mae=0.0147, r2=0.4861, coverage mean +/- 2.std =0.0000, coverage equal tailed 0.9 interval = 0.0000 
INFO:__main__:Best results for M=5.994841103529325e-06 giving error=0.04630981385707855
INFO:__main__:Number of active components (giving 99% of the energy) is 16 out of 21

INFO:__main__:
Results over 4 folds : rmse=0.0138+/-0.0039, mae=0.0111+/-0.0029, r2=0.6399+/-0.1421, Coverage1=0.0000+/-0.0000, Coverage2=0.0000+/-0.0000
INFO:__main__:Fold 4, rmse=0.0117, mae=0.0086, r2=0.9133, coverage mean +/- 2.std =0.0000, coverage equal tailed 0.9 interval = 0.0000 
INFO:__main__:Best results for M=1.0000000116860974e-07 giving error=0.05751588195562363
INFO:__main__:Number of active components (giving 99% of the energy) is 15 out of 21

INFO:__main__:
Results over 5 folds : rmse=0.0133+/-0.0036, mae=0.0106+/-0.0028, r2=0.6946+/-0.1677, Coverage1=0.0000+/-0.0000, Coverage2=0.0000+/-0.0000
INFO:__main__:
Results : rmse=0.0133+/-0.0036, mae=0.0106+/-0.0028, r2=0.6946+/-0.1677, Coverage1=0.0000+/-0.0000, Coverage2=0.0000+/-0.0000, active=13.8000+/-2.1354
