INFO:__main__:Method lgbayescos_opt running...

INFO:__main__:Dataset housing of dimension  = (506, 13)
INFO:__main__:Number of components to be estimated=91 corresponding to 13 main effects and 78 interaction effects

INFO:__main__:Method lgbayescos_opt running...

INFO:__main__:Dataset housing of dimension  = (506, 13)
INFO:__main__:Number of components to be estimated=91 corresponding to 13 main effects and 78 interaction effects

INFO:__main__:Fold 0, rmse=3.4566, mae=2.1649, r2=0.8661, coverage mean +/- 2.std =0.9902, coverage equal tailed 0.9 interval = 0.9902 
INFO:__main__:Number of active components (giving 99% of the energy) is 70 out of 91

INFO:__main__:
Results over 1 folds : rmse=3.4566+/-0.0000, mae=2.1649+/-0.0000, r2=0.8661+/-0.0000, Coverage1=0.9902+/-0.0000, Coverage2=0.9902+/-0.0000
INFO:__main__:Fold 1, rmse=3.3067, mae=2.2119, r2=0.8540, coverage mean +/- 2.std =0.9901, coverage equal tailed 0.9 interval = 0.9901 
INFO:__main__:Number of active components (giving 99% of the energy) is 69 out of 91

INFO:__main__:
Results over 2 folds : rmse=3.3816+/-0.0750, mae=2.1884+/-0.0235, r2=0.8600+/-0.0061, Coverage1=0.9901+/-0.0000, Coverage2=0.9901+/-0.0000
INFO:__main__:Fold 2, rmse=2.7716, mae=2.0566, r2=0.9291, coverage mean +/- 2.std =0.9901, coverage equal tailed 0.9 interval = 0.9901 
INFO:__main__:Number of active components (giving 99% of the energy) is 70 out of 91

INFO:__main__:
Results over 3 folds : rmse=3.1783+/-0.2940, mae=2.1445+/-0.0650, r2=0.8831+/-0.0330, Coverage1=0.9901+/-0.0000, Coverage2=0.9901+/-0.0000
INFO:__main__:Fold 3, rmse=3.3064, mae=1.9948, r2=0.8525, coverage mean +/- 2.std =0.9802, coverage equal tailed 0.9 interval = 0.9802 
INFO:__main__:Number of active components (giving 99% of the energy) is 72 out of 91

INFO:__main__:
Results over 4 folds : rmse=3.2103+/-0.2606, mae=2.1071+/-0.0858, r2=0.8754+/-0.0315, Coverage1=0.9876+/-0.0043, Coverage2=0.9876+/-0.0043
INFO:__main__:Fold 4, rmse=2.6124, mae=1.9675, r2=0.9076, coverage mean +/- 2.std =1.0000, coverage equal tailed 0.9 interval = 1.0000 
INFO:__main__:Number of active components (giving 99% of the energy) is 70 out of 91

INFO:__main__:
Results over 5 folds : rmse=3.0907+/-0.3340, mae=2.0791+/-0.0949, r2=0.8819+/-0.0309, Coverage1=0.9901+/-0.0063, Coverage2=0.9901+/-0.0063
INFO:__main__:
Results : rmse=3.0907+/-0.3340, mae=2.0791+/-0.0949, r2=0.8819+/-0.0309, Coverage1=0.9901+/-0.0063, Coverage2=0.9901+/-0.0063, active=70.2000+/-0.9798
INFO:__main__:Method lgbayescos_opt running...

INFO:__main__:Dataset housing of dimension  = (506, 13)
INFO:__main__:Number of components to be estimated=91 corresponding to 13 main effects and 78 interaction effects

INFO:__main__:Method lgbayescos_opt running...

INFO:__main__:Dataset housing of dimension  = (506, 13)
INFO:__main__:Number of components to be estimated=91 corresponding to 13 main effects and 78 interaction effects

INFO:__main__:Fold 0, rmse=3.3587, mae=2.2392, r2=0.8736, coverage mean +/- 2.std =0.8824, coverage equal tailed 0.9 interval = 0.8824 
INFO:__main__:Number of active components (giving 99% of the energy) is 20 out of 91

INFO:__main__:
Results over 1 folds : rmse=3.3587+/-0.0000, mae=2.2392+/-0.0000, r2=0.8736+/-0.0000, Coverage1=0.8824+/-0.0000, Coverage2=0.8824+/-0.0000
INFO:__main__:Fold 1, rmse=3.5028, mae=2.2774, r2=0.8361, coverage mean +/- 2.std =0.9010, coverage equal tailed 0.9 interval = 0.9010 
INFO:__main__:Number of active components (giving 99% of the energy) is 21 out of 91

INFO:__main__:
Results over 2 folds : rmse=3.4308+/-0.0720, mae=2.2583+/-0.0191, r2=0.8548+/-0.0187, Coverage1=0.8917+/-0.0093, Coverage2=0.8917+/-0.0093
INFO:__main__:Fold 2, rmse=2.6879, mae=2.0046, r2=0.9334, coverage mean +/- 2.std =0.9406, coverage equal tailed 0.9 interval = 0.9406 
INFO:__main__:Number of active components (giving 99% of the energy) is 20 out of 91

INFO:__main__:
Results over 3 folds : rmse=3.1832+/-0.3551, mae=2.1737+/-0.1206, r2=0.8810+/-0.0400, Coverage1=0.9080+/-0.0243, Coverage2=0.9080+/-0.0243
INFO:__main__:Fold 3, rmse=3.8939, mae=2.1188, r2=0.7955, coverage mean +/- 2.std =0.9406, coverage equal tailed 0.9 interval = 0.9406 
INFO:__main__:Number of active components (giving 99% of the energy) is 19 out of 91

INFO:__main__:
Results over 4 folds : rmse=3.3608+/-0.4351, mae=2.1600+/-0.1071, r2=0.8596+/-0.0507, Coverage1=0.9161+/-0.0253, Coverage2=0.9161+/-0.0253
INFO:__main__:Fold 4, rmse=2.3528, mae=1.7241, r2=0.9250, coverage mean +/- 2.std =0.9505, coverage equal tailed 0.9 interval = 0.9505 
INFO:__main__:Number of active components (giving 99% of the energy) is 21 out of 91

INFO:__main__:
Results over 5 folds : rmse=3.1592+/-0.5604, mae=2.0728+/-0.1989, r2=0.8727+/-0.0524, Coverage1=0.9230+/-0.0265, Coverage2=0.9230+/-0.0265
INFO:__main__:
Results : rmse=3.1592+/-0.5604, mae=2.0728+/-0.1989, r2=0.8727+/-0.0524, Coverage1=0.9230+/-0.0265, Coverage2=0.9230+/-0.0265, active=20.2000+/-0.7483
