INFO:__main__:Method ss running...

INFO:__main__:Dataset of dimension  = (100, 10)
INFO:__main__:Number of components to be estimated=55 corresponding to 10 main effects and 45 interaction effects

INFO:__main__:Dataset 0, rmse=2.4064, mae=1.9385, r2=0.6591, coverage mean +/- 2.std =0.0000, coverage equal tailed 0.9 interval = 0.0000 
INFO:__main__:Best results for alpha=1.6297501126416591e-09 giving error=4.21430778503418
INFO:__main__:Number of active components (giving 99% of the energy) is 37 out of 55

INFO:__main__:TP: 6.00000, TN : 17.00000, FP : 31.00000, FN : 1.00000

INFO:__main__:
Results over 0 datasets : rmse=2.4064+/-0.0000, mae=1.9385+/-0.0000,                  r2=0.6591+/-0.0000, Coverage1=0.0000+/-0.0000,                      Coverage2=0.0000+/-0.0000,                      TP=6.0000+/-0.0000, TN=17.0000+/-0.0000,                           FP=31.0000+/-0.0000, FN=1.0000+/-0.0000
INFO:__main__:Dataset 1, rmse=2.5893, mae=2.0998, r2=0.5932, coverage mean +/- 2.std =0.0000, coverage equal tailed 0.9 interval = 0.0000 
INFO:__main__:Best results for alpha=0.00032745490898378193 giving error=3.6800990104675293
INFO:__main__:Number of active components (giving 99% of the energy) is 37 out of 55

INFO:__main__:TP: 6.00000, TN : 17.00000, FP : 31.00000, FN : 1.00000

INFO:__main__:
Results over 1 datasets : rmse=2.4979+/-0.0914, mae=2.0192+/-0.0807,                  r2=0.6262+/-0.0329, Coverage1=0.0000+/-0.0000,                      Coverage2=0.0000+/-0.0000,                      TP=6.0000+/-0.0000, TN=17.0000+/-0.0000,                           FP=31.0000+/-0.0000, FN=1.0000+/-0.0000
INFO:__main__:Dataset 2, rmse=3.0703, mae=2.4146, r2=0.4633, coverage mean +/- 2.std =0.0000, coverage equal tailed 0.9 interval = 0.0000 
INFO:__main__:Best results for alpha=4.641582229680807e-09 giving error=3.0942234992980957
INFO:__main__:Number of active components (giving 99% of the energy) is 39 out of 55

INFO:__main__:TP: 6.00000, TN : 15.00000, FP : 33.00000, FN : 1.00000

INFO:__main__:
Results over 2 datasets : rmse=2.6887+/-0.2800, mae=2.1510+/-0.1977,                  r2=0.5719+/-0.0813, Coverage1=0.0000+/-0.0000,                      Coverage2=0.0000+/-0.0000,                      TP=6.0000+/-0.0000, TN=16.3333+/-0.9428,                           FP=31.6667+/-0.9428, FN=1.0000+/-0.0000
INFO:__main__:Dataset 3, rmse=2.5489, mae=2.1464, r2=0.6092, coverage mean +/- 2.std =0.0000, coverage equal tailed 0.9 interval = 0.0000 
INFO:__main__:Best results for alpha=4.641582229680807e-09 giving error=4.458297252655029
INFO:__main__:Number of active components (giving 99% of the energy) is 41 out of 55

INFO:__main__:TP: 7.00000, TN : 14.00000, FP : 34.00000, FN : 0.00000

INFO:__main__:
Results over 3 datasets : rmse=2.6537+/-0.2499, mae=2.1498+/-0.1712,                  r2=0.5812+/-0.0723, Coverage1=0.0000+/-0.0000,                      Coverage2=0.0000+/-0.0000,                      TP=6.2500+/-0.4330, TN=15.7500+/-1.2990,                           FP=32.2500+/-1.2990, FN=0.7500+/-0.4330
INFO:__main__:Dataset 4, rmse=2.9588, mae=2.2670, r2=0.5336, coverage mean +/- 2.std =0.0000, coverage equal tailed 0.9 interval = 0.0000 
INFO:__main__:Best results for alpha=0.000464158714748919 giving error=4.037082195281982
INFO:__main__:Number of active components (giving 99% of the energy) is 38 out of 55

INFO:__main__:TP: 7.00000, TN : 17.00000, FP : 31.00000, FN : 0.00000

INFO:__main__:
Results over 4 datasets : rmse=2.7148+/-0.2547, mae=2.1732+/-0.1602,                  r2=0.5717+/-0.0674, Coverage1=0.0000+/-0.0000,                      Coverage2=0.0000+/-0.0000,                      TP=6.4000+/-0.4899, TN=16.0000+/-1.2649,                           FP=32.0000+/-1.2649, FN=0.6000+/-0.4899
INFO:__main__:Dataset 5, rmse=2.4980, mae=2.0115, r2=0.6879, coverage mean +/- 2.std =0.0000, coverage equal tailed 0.9 interval = 0.0000 
INFO:__main__:Best results for alpha=5.3367024577255506e-08 giving error=6.180477142333984
INFO:__main__:Number of active components (giving 99% of the energy) is 38 out of 55

INFO:__main__:TP: 7.00000, TN : 17.00000, FP : 31.00000, FN : 0.00000

INFO:__main__:
Results over 5 datasets : rmse=2.6786+/-0.2461, mae=2.1463+/-0.1581,                  r2=0.5911+/-0.0752, Coverage1=0.0000+/-0.0000,                      Coverage2=0.0000+/-0.0000,                      TP=6.5000+/-0.5000, TN=16.1667+/-1.2134,                           FP=31.8333+/-1.2134, FN=0.5000+/-0.5000
INFO:__main__:Dataset 6, rmse=3.0462, mae=2.3406, r2=0.4943, coverage mean +/- 2.std =0.0000, coverage equal tailed 0.9 interval = 0.0000 
INFO:__main__:Best results for alpha=0.00011497568630147725 giving error=2.9244320392608643
INFO:__main__:Number of active components (giving 99% of the energy) is 38 out of 55

INFO:__main__:TP: 7.00000, TN : 17.00000, FP : 31.00000, FN : 0.00000

INFO:__main__:
Results over 6 datasets : rmse=2.7311+/-0.2617, mae=2.1740+/-0.1614,                  r2=0.5773+/-0.0774, Coverage1=0.0000+/-0.0000,                      Coverage2=0.0000+/-0.0000,                      TP=6.5714+/-0.4949, TN=16.2857+/-1.1606,                           FP=31.7143+/-1.1606, FN=0.4286+/-0.4949
INFO:__main__:Dataset 7, rmse=2.7809, mae=2.4313, r2=0.5476, coverage mean +/- 2.std =0.0000, coverage equal tailed 0.9 interval = 0.0000 
INFO:__main__:Best results for alpha=0.0006579331238754094 giving error=4.57209587097168
INFO:__main__:Number of active components (giving 99% of the energy) is 38 out of 55

INFO:__main__:TP: 6.00000, TN : 16.00000, FP : 32.00000, FN : 1.00000

INFO:__main__:
Results over 7 datasets : rmse=2.7374+/-0.2453, mae=2.2062+/-0.1733,                  r2=0.5735+/-0.0731, Coverage1=0.0000+/-0.0000,                      Coverage2=0.0000+/-0.0000,                      TP=6.5000+/-0.5000, TN=16.2500+/-1.0897,                           FP=31.7500+/-1.0897, FN=0.5000+/-0.5000
INFO:__main__:Dataset 8, rmse=2.6339, mae=2.1793, r2=0.6255, coverage mean +/- 2.std =0.0000, coverage equal tailed 0.9 interval = 0.0000 
INFO:__main__:Best results for alpha=0.0006579331238754094 giving error=3.8195419311523438
INFO:__main__:Number of active components (giving 99% of the energy) is 34 out of 55

INFO:__main__:TP: 7.00000, TN : 21.00000, FP : 27.00000, FN : 0.00000

INFO:__main__:
Results over 8 datasets : rmse=2.7259+/-0.2336, mae=2.2032+/-0.1636,                  r2=0.5793+/-0.0708, Coverage1=0.0000+/-0.0000,                      Coverage2=0.0000+/-0.0000,                      TP=6.5556+/-0.4969, TN=16.7778+/-1.8122,                           FP=31.2222+/-1.8122, FN=0.4444+/-0.4969
INFO:__main__:Dataset 9, rmse=2.6470, mae=2.1033, r2=0.6232, coverage mean +/- 2.std =0.0000, coverage equal tailed 0.9 interval = 0.0000 
INFO:__main__:Best results for alpha=0.00011497568630147725 giving error=3.5083870887756348
INFO:__main__:Number of active components (giving 99% of the energy) is 39 out of 55

INFO:__main__:TP: 7.00000, TN : 16.00000, FP : 32.00000, FN : 0.00000

INFO:__main__:
Results over 9 datasets : rmse=2.7180+/-0.2228, mae=2.1932+/-0.1581,                  r2=0.5837+/-0.0685, Coverage1=0.0000+/-0.0000,                      Coverage2=0.0000+/-0.0000,                      TP=6.6000+/-0.4899, TN=16.7000+/-1.7349,                           FP=31.3000+/-1.7349, FN=0.4000+/-0.4899
