INFO:__main__:Method lgbayescos running...

INFO:__main__:Dataset demand of dimension  = (60, 12)
INFO:__main__:Number of components to be estimated=78 corresponding to 12 main effects and 66 interaction effects

INFO:__main__:Fold 0, rmse=12.7336, mae=8.3626, r2=0.9846, coverage mean +/- 2.std =1.0000, coverage equal tailed 0.9 interval = 1.0000 
INFO:__main__:Number of active components (giving 99% of the energy) is 5 out of 78

INFO:__main__:
Results over 1 folds : rmse=12.7336+/-0.0000, mae=8.3626+/-0.0000, r2=0.9846+/-0.0000, Coverage1=1.0000+/-0.0000, Coverage2=1.0000+/-0.0000
INFO:__main__:Fold 1, rmse=29.2635, mae=13.5911, r2=0.8966, coverage mean +/- 2.std =0.9167, coverage equal tailed 0.9 interval = 0.9167 
INFO:__main__:Number of active components (giving 99% of the energy) is 5 out of 78

INFO:__main__:
Results over 2 folds : rmse=20.9985+/-8.2649, mae=10.9769+/-2.6143, r2=0.9406+/-0.0440, Coverage1=0.9583+/-0.0417, Coverage2=0.9583+/-0.0417
INFO:__main__:Fold 2, rmse=20.1723, mae=10.3785, r2=0.9483, coverage mean +/- 2.std =0.9167, coverage equal tailed 0.9 interval = 0.9167 
INFO:__main__:Number of active components (giving 99% of the energy) is 7 out of 78

INFO:__main__:
Results over 3 folds : rmse=20.7231+/-6.7595, mae=10.7774+/-2.1531, r2=0.9431+/-0.0361, Coverage1=0.9444+/-0.0393, Coverage2=0.9444+/-0.0393
INFO:__main__:Fold 3, rmse=8.2897, mae=4.6767, r2=0.9900, coverage mean +/- 2.std =1.0000, coverage equal tailed 0.9 interval = 1.0000 
INFO:__main__:Number of active components (giving 99% of the energy) is 3 out of 78

INFO:__main__:
Results over 4 folds : rmse=17.6148+/-7.9532, mae=9.2522+/-3.2335, r2=0.9549+/-0.0373, Coverage1=0.9583+/-0.0417, Coverage2=0.9583+/-0.0417
INFO:__main__:Fold 4, rmse=12.1101, mae=5.7576, r2=0.9565, coverage mean +/- 2.std =0.9167, coverage equal tailed 0.9 interval = 0.9167 
INFO:__main__:Number of active components (giving 99% of the energy) is 4 out of 78

INFO:__main__:
Results over 5 folds : rmse=16.5138+/-7.4466, mae=8.5533+/-3.2122, r2=0.9552+/-0.0334, Coverage1=0.9500+/-0.0408, Coverage2=0.9500+/-0.0408
INFO:__main__:
Results : rmse=16.5138+/-7.4466, mae=8.5533+/-3.2122, r2=0.9552+/-0.0334, Coverage1=0.9500+/-0.0408, Coverage2=0.9500+/-0.0408, active=4.8000+/-1.3266
INFO:__main__:Method lgbayescos running...

INFO:__main__:Dataset demand of dimension  = (60, 12)
INFO:__main__:Number of components to be estimated=78 corresponding to 12 main effects and 66 interaction effects

INFO:__main__:Fold 0, rmse=11.5980, mae=7.0855, r2=0.9872, coverage mean +/- 2.std =1.0000, coverage equal tailed 0.9 interval = 1.0000 
INFO:__main__:Number of active components (giving 99% of the energy) is 4 out of 78

INFO:__main__:
Results over 1 folds : rmse=11.5980+/-0.0000, mae=7.0855+/-0.0000, r2=0.9872+/-0.0000, Coverage1=1.0000+/-0.0000, Coverage2=1.0000+/-0.0000
INFO:__main__:Fold 1, rmse=20.1518, mae=10.0826, r2=0.9509, coverage mean +/- 2.std =1.0000, coverage equal tailed 0.9 interval = 1.0000 
INFO:__main__:Number of active components (giving 99% of the energy) is 4 out of 78

INFO:__main__:
Results over 2 folds : rmse=15.8749+/-4.2769, mae=8.5840+/-1.4985, r2=0.9691+/-0.0182, Coverage1=1.0000+/-0.0000, Coverage2=1.0000+/-0.0000
INFO:__main__:Fold 2, rmse=10.8700, mae=4.0280, r2=0.9850, coverage mean +/- 2.std =1.0000, coverage equal tailed 0.9 interval = 1.0000 
INFO:__main__:Number of active components (giving 99% of the energy) is 2 out of 78

INFO:__main__:
Results over 3 folds : rmse=14.2066+/-4.2144, mae=7.0654+/-2.4718, r2=0.9744+/-0.0166, Coverage1=1.0000+/-0.0000, Coverage2=1.0000+/-0.0000
INFO:__main__:Fold 3, rmse=9.5742, mae=6.1884, r2=0.9866, coverage mean +/- 2.std =1.0000, coverage equal tailed 0.9 interval = 1.0000 
INFO:__main__:Number of active components (giving 99% of the energy) is 3 out of 78

INFO:__main__:
Results over 4 folds : rmse=13.0485+/-4.1646, mae=6.8461+/-2.1741, r2=0.9775+/-0.0153, Coverage1=1.0000+/-0.0000, Coverage2=1.0000+/-0.0000
INFO:__main__:Fold 4, rmse=12.8454, mae=6.9495, r2=0.9510, coverage mean +/- 2.std =0.9167, coverage equal tailed 0.9 interval = 0.9167 
INFO:__main__:Number of active components (giving 99% of the energy) is 4 out of 78

INFO:__main__:
Results over 5 folds : rmse=13.0079+/-3.7259, mae=6.8668+/-1.9450, r2=0.9722+/-0.0173, Coverage1=0.9833+/-0.0333, Coverage2=0.9833+/-0.0333
INFO:__main__:
Results : rmse=13.0079+/-3.7259, mae=6.8668+/-1.9450, r2=0.9722+/-0.0173, Coverage1=0.9833+/-0.0333, Coverage2=0.9833+/-0.0333, active=3.4000+/-0.8000
INFO:__main__:Method lgbayescos running...

INFO:__main__:Dataset demand of dimension  = (60, 12)
INFO:__main__:Number of components to be estimated=78 corresponding to 12 main effects and 66 interaction effects

INFO:__main__:Fold 0, rmse=11.5980, mae=7.0855, r2=0.9872, coverage mean +/- 2.std =1.0000, coverage equal tailed 0.9 interval = 1.0000 
INFO:__main__:Number of active components (giving 99% of the energy) is 4 out of 78

INFO:__main__:
Results over 1 folds : rmse=11.5980+/-0.0000, mae=7.0855+/-0.0000, r2=0.9872+/-0.0000, Coverage1=1.0000+/-0.0000, Coverage2=1.0000+/-0.0000
INFO:__main__:Fold 1, rmse=20.1518, mae=10.0826, r2=0.9509, coverage mean +/- 2.std =1.0000, coverage equal tailed 0.9 interval = 1.0000 
INFO:__main__:Number of active components (giving 99% of the energy) is 4 out of 78

INFO:__main__:
Results over 2 folds : rmse=15.8749+/-4.2769, mae=8.5840+/-1.4985, r2=0.9691+/-0.0182, Coverage1=1.0000+/-0.0000, Coverage2=1.0000+/-0.0000
INFO:__main__:Fold 2, rmse=10.8700, mae=4.0280, r2=0.9850, coverage mean +/- 2.std =1.0000, coverage equal tailed 0.9 interval = 1.0000 
INFO:__main__:Number of active components (giving 99% of the energy) is 2 out of 78

INFO:__main__:
Results over 3 folds : rmse=14.2066+/-4.2144, mae=7.0654+/-2.4718, r2=0.9744+/-0.0166, Coverage1=1.0000+/-0.0000, Coverage2=1.0000+/-0.0000
INFO:__main__:Fold 3, rmse=9.5742, mae=6.1884, r2=0.9866, coverage mean +/- 2.std =1.0000, coverage equal tailed 0.9 interval = 1.0000 
INFO:__main__:Number of active components (giving 99% of the energy) is 3 out of 78

INFO:__main__:
Results over 4 folds : rmse=13.0485+/-4.1646, mae=6.8461+/-2.1741, r2=0.9775+/-0.0153, Coverage1=1.0000+/-0.0000, Coverage2=1.0000+/-0.0000
INFO:__main__:
Some covergence issues for fold4
INFO:__main__:
Results : rmse=13.0485+/-4.1646, mae=6.8461+/-2.1741, r2=0.9775+/-0.0153, Coverage1=1.0000+/-0.0000, Coverage2=1.0000+/-0.0000, active=3.2500+/-0.8292
INFO:__main__:Method lgbayescos running...

INFO:__main__:Dataset demand of dimension  = (60, 12)
INFO:__main__:Number of components to be estimated=78 corresponding to 12 main effects and 66 interaction effects

INFO:__main__:Fold 0, rmse=11.5980, mae=7.0855, r2=0.9872, coverage mean +/- 2.std =1.0000, coverage equal tailed 0.9 interval = 1.0000 
INFO:__main__:Number of active components (giving 99% of the energy) is 4 out of 78

INFO:__main__:
Results over 1 folds : rmse=11.5980+/-0.0000, mae=7.0855+/-0.0000, r2=0.9872+/-0.0000, Coverage1=1.0000+/-0.0000, Coverage2=1.0000+/-0.0000
INFO:__main__:Fold 1, rmse=20.1518, mae=10.0826, r2=0.9509, coverage mean +/- 2.std =1.0000, coverage equal tailed 0.9 interval = 1.0000 
INFO:__main__:Number of active components (giving 99% of the energy) is 4 out of 78

INFO:__main__:
Results over 2 folds : rmse=15.8749+/-4.2769, mae=8.5840+/-1.4985, r2=0.9691+/-0.0182, Coverage1=1.0000+/-0.0000, Coverage2=1.0000+/-0.0000
INFO:__main__:
Some covergence issues for fold2
INFO:__main__:Method lgbayescos running...

INFO:__main__:Dataset demand of dimension  = (60, 12)
INFO:__main__:Number of components to be estimated=78 corresponding to 12 main effects and 66 interaction effects

INFO:__main__:
Some covergence issues for fold0
INFO:__main__:Method lgbayescos running...

INFO:__main__:Dataset demand of dimension  = (60, 12)
INFO:__main__:Number of components to be estimated=78 corresponding to 12 main effects and 66 interaction effects

INFO:__main__:Fold 0, rmse=11.5980, mae=7.0855, r2=0.9872, coverage mean +/- 2.std =1.0000, coverage equal tailed 0.9 interval = 1.0000 
INFO:__main__:Number of active components (giving 99% of the energy) is 4 out of 78

INFO:__main__:
Results over 1 folds : rmse=11.5980+/-0.0000, mae=7.0855+/-0.0000, r2=0.9872+/-0.0000, Coverage1=1.0000+/-0.0000, Coverage2=1.0000+/-0.0000
INFO:__main__:Fold 1, rmse=20.1518, mae=10.0826, r2=0.9509, coverage mean +/- 2.std =1.0000, coverage equal tailed 0.9 interval = 1.0000 
INFO:__main__:Number of active components (giving 99% of the energy) is 4 out of 78

INFO:__main__:
Results over 2 folds : rmse=15.8749+/-4.2769, mae=8.5840+/-1.4985, r2=0.9691+/-0.0182, Coverage1=1.0000+/-0.0000, Coverage2=1.0000+/-0.0000
INFO:__main__:Fold 2, rmse=10.8700, mae=4.0280, r2=0.9850, coverage mean +/- 2.std =1.0000, coverage equal tailed 0.9 interval = 1.0000 
INFO:__main__:Number of active components (giving 99% of the energy) is 3 out of 78

INFO:__main__:
Results over 3 folds : rmse=14.2066+/-4.2144, mae=7.0654+/-2.4718, r2=0.9744+/-0.0166, Coverage1=1.0000+/-0.0000, Coverage2=1.0000+/-0.0000
INFO:__main__:Fold 3, rmse=9.5742, mae=6.1884, r2=0.9866, coverage mean +/- 2.std =1.0000, coverage equal tailed 0.9 interval = 1.0000 
INFO:__main__:Number of active components (giving 99% of the energy) is 2 out of 78

INFO:__main__:
Results over 4 folds : rmse=13.0485+/-4.1646, mae=6.8461+/-2.1741, r2=0.9775+/-0.0153, Coverage1=1.0000+/-0.0000, Coverage2=1.0000+/-0.0000
INFO:__main__:
Some covergence issues for fold4
INFO:__main__:
Results : rmse=13.0485+/-4.1646, mae=6.8461+/-2.1741, r2=0.9775+/-0.0153, Coverage1=1.0000+/-0.0000, Coverage2=1.0000+/-0.0000, active=3.2500+/-0.8292
