INFO:__main__:Method cosso running...

INFO:__main__:Dataset pumadyn of dimension  = (1000, 8)
INFO:__main__:Number of components to be estimated=36 corresponding to 8 main effects and 28 interaction effects

INFO:__main__:Fold 0, rmse=3.2493, mae=2.5535, r2=0.6742, coverage mean +/- 2.std =0.0000, coverage equal tailed 0.9 interval = 0.0000 
INFO:__main__:Best results for M=7.742635830254585e-07 giving error=0.27731701731681824
INFO:__main__:Number of active components (giving 99% of the energy) is 6 out of 36

INFO:__main__:
Results over 1 folds : rmse=3.2493+/-0.0000, mae=2.5535+/-0.0000, r2=0.6742+/-0.0000, Coverage1=0.0000+/-0.0000, Coverage2=0.0000+/-0.0000
INFO:__main__:Fold 1, rmse=3.1137, mae=2.4547, r2=0.6564, coverage mean +/- 2.std =0.0000, coverage equal tailed 0.9 interval = 0.0000 
INFO:__main__:Best results for M=4.6415872930083424e-05 giving error=0.27541619539260864
INFO:__main__:Number of active components (giving 99% of the energy) is 13 out of 36

INFO:__main__:
Results over 2 folds : rmse=3.1815+/-0.0678, mae=2.5041+/-0.0494, r2=0.6653+/-0.0089, Coverage1=0.0000+/-0.0000, Coverage2=0.0000+/-0.0000
INFO:__main__:Fold 2, rmse=3.5327, mae=2.6829, r2=0.5723, coverage mean +/- 2.std =0.0000, coverage equal tailed 0.9 interval = 0.0000 
INFO:__main__:Best results for M=5.994841103529325e-06 giving error=0.2586863934993744
INFO:__main__:Number of active components (giving 99% of the energy) is 8 out of 36

INFO:__main__:
Results over 3 folds : rmse=3.2986+/-0.1745, mae=2.5637+/-0.0935, r2=0.6343+/-0.0444, Coverage1=0.0000+/-0.0000, Coverage2=0.0000+/-0.0000
INFO:__main__:Fold 3, rmse=3.0334, mae=2.4060, r2=0.6796, coverage mean +/- 2.std =0.0000, coverage equal tailed 0.9 interval = 0.0000 
INFO:__main__:Best results for M=1.0000000116860974e-07 giving error=0.277561753988266
INFO:__main__:Number of active components (giving 99% of the energy) is 11 out of 36

INFO:__main__:
Results over 4 folds : rmse=3.2323+/-0.1898, mae=2.5243+/-0.1059, r2=0.6456+/-0.0432, Coverage1=0.0000+/-0.0000, Coverage2=0.0000+/-0.0000
INFO:__main__:Fold 4, rmse=3.1374, mae=2.4874, r2=0.7073, coverage mean +/- 2.std =0.0000, coverage equal tailed 0.9 interval = 0.0000 
INFO:__main__:Best results for M=4.6415872930083424e-05 giving error=0.2762380838394165
INFO:__main__:Number of active components (giving 99% of the energy) is 9 out of 36

INFO:__main__:
Results over 5 folds : rmse=3.2133+/-0.1740, mae=2.5169+/-0.0959, r2=0.6580+/-0.0458, Coverage1=0.0000+/-0.0000, Coverage2=0.0000+/-0.0000
INFO:__main__:
Results : rmse=3.2133+/-0.1740, mae=2.5169+/-0.0959, r2=0.6580+/-0.0458, Coverage1=0.0000+/-0.0000, Coverage2=0.0000+/-0.0000, active=9.4000+/-2.4166
