INFO:__main__:Dataset of dimension  = (166, 4)
INFO:__main__:Number of components to be estimated=10 corresponding to 4 main effects and 6 interaction effects

INFO:__main__:Number of active components  is 7 out of 10

INFO:__main__:Dataset 0, rmse=2.2456, mae=1.5368, r2=-0.7618
INFO:__main__:
Results over 1 datasets : rmse=2.2456+/-0.0000, mae=1.5368+/-0.0000,r2=-0.7618+/-0.0000
INFO:__main__:Number of active components  is 7.0000+/-0.0000 out of 10

INFO:__main__:Number of active components  is 6 out of 10

INFO:__main__:Dataset 1, rmse=1.8842, mae=1.3977, r2=-1.0128
INFO:__main__:
Results over 2 datasets : rmse=2.0649+/-0.1807, mae=1.4672+/-0.0695,r2=-0.8873+/-0.1255
INFO:__main__:Number of active components  is 6.5000+/-0.5000 out of 10

INFO:__main__:Number of active components  is 7 out of 10

INFO:__main__:Dataset 2, rmse=2.3060, mae=1.6193, r2=-0.6522
INFO:__main__:
Results over 3 datasets : rmse=2.1453+/-0.1862, mae=1.5179+/-0.0915,r2=-0.8090+/-0.1509
INFO:__main__:Number of active components  is 6.6667+/-0.4714 out of 10

INFO:__main__:Number of active components  is 7 out of 10

INFO:__main__:Dataset 3, rmse=1.8422, mae=1.3302, r2=-0.9260
INFO:__main__:
Results over 4 datasets : rmse=2.0695+/-0.2079, mae=1.4710+/-0.1135,r2=-0.8382+/-0.1402
INFO:__main__:Number of active components  is 6.7500+/-0.4330 out of 10

INFO:__main__:Number of active components  is 7 out of 10

INFO:__main__:Dataset 4, rmse=2.1434, mae=1.6665, r2=-0.9169
INFO:__main__:
Results over 5 datasets : rmse=2.0843+/-0.1883, mae=1.5101+/-0.1281,r2=-0.8540+/-0.1293
INFO:__main__:Number of active components  is 6.8000+/-0.4000 out of 10

INFO:__main__:Dataset of dimension  = (166, 4)
INFO:__main__:Number of components to be estimated=10 corresponding to 4 main effects and 6 interaction effects

INFO:__main__:Number of active components  is 7 out of 10

INFO:__main__:Dataset 0, rmse=2.2456, mae=1.5368, r2=-0.7618
INFO:__main__:
Results over 1 datasets : rmse=2.2456+/-0.0000, mae=1.5368+/-0.0000,r2=-0.7618+/-0.0000
INFO:__main__:Number of active components  is 7.0000+/-0.0000 out of 10

INFO:__main__:Number of active components  is 6 out of 10

INFO:__main__:Dataset 1, rmse=1.8842, mae=1.3977, r2=-1.0128
INFO:__main__:
Results over 2 datasets : rmse=2.0649+/-0.1807, mae=1.4672+/-0.0695,r2=-0.8873+/-0.1255
INFO:__main__:Number of active components  is 6.5000+/-0.5000 out of 10

INFO:__main__:Number of active components  is 7 out of 10

INFO:__main__:Dataset 2, rmse=2.3060, mae=1.6193, r2=-0.6522
INFO:__main__:
Results over 3 datasets : rmse=2.1453+/-0.1862, mae=1.5179+/-0.0915,r2=-0.8090+/-0.1509
INFO:__main__:Number of active components  is 6.6667+/-0.4714 out of 10

INFO:__main__:Number of active components  is 7 out of 10

INFO:__main__:Dataset 3, rmse=1.8422, mae=1.3302, r2=-0.9260
INFO:__main__:
Results over 4 datasets : rmse=2.0695+/-0.2079, mae=1.4710+/-0.1135,r2=-0.8382+/-0.1402
INFO:__main__:Number of active components  is 6.7500+/-0.4330 out of 10

INFO:__main__:Number of active components  is 7 out of 10

INFO:__main__:Dataset 4, rmse=2.1434, mae=1.6665, r2=-0.9169
INFO:__main__:
Results over 5 datasets : rmse=2.0843+/-0.1883, mae=1.5101+/-0.1281,r2=-0.8540+/-0.1293
INFO:__main__:Number of active components  is 6.8000+/-0.4000 out of 10

INFO:__main__:Dataset of dimension  = (166, 4)
INFO:__main__:Number of components to be estimated=10 corresponding to 4 main effects and 6 interaction effects

INFO:__main__:Number of active components  is 7 out of 10

INFO:__main__:Dataset 0, rmse=2.2456, mae=1.5368, r2=-0.7618
INFO:__main__:
Results over 1 datasets : rmse=2.2456+/-0.0000, mae=1.5368+/-0.0000,r2=-0.7618+/-0.0000
INFO:__main__:Number of active components  is 7.0000+/-0.0000 out of 10

INFO:__main__:Number of active components  is 7 out of 10

INFO:__main__:Dataset 1, rmse=1.8721, mae=1.3730, r2=-0.9869
INFO:__main__:
Results over 2 datasets : rmse=2.0588+/-0.1868, mae=1.4549+/-0.0819,r2=-0.8744+/-0.1126
INFO:__main__:Number of active components  is 7.0000+/-0.0000 out of 10

INFO:__main__:Number of active components  is 7 out of 10

INFO:__main__:Dataset 2, rmse=2.3060, mae=1.6193, r2=-0.6522
INFO:__main__:
Results over 3 datasets : rmse=2.1412+/-0.1919, mae=1.5097+/-0.1024,r2=-0.8003+/-0.1393
INFO:__main__:Number of active components  is 7.0000+/-0.0000 out of 10

INFO:__main__:Number of active components  is 7 out of 10

INFO:__main__:Dataset 3, rmse=1.8422, mae=1.3302, r2=-0.9260
INFO:__main__:
Results over 4 datasets : rmse=2.0665+/-0.2107, mae=1.4648+/-0.1179,r2=-0.8318+/-0.1324
INFO:__main__:Number of active components  is 7.0000+/-0.0000 out of 10

INFO:__main__:Number of active components  is 7 out of 10

INFO:__main__:Dataset 4, rmse=2.1434, mae=1.6665, r2=-0.9169
INFO:__main__:
Results over 5 datasets : rmse=2.0818+/-0.1909, mae=1.5052+/-0.1328,r2=-0.8488+/-0.1232
INFO:__main__:Number of active components  is 7.0000+/-0.0000 out of 10

INFO:__main__:Dataset of dimension  = (1000, 8)
INFO:__main__:Number of components to be estimated=36 corresponding to 8 main effects and 28 interaction effects

INFO:__main__:Number of active components  is 11 out of 36

INFO:__main__:Dataset 0, rmse=6.8582, mae=5.5547, r2=-0.7647
INFO:__main__:
Results over 1 datasets : rmse=6.8582+/-0.0000, mae=5.5547+/-0.0000,r2=-0.7647+/-0.0000
INFO:__main__:Number of active components  is 11.0000+/-0.0000 out of 36

INFO:__main__:Number of active components  is 14 out of 36

INFO:__main__:Dataset 1, rmse=7.4776, mae=6.0895, r2=-0.7161
INFO:__main__:
Results over 2 datasets : rmse=7.1679+/-0.3097, mae=5.8221+/-0.2674,r2=-0.7404+/-0.0243
INFO:__main__:Number of active components  is 12.5000+/-1.5000 out of 36

INFO:__main__:Number of active components  is 10 out of 36

INFO:__main__:Dataset 2, rmse=7.3377, mae=5.9687, r2=-0.8005
INFO:__main__:
Results over 3 datasets : rmse=7.2245+/-0.2652, mae=5.8710+/-0.2290,r2=-0.7604+/-0.0346
INFO:__main__:Number of active components  is 11.6667+/-1.6997 out of 36

INFO:__main__:Dataset of dimension  = (1000, 8)
INFO:__main__:Number of components to be estimated=36 corresponding to 8 main effects and 28 interaction effects

INFO:__main__:Number of active components  is 12 out of 36

INFO:__main__:Dataset 0, rmse=3.4138, mae=2.5848, r2=0.5628
INFO:__main__:
Results over 1 datasets : rmse=3.4138+/-0.0000, mae=2.5848+/-0.0000,r2=0.5628+/-0.0000
INFO:__main__:Number of active components  is 12.0000+/-0.0000 out of 36

INFO:__main__:Number of active components  is 15 out of 36

INFO:__main__:Dataset 1, rmse=3.1539, mae=2.4867, r2=0.6947
INFO:__main__:
Results over 2 datasets : rmse=3.2838+/-0.1299, mae=2.5357+/-0.0490,r2=0.6287+/-0.0660
INFO:__main__:Number of active components  is 13.5000+/-1.5000 out of 36

INFO:__main__:Number of active components  is 10 out of 36

INFO:__main__:Dataset 2, rmse=3.5222, mae=2.6663, r2=0.5851
INFO:__main__:
Results over 3 datasets : rmse=3.3633+/-0.1545, mae=2.5793+/-0.0734,r2=0.6142+/-0.0577
INFO:__main__:Number of active components  is 12.3333+/-2.0548 out of 36

INFO:__main__:Number of active components  is 14 out of 36

INFO:__main__:Dataset 3, rmse=3.5888, mae=2.8380, r2=0.5510
INFO:__main__:
Results over 4 datasets : rmse=3.4197+/-0.1657, mae=2.6440+/-0.1288,r2=0.5984+/-0.0569
INFO:__main__:Number of active components  is 12.7500+/-1.9203 out of 36

INFO:__main__:Number of active components  is 17 out of 36

INFO:__main__:Dataset 4, rmse=3.4137, mae=2.7107, r2=0.6613
INFO:__main__:
Results over 5 datasets : rmse=3.4185+/-0.1482, mae=2.6573+/-0.1183,r2=0.6110+/-0.0568
INFO:__main__:Number of active components  is 13.6000+/-2.4166 out of 36

INFO:__main__:Dataset of dimension  = (1000, 8)
INFO:__main__:Number of components to be estimated=36 corresponding to 8 main effects and 28 interaction effects

INFO:__main__:Number of active components  is 11 out of 36

INFO:__main__:Dataset 0, rmse=3.3489, mae=2.5548, r2=0.5792
INFO:__main__:
Results over 1 datasets : rmse=3.3489+/-0.0000, mae=2.5548+/-0.0000,r2=0.5792+/-0.0000
INFO:__main__:Number of active components  is 11.0000+/-0.0000 out of 36

INFO:__main__:Number of active components  is 14 out of 36

INFO:__main__:Dataset 1, rmse=3.1647, mae=2.4644, r2=0.6926
INFO:__main__:
Results over 2 datasets : rmse=3.2568+/-0.0921, mae=2.5096+/-0.0452,r2=0.6359+/-0.0567
INFO:__main__:Number of active components  is 12.5000+/-1.5000 out of 36

INFO:__main__:Number of active components  is 10 out of 36

INFO:__main__:Dataset 2, rmse=3.4913, mae=2.5839, r2=0.5924
INFO:__main__:
Results over 3 datasets : rmse=3.3349+/-0.1337, mae=2.5343+/-0.0509,r2=0.6214+/-0.0506
INFO:__main__:Number of active components  is 11.6667+/-1.6997 out of 36

INFO:__main__:Number of active components  is 15 out of 36

INFO:__main__:Dataset 3, rmse=3.5817, mae=2.8224, r2=0.5528
INFO:__main__:
Results over 4 datasets : rmse=3.3966+/-0.1575, mae=2.6064+/-0.1323,r2=0.6043+/-0.0530
INFO:__main__:Number of active components  is 12.5000+/-2.0616 out of 36

INFO:__main__:Number of active components  is 17 out of 36

INFO:__main__:Dataset 4, rmse=3.3860, mae=2.7195, r2=0.6668
INFO:__main__:
Results over 5 datasets : rmse=3.3945+/-0.1410, mae=2.6290+/-0.1267,r2=0.6168+/-0.0536
INFO:__main__:Number of active components  is 13.4000+/-2.5768 out of 36

