INFO:__main__:Method cosso running...

INFO:__main__:Dataset stock of dimension  = (536, 8)
INFO:__main__:Number of components to be estimated=36 corresponding to 8 main effects and 28 interaction effects

INFO:__main__:Fold 0, rmse=0.0055, mae=0.0041, r2=0.7094, coverage mean +/- 2.std =0.0000, coverage equal tailed 0.9 interval = 0.0000 
INFO:__main__:Best results for M=5.994841103529325e-06 giving error=0.16250237822532654
INFO:__main__:Number of active components (giving 99% of the energy) is 16 out of 36

INFO:__main__:
Results over 1 folds : rmse=0.0055+/-0.0000, mae=0.0041+/-0.0000, r2=0.7094+/-0.0000, Coverage1=0.0000+/-0.0000, Coverage2=0.0000+/-0.0000
INFO:__main__:Fold 1, rmse=0.0052, mae=0.0040, r2=0.7597, coverage mean +/- 2.std =0.0000, coverage equal tailed 0.9 interval = 0.0000 
INFO:__main__:Best results for M=7.742635830254585e-07 giving error=0.14829358458518982
INFO:__main__:Number of active components (giving 99% of the energy) is 15 out of 36

INFO:__main__:
Results over 2 folds : rmse=0.0053+/-0.0001, mae=0.0041+/-0.0001, r2=0.7345+/-0.0251, Coverage1=0.0000+/-0.0000, Coverage2=0.0000+/-0.0000
INFO:__main__:Fold 2, rmse=0.0051, mae=0.0039, r2=0.6831, coverage mean +/- 2.std =0.0000, coverage equal tailed 0.9 interval = 0.0000 
INFO:__main__:Best results for M=7.742635830254585e-07 giving error=0.13594649732112885
INFO:__main__:Number of active components (giving 99% of the energy) is 16 out of 36

INFO:__main__:
Results over 3 folds : rmse=0.0053+/-0.0001, mae=0.0040+/-0.0001, r2=0.7174+/-0.0318, Coverage1=0.0000+/-0.0000, Coverage2=0.0000+/-0.0000
INFO:__main__:Fold 3, rmse=0.0055, mae=0.0039, r2=0.7818, coverage mean +/- 2.std =0.0000, coverage equal tailed 0.9 interval = 0.0000 
INFO:__main__:Best results for M=1.0000000116860974e-07 giving error=0.16684453189373016
INFO:__main__:Number of active components (giving 99% of the energy) is 16 out of 36

INFO:__main__:
Results over 4 folds : rmse=0.0053+/-0.0001, mae=0.0040+/-0.0001, r2=0.7335+/-0.0392, Coverage1=0.0000+/-0.0000, Coverage2=0.0000+/-0.0000
INFO:__main__:Fold 4, rmse=0.0053, mae=0.0041, r2=0.7367, coverage mean +/- 2.std =0.0000, coverage equal tailed 0.9 interval = 0.0000 
INFO:__main__:Best results for M=7.742635830254585e-07 giving error=0.1423894464969635
INFO:__main__:Number of active components (giving 99% of the energy) is 14 out of 36

INFO:__main__:
Results over 5 folds : rmse=0.0053+/-0.0001, mae=0.0040+/-0.0001, r2=0.7341+/-0.0351, Coverage1=0.0000+/-0.0000, Coverage2=0.0000+/-0.0000
INFO:__main__:
Results : rmse=0.0053+/-0.0001, mae=0.0040+/-0.0001, r2=0.7341+/-0.0351, Coverage1=0.0000+/-0.0000, Coverage2=0.0000+/-0.0000, active=15.4000+/-0.8000
