INFO:__main__:Dataset of dimension  = (100, 55)
INFO:__main__:Number of components to be estimated=55 main effects

INFO:__main__:Number of components to be estimated=1540 corresponding to 55 main effects and 1485 interaction effects

INFO:__main__:Some issue
INFO:__main__:Number of active components  is 2 out of 55

INFO:__main__:Dataset 1, rmse=2.0939, mae=1.7316, r2=0.6322
INFO:__main__:Some issue
INFO:__main__:Some issue
INFO:__main__:Some issue
INFO:__main__:Number of active components  is 3 out of 55

INFO:__main__:Dataset 4, rmse=2.5572, mae=2.1529, r2=0.5292
INFO:__main__:Some issue
INFO:__main__:Some issue
INFO:__main__:Some issue
INFO:__main__:Some issue
INFO:__main__:Some issue
INFO:__main__:Some issue
INFO:__main__:Dataset of dimension  = (100, 55)
INFO:__main__:Number of components to be estimated=55 main effects

INFO:__main__:Number of components to be estimated=1540 corresponding to 55 main effects and 1485 interaction effects

INFO:__main__:Number of active components  is 2 out of 55

INFO:__main__:Dataset 0, rmse=2.6354, mae=2.1585, r2=0.6520
INFO:__main__:TP: 2.00000, TN : 51.00000, FP : 0.00000, FN : 2.00000

INFO:__main__:
Results over 0 datasets : rmse=2.6354+/-0.0000, mae=2.1585+/-0.0000,r2=0.6520+/-0.0000,TP=2.0000+/-0.0000,TN=51.0000+/-0.0000, FP=0.0000+/-0.0000,FN=2.0000+/-0.0000
INFO:__main__:Some issue with dataset 1
INFO:__main__:Some issue with dataset 2
INFO:__main__:Some issue with dataset 3
INFO:__main__:Some issue with dataset 4
INFO:__main__:Some issue with dataset 5
INFO:__main__:Some issue with dataset 6
