INFO:__main__:Method cosso running...

INFO:__main__:Dataset concrete of dimension  = (1000, 8)
INFO:__main__:Number of components to be estimated=36 corresponding to 8 main effects and 28 interaction effects

INFO:__main__:Fold 0, rmse=7.7114, mae=6.0067, r2=0.7869, coverage mean +/- 2.std =0.0000, coverage equal tailed 0.9 interval = 0.0000 
INFO:__main__:Best results for M=5.994841103529325e-06 giving error=0.17986711859703064
INFO:__main__:Number of active components (giving 99% of the energy) is 14 out of 36

INFO:__main__:
Results over 1 folds : rmse=7.7114+/-0.0000, mae=6.0067+/-0.0000, r2=0.7869+/-0.0000, Coverage1=0.0000+/-0.0000, Coverage2=0.0000+/-0.0000
INFO:__main__:Fold 1, rmse=7.2943, mae=5.8955, r2=0.8063, coverage mean +/- 2.std =0.0000, coverage equal tailed 0.9 interval = 0.0000 
INFO:__main__:Best results for M=1.0000000116860974e-07 giving error=0.18052229285240173
INFO:__main__:Number of active components (giving 99% of the energy) is 12 out of 36

INFO:__main__:
Results over 2 folds : rmse=7.5029+/-0.2085, mae=5.9511+/-0.0556, r2=0.7966+/-0.0097, Coverage1=0.0000+/-0.0000, Coverage2=0.0000+/-0.0000
INFO:__main__:Fold 2, rmse=7.0736, mae=5.4090, r2=0.8357, coverage mean +/- 2.std =0.0000, coverage equal tailed 0.9 interval = 0.0000 
INFO:__main__:Best results for M=0.02154434286057949 giving error=0.19283175468444824
INFO:__main__:Number of active components (giving 99% of the energy) is 6 out of 36

INFO:__main__:
Results over 3 folds : rmse=7.3598+/-0.2645, mae=5.7704+/-0.2596, r2=0.8096+/-0.0201, Coverage1=0.0000+/-0.0000, Coverage2=0.0000+/-0.0000
INFO:__main__:Fold 3, rmse=7.0220, mae=5.5433, r2=0.8152, coverage mean +/- 2.std =0.0000, coverage equal tailed 0.9 interval = 0.0000 
INFO:__main__:Best results for M=0.0027825592551380396 giving error=0.18047718703746796
INFO:__main__:Number of active components (giving 99% of the energy) is 9 out of 36

INFO:__main__:
Results over 4 folds : rmse=7.2754+/-0.2718, mae=5.7136+/-0.2454, r2=0.8110+/-0.0175, Coverage1=0.0000+/-0.0000, Coverage2=0.0000+/-0.0000
INFO:__main__:Fold 4, rmse=8.0370, mae=6.2073, r2=0.7702, coverage mean +/- 2.std =0.0000, coverage equal tailed 0.9 interval = 0.0000 
INFO:__main__:Best results for M=1.0000000116860974e-07 giving error=0.18063189089298248
INFO:__main__:Number of active components (giving 99% of the energy) is 14 out of 36

INFO:__main__:
Results over 5 folds : rmse=7.4277+/-0.3897, mae=5.8123+/-0.2952, r2=0.8028+/-0.0226, Coverage1=0.0000+/-0.0000, Coverage2=0.0000+/-0.0000
INFO:__main__:
Results : rmse=7.4277+/-0.3897, mae=5.8123+/-0.2952, r2=0.8028+/-0.0226, Coverage1=0.0000+/-0.0000, Coverage2=0.0000+/-0.0000, active=11.0000+/-3.0984
