INFO:__main__:Method lgbayescos_opt running...

INFO:__main__:Dataset concrete of dimension  = (1000, 8)
INFO:__main__:Number of components to be estimated=36 corresponding to 8 main effects and 28 interaction effects

INFO:__main__:Method lgbayescos_opt running...

INFO:__main__:Dataset concrete of dimension  = (1000, 8)
INFO:__main__:Number of components to be estimated=36 corresponding to 8 main effects and 28 interaction effects

INFO:__main__:Fold 0, rmse=4.1370, mae=2.7475, r2=0.9387, coverage mean +/- 2.std =0.9450, coverage equal tailed 0.9 interval = 0.9450 
INFO:__main__:Number of active components (giving 99% of the energy) is 19 out of 36

INFO:__main__:
Results over 1 folds : rmse=4.1370+/-0.0000, mae=2.7475+/-0.0000, r2=0.9387+/-0.0000, Coverage1=0.9450+/-0.0000, Coverage2=0.9450+/-0.0000
INFO:__main__:Fold 1, rmse=3.8735, mae=2.6189, r2=0.9454, coverage mean +/- 2.std =0.9350, coverage equal tailed 0.9 interval = 0.9350 
INFO:__main__:Number of active components (giving 99% of the energy) is 16 out of 36

INFO:__main__:
Results over 2 folds : rmse=4.0053+/-0.1317, mae=2.6832+/-0.0643, r2=0.9420+/-0.0034, Coverage1=0.9400+/-0.0050, Coverage2=0.9400+/-0.0050
INFO:__main__:Fold 2, rmse=4.5373, mae=3.0755, r2=0.9324, coverage mean +/- 2.std =0.9350, coverage equal tailed 0.9 interval = 0.9350 
INFO:__main__:Number of active components (giving 99% of the energy) is 18 out of 36

INFO:__main__:
Results over 3 folds : rmse=4.1826+/-0.2729, mae=2.8140+/-0.1922, r2=0.9388+/-0.0053, Coverage1=0.9383+/-0.0047, Coverage2=0.9383+/-0.0047
INFO:__main__:Fold 3, rmse=3.7876, mae=2.6537, r2=0.9462, coverage mean +/- 2.std =0.9700, coverage equal tailed 0.9 interval = 0.9700 
INFO:__main__:Number of active components (giving 99% of the energy) is 17 out of 36

INFO:__main__:
Results over 4 folds : rmse=4.0838+/-0.2917, mae=2.7739+/-0.1804, r2=0.9407+/-0.0056, Coverage1=0.9463+/-0.0143, Coverage2=0.9463+/-0.0143
INFO:__main__:Fold 4, rmse=4.4330, mae=3.0748, r2=0.9301, coverage mean +/- 2.std =0.9300, coverage equal tailed 0.9 interval = 0.9300 
INFO:__main__:Number of active components (giving 99% of the energy) is 15 out of 36

INFO:__main__:
Results over 5 folds : rmse=4.1537+/-0.2960, mae=2.8341+/-0.2013, r2=0.9385+/-0.0066, Coverage1=0.9430+/-0.0144, Coverage2=0.9430+/-0.0144
INFO:__main__:
Results : rmse=4.1537+/-0.2960, mae=2.8341+/-0.2013, r2=0.9385+/-0.0066, Coverage1=0.9430+/-0.0144, Coverage2=0.9430+/-0.0144, active=17.0000+/-1.4142
