INFO:__main__:Method cosso running...

INFO:__main__:Dataset of dimension  = (100, 10)
INFO:__main__:Number of components to be estimated=55 corresponding to 10 main effects and 45 interaction effects

INFO:__main__:Dataset 0, rmse=2.3584, mae=1.9135, r2=0.6726, coverage mean +/- 2.std =0.0000, coverage equal tailed 0.9 interval = 0.0000 
INFO:__main__:Best results for M=0.03053855523467064 giving error=3.778552770614624
INFO:__main__:Number of active components (giving 99% of the energy) is 27 out of 55

INFO:__main__:TP: 6.00000, TN : 27.00000, FP : 21.00000, FN : 1.00000

INFO:__main__:
Results over 0 datasets : rmse=2.3584+/-0.0000, mae=1.9135+/-0.0000,                  r2=0.6726+/-0.0000, Coverage1=0.0000+/-0.0000,                      Coverage2=0.0000+/-0.0000,                      TP=6.0000+/-0.0000, TN=27.0000+/-0.0000,                           FP=21.0000+/-0.0000, FN=1.0000+/-0.0000
INFO:__main__:Dataset 1, rmse=2.5439, mae=2.0575, r2=0.6074, coverage mean +/- 2.std =0.0000, coverage equal tailed 0.9 interval = 0.0000 
INFO:__main__:Best results for M=5.722370769944973e-05 giving error=2.8632781505584717
INFO:__main__:Number of active components (giving 99% of the energy) is 41 out of 55

INFO:__main__:TP: 7.00000, TN : 14.00000, FP : 34.00000, FN : 0.00000

INFO:__main__:
Results over 1 datasets : rmse=2.4512+/-0.0927, mae=1.9855+/-0.0720,                  r2=0.6400+/-0.0326, Coverage1=0.0000+/-0.0000,                      Coverage2=0.0000+/-0.0000,                      TP=6.5000+/-0.5000, TN=20.5000+/-6.5000,                           FP=27.5000+/-6.5000, FN=0.5000+/-0.5000
INFO:__main__:Dataset 2, rmse=3.0922, mae=2.4098, r2=0.4557, coverage mean +/- 2.std =0.0000, coverage equal tailed 0.9 interval = 0.0000 
INFO:__main__:Best results for M=0.00011497568630147725 giving error=2.4981417655944824
INFO:__main__:Number of active components (giving 99% of the energy) is 41 out of 55

INFO:__main__:TP: 6.00000, TN : 13.00000, FP : 35.00000, FN : 1.00000

INFO:__main__:
Results over 2 datasets : rmse=2.6648+/-0.3115, mae=2.1269+/-0.2085,                  r2=0.5785+/-0.0909, Coverage1=0.0000+/-0.0000,                      Coverage2=0.0000+/-0.0000,                      TP=6.3333+/-0.4714, TN=18.0000+/-6.3770,                           FP=30.0000+/-6.3770, FN=0.6667+/-0.4714
INFO:__main__:Dataset 3, rmse=2.5847, mae=2.1638, r2=0.5982, coverage mean +/- 2.std =0.0000, coverage equal tailed 0.9 interval = 0.0000 
INFO:__main__:Best results for M=8.111309957037349e-10 giving error=4.143921852111816
INFO:__main__:Number of active components (giving 99% of the energy) is 45 out of 55

INFO:__main__:TP: 7.00000, TN : 10.00000, FP : 38.00000, FN : 0.00000

INFO:__main__:
Results over 3 datasets : rmse=2.6448+/-0.2720, mae=2.1362+/-0.1812,                  r2=0.5834+/-0.0792, Coverage1=0.0000+/-0.0000,                      Coverage2=0.0000+/-0.0000,                      TP=6.5000+/-0.5000, TN=16.0000+/-6.5192,                           FP=32.0000+/-6.5192, FN=0.5000+/-0.5000
INFO:__main__:Dataset 4, rmse=2.9310, mae=2.2700, r2=0.5423, coverage mean +/- 2.std =0.0000, coverage equal tailed 0.9 interval = 0.0000 
INFO:__main__:Best results for M=2.0092316699305002e-10 giving error=3.53444766998291
INFO:__main__:Number of active components (giving 99% of the energy) is 40 out of 55

INFO:__main__:TP: 7.00000, TN : 15.00000, FP : 33.00000, FN : 0.00000

INFO:__main__:
Results over 4 datasets : rmse=2.7020+/-0.2689, mae=2.1629+/-0.1707,                  r2=0.5752+/-0.0727, Coverage1=0.0000+/-0.0000,                      Coverage2=0.0000+/-0.0000,                      TP=6.6000+/-0.4899, TN=15.8000+/-5.8447,                           FP=32.2000+/-5.8447, FN=0.4000+/-0.4899
INFO:__main__:Dataset 5, rmse=2.5938, mae=2.1297, r2=0.6635, coverage mean +/- 2.std =0.0000, coverage equal tailed 0.9 interval = 0.0000 
INFO:__main__:Best results for M=3.2745455236238286e-09 giving error=4.849710941314697
INFO:__main__:Number of active components (giving 99% of the energy) is 41 out of 55

INFO:__main__:TP: 6.00000, TN : 13.00000, FP : 35.00000, FN : 1.00000

INFO:__main__:
Results over 5 datasets : rmse=2.6840+/-0.2487, mae=2.1574+/-0.1563,                  r2=0.5899+/-0.0741, Coverage1=0.0000+/-0.0000,                      Coverage2=0.0000+/-0.0000,                      TP=6.5000+/-0.5000, TN=15.3333+/-5.4365,                           FP=32.6667+/-5.4365, FN=0.5000+/-0.5000
INFO:__main__:Dataset 6, rmse=3.1301, mae=2.4035, r2=0.4661, coverage mean +/- 2.std =0.0000, coverage equal tailed 0.9 interval = 0.0000 
INFO:__main__:Best results for M=1.2328478078416083e-06 giving error=2.303546190261841
INFO:__main__:Number of active components (giving 99% of the energy) is 40 out of 55

INFO:__main__:TP: 7.00000, TN : 15.00000, FP : 33.00000, FN : 0.00000

INFO:__main__:
Results over 6 datasets : rmse=2.7477+/-0.2782, mae=2.1926+/-0.1684,                  r2=0.5723+/-0.0811, Coverage1=0.0000+/-0.0000,                      Coverage2=0.0000+/-0.0000,                      TP=6.5714+/-0.4949, TN=15.2857+/-5.0346,                           FP=32.7143+/-5.0346, FN=0.4286+/-0.4949
INFO:__main__:Dataset 7, rmse=2.8818, mae=2.4833, r2=0.5142, coverage mean +/- 2.std =0.0000, coverage equal tailed 0.9 interval = 0.0000 
INFO:__main__:Best results for M=1.000000013351432e-10 giving error=4.301662445068359
INFO:__main__:Number of active components (giving 99% of the energy) is 40 out of 55

INFO:__main__:TP: 7.00000, TN : 15.00000, FP : 33.00000, FN : 0.00000

INFO:__main__:
Results over 7 datasets : rmse=2.7645+/-0.2640, mae=2.2289+/-0.1846,                  r2=0.5650+/-0.0783, Coverage1=0.0000+/-0.0000,                      Coverage2=0.0000+/-0.0000,                      TP=6.6250+/-0.4841, TN=15.2500+/-4.7104,                           FP=32.7500+/-4.7104, FN=0.3750+/-0.4841
INFO:__main__:Dataset 8, rmse=2.7103, mae=2.2150, r2=0.6035, coverage mean +/- 2.std =0.0000, coverage equal tailed 0.9 interval = 0.0000 
INFO:__main__:Best results for M=0.00032745490898378193 giving error=3.6378748416900635
INFO:__main__:Number of active components (giving 99% of the energy) is 37 out of 55

INFO:__main__:TP: 7.00000, TN : 18.00000, FP : 30.00000, FN : 0.00000

INFO:__main__:
Results over 8 datasets : rmse=2.7585+/-0.2495, mae=2.2273+/-0.1741,                  r2=0.5693+/-0.0748, Coverage1=0.0000+/-0.0000,                      Coverage2=0.0000+/-0.0000,                      TP=6.6667+/-0.4714, TN=15.5556+/-4.5243,                           FP=32.4444+/-4.5243, FN=0.3333+/-0.4714
INFO:__main__:Dataset 9, rmse=2.6911, mae=2.1565, r2=0.6106, coverage mean +/- 2.std =0.0000, coverage equal tailed 0.9 interval = 0.0000 
INFO:__main__:Best results for M=1.4174752323015127e-05 giving error=2.8446199893951416
INFO:__main__:Number of active components (giving 99% of the energy) is 42 out of 55

INFO:__main__:TP: 7.00000, TN : 13.00000, FP : 35.00000, FN : 0.00000

INFO:__main__:
Results over 9 datasets : rmse=2.7517+/-0.2375, mae=2.2203+/-0.1665,                  r2=0.5734+/-0.0720, Coverage1=0.0000+/-0.0000,                      Coverage2=0.0000+/-0.0000,                      TP=6.7000+/-0.4583, TN=15.3000+/-4.3600,                           FP=32.7000+/-4.3600, FN=0.3000+/-0.4583
