INFO:__main__:Method lgbayescos running...

INFO:__main__:Dataset demand of dimension  = (60, 12)
INFO:__main__:Number of components to be estimated=78 corresponding to 12 main effects and 66 interaction effects

INFO:__main__:Fold 0, rmse=10.1341, mae=4.5883, r2=0.9903, coverage mean +/- 2.std =1.0000, coverage equal tailed 0.9 interval = 1.0000 
INFO:__main__:Number of active components (giving 99% of the energy) is 4 out of 78

INFO:__main__:
Results over 1 folds : rmse=10.1341+/-0.0000, mae=4.5883+/-0.0000, r2=0.9903+/-0.0000, Coverage1=1.0000+/-0.0000, Coverage2=1.0000+/-0.0000
INFO:__main__:Fold 1, rmse=12.2607, mae=7.2774, r2=0.9818, coverage mean +/- 2.std =1.0000, coverage equal tailed 0.9 interval = 1.0000 
INFO:__main__:Number of active components (giving 99% of the energy) is 5 out of 78

INFO:__main__:
Results over 2 folds : rmse=11.1974+/-1.0633, mae=5.9328+/-1.3445, r2=0.9861+/-0.0042, Coverage1=1.0000+/-0.0000, Coverage2=1.0000+/-0.0000
INFO:__main__:Fold 2, rmse=16.5009, mae=7.2017, r2=0.9654, coverage mean +/- 2.std =1.0000, coverage equal tailed 0.9 interval = 1.0000 
INFO:__main__:Number of active components (giving 99% of the energy) is 5 out of 78

INFO:__main__:
Results over 3 folds : rmse=12.9652+/-2.6465, mae=6.3558+/-1.2502, r2=0.9792+/-0.0103, Coverage1=1.0000+/-0.0000, Coverage2=1.0000+/-0.0000
INFO:__main__:Fold 3, rmse=8.8267, mae=4.4955, r2=0.9886, coverage mean +/- 2.std =1.0000, coverage equal tailed 0.9 interval = 1.0000 
INFO:__main__:Number of active components (giving 99% of the energy) is 2 out of 78

INFO:__main__:
Results over 4 folds : rmse=11.9306+/-2.9094, mae=5.8907+/-1.3495, r2=0.9815+/-0.0098, Coverage1=1.0000+/-0.0000, Coverage2=1.0000+/-0.0000
INFO:__main__:Fold 4, rmse=12.2035, mae=5.7624, r2=0.9558, coverage mean +/- 2.std =0.9167, coverage equal tailed 0.9 interval = 0.9167 
INFO:__main__:Number of active components (giving 99% of the energy) is 4 out of 78

INFO:__main__:
Results over 5 folds : rmse=11.9852+/-2.6045, mae=5.8650+/-1.2081, r2=0.9764+/-0.0135, Coverage1=0.9833+/-0.0333, Coverage2=0.9833+/-0.0333
INFO:__main__:
Results : rmse=11.9852+/-2.6045, mae=5.8650+/-1.2081, r2=0.9764+/-0.0135, Coverage1=0.9833+/-0.0333, Coverage2=0.9833+/-0.0333, active=4.0000+/-1.0954
